;  Assembly code generated by mikroVirtualMachine - V. 5.0.0.3
;  Date/Time: 11/09/2020 11:43:22
;  Info: http://www.mikroe.com


; ADDRESS	OPCODE	ASM
; ----------------------------------------------
$0000	$29F4			GOTO	_main
$04F6	$	_mul_32x32_u:
$04F6	$1303			BCF	STATUS, RP1
$04F7	$1283			BCF	STATUS, RP0
;math.ppas,1570 :: 		
;math.ppas,1578 :: 		
$04F8	$3022			MOVLW	34
;math.ppas,1579 :: 		
$04F9	$00FC			MOVWF	STACK_12
;math.ppas,1580 :: 		
$04FA	$01F8			CLRF	STACK_8
;math.ppas,1581 :: 		
$04FB	$01F9			CLRF	STACK_9
;math.ppas,1582 :: 		
$04FC	$01FA			CLRF	STACK_10
;math.ppas,1584 :: 		
$04FD	$01FB			CLRF	STACK_11
;math.ppas,1588 :: 		
$04FE	$	_NEXT:
;math.ppas,1589 :: 		
$04FE	$03FC			DECF	STACK_12, F
;math.ppas,1590 :: 		
$04FF	$1903			BTFSC	STATUS, Z
;math.ppas,1591 :: 		
$0500	$2D2C			GOTO	_EXIT2
;math.ppas,1593 :: 		
$0501	$1003			BCF	STATUS, C
;math.ppas,1602 :: 		
$0502	$	_LOOP:
;math.ppas,1603 :: 		
$0502	$0CFB			RRF	STACK_11, F
;math.ppas,1604 :: 		
$0503	$0CFA			RRF	STACK_10, F
;math.ppas,1605 :: 		
$0504	$0CF9			RRF	STACK_9, F
;math.ppas,1606 :: 		
$0505	$0CF8			RRF	STACK_8, F
;math.ppas,1607 :: 		
$0506	$0CF3			RRF	STACK_3, F
;math.ppas,1608 :: 		
$0507	$0CF2			RRF	STACK_2, F
;math.ppas,1609 :: 		
$0508	$0CF1			RRF	STACK_1, F
;math.ppas,1614 :: 		
$0509	$0CF0			RRF	STACK_0, F
;math.ppas,1615 :: 		
$050A	$1C03			BTFSS	STATUS, C
;math.ppas,1616 :: 		
$050B	$2CFE			GOTO	_NEXT
;math.ppas,1617 :: 		
$050C	$03FC			DECF	STACK_12, F
;math.ppas,1618 :: 		
$050D	$1903			BTFSC	STATUS, Z
;math.ppas,1625 :: 		
$050E	$2D1E			GOTO	_EXIT1
;math.ppas,1626 :: 		
$050F	$0874			MOVF	STACK_4, W
;math.ppas,1627 :: 		
$0510	$07F8			ADDWF	STACK_8, F
;math.ppas,1628 :: 		
$0511	$0875			MOVF	STACK_5, W
;math.ppas,1629 :: 		
$0512	$1803			BTFSC	STATUS, C
;math.ppas,1630 :: 		
$0513	$0F75			INCFSZ	STACK_5, W
;math.ppas,1631 :: 		
$0514	$07F9			ADDWF	STACK_9, F
;math.ppas,1632 :: 		
$0515	$0876			MOVF	STACK_6, W
;math.ppas,1633 :: 		
$0516	$1803			BTFSC	STATUS, C
;math.ppas,1634 :: 		
$0517	$0F76			INCFSZ	STACK_6, W
;math.ppas,1635 :: 		
$0518	$07FA			ADDWF	STACK_10, F
;math.ppas,1636 :: 		
$0519	$0877			MOVF	STACK_7, W
;math.ppas,1637 :: 		
$051A	$1803			BTFSC	STATUS, C
;math.ppas,1638 :: 		
$051B	$0F77			INCFSZ	STACK_7, W
;math.ppas,1640 :: 		
$051C	$07FB			ADDWF	STACK_11, F
;math.ppas,1642 :: 		
$051D	$2D02			GOTO	_LOOP
;math.ppas,1647 :: 		
$051E	$	_EXIT1:
;math.ppas,1648 :: 		
$051E	$0874			MOVF	STACK_4, W
;math.ppas,1649 :: 		
$051F	$07F8			ADDWF	STACK_8, F
;math.ppas,1650 :: 		
$0520	$0875			MOVF	STACK_5, W
;math.ppas,1651 :: 		
$0521	$1803			BTFSC	STATUS, C
;math.ppas,1652 :: 		
$0522	$0F75			INCFSZ	STACK_5, W
;math.ppas,1653 :: 		
$0523	$07F9			ADDWF	STACK_9, F
;math.ppas,1654 :: 		
$0524	$0876			MOVF	STACK_6, W
;math.ppas,1655 :: 		
$0525	$1803			BTFSC	STATUS, C
;math.ppas,1656 :: 		
$0526	$0F76			INCFSZ	STACK_6, W
;math.ppas,1657 :: 		
$0527	$07FA			ADDWF	STACK_10, F
;math.ppas,1658 :: 		
$0528	$0877			MOVF	STACK_7, W
;math.ppas,1659 :: 		
$0529	$1803			BTFSC	STATUS, C
;math.ppas,1660 :: 		
$052A	$0F77			INCFSZ	STACK_7, W
;math.ppas,1663 :: 		
$052B	$07FB			ADDWF	STACK_11, F
;math.ppas,1664 :: 		
$052C	$	_EXIT2:
;math.ppas,1665 :: 		
$052C	$	math_L_13:
;math.ppas,1666 :: 		
$052C	$0008			RETURN
$0004	$	_sdiv3232l:
$0004	$1303			BCF	STATUS, RP1
$0005	$1283			BCF	STATUS, RP0
;math.ppas,539 :: 		
;math.ppas,541 :: 		
$0006	$0874			MOVF	STACK_4, W
;math.ppas,542 :: 		
$0007	$02F8			SUBWF	STACK_8, F
;math.ppas,543 :: 		
$0008	$0875			MOVF	STACK_5, W
;math.ppas,544 :: 		
$0009	$1C03			BTFSS	STATUS, C
;math.ppas,545 :: 		
$000A	$0F75			INCFSZ	STACK_5, W
;math.ppas,546 :: 		
$000B	$02F9			SUBWF	STACK_9, F
;math.ppas,547 :: 		
$000C	$0876			MOVF	STACK_6, W
;math.ppas,548 :: 		
$000D	$1C03			BTFSS	STATUS, C
;math.ppas,549 :: 		
$000E	$0F76			INCFSZ	STACK_6, W
;math.ppas,550 :: 		
$000F	$02FA			SUBWF	STACK_10, F
;math.ppas,551 :: 		
$0010	$0877			MOVF	STACK_7, W
;math.ppas,552 :: 		
$0011	$1C03			BTFSS	STATUS, C
;math.ppas,553 :: 		
$0012	$0F77			INCFSZ	STACK_7, W
;math.ppas,554 :: 		
$0013	$02FB			SUBWF	STACK_11, F
;math.ppas,556 :: 		
$0014	$0DF3			RLF	STACK_3, F
;math.ppas,557 :: 		
$0015	$3007			MOVLW	7
;math.ppas,559 :: 		
$0016	$00FC			MOVWF	STACK_12
;math.ppas,560 :: 		
$0017	$	LOOPS3232A:
;math.ppas,561 :: 		
$0017	$0D73			RLF	STACK_3, W
;math.ppas,562 :: 		
$0018	$0DF8			RLF	STACK_8, F
;math.ppas,563 :: 		
$0019	$0DF9			RLF	STACK_9, F
;math.ppas,564 :: 		
$001A	$0DFA			RLF	STACK_10, F
;math.ppas,565 :: 		
$001B	$0DFB			RLF	STACK_11, F
;math.ppas,566 :: 		
$001C	$0874			MOVF	STACK_4, W
;math.ppas,567 :: 		
$001D	$1C73			BTFSS	STACK_3, 0
;math.ppas,569 :: 		
$001E	$282D			GOTO	SADD22LA
;math.ppas,570 :: 		
$001F	$02F8			SUBWF	STACK_8, F
;math.ppas,571 :: 		
$0020	$0875			MOVF	STACK_5, W
;math.ppas,572 :: 		
$0021	$1C03			BTFSS	STATUS, C
;math.ppas,573 :: 		
$0022	$0F75			INCFSZ	STACK_5, W
;math.ppas,574 :: 		
$0023	$02F9			SUBWF	STACK_9, F
;math.ppas,575 :: 		
$0024	$0876			MOVF	STACK_6, W
;math.ppas,576 :: 		
$0025	$1C03			BTFSS	STATUS, C
;math.ppas,577 :: 		
$0026	$0F76			INCFSZ	STACK_6, W
;math.ppas,578 :: 		
$0027	$02FA			SUBWF	STACK_10, F
;math.ppas,579 :: 		
$0028	$0877			MOVF	STACK_7, W
;math.ppas,580 :: 		
$0029	$1C03			BTFSS	STATUS, C
;math.ppas,581 :: 		
$002A	$0F77			INCFSZ	STACK_7, W
;math.ppas,582 :: 		
$002B	$02FB			SUBWF	STACK_11, F
;math.ppas,584 :: 		
$002C	$283A			GOTO	SOK22LA
;math.ppas,585 :: 		
$002D	$	SADD22LA:
;math.ppas,586 :: 		
$002D	$07F8			ADDWF	STACK_8, F
;math.ppas,587 :: 		
$002E	$0875			MOVF	STACK_5, W
;math.ppas,588 :: 		
$002F	$1803			BTFSC	STATUS, C
;math.ppas,589 :: 		
$0030	$0F75			INCFSZ	STACK_5, W
;math.ppas,590 :: 		
$0031	$07F9			ADDWF	STACK_9, F
;math.ppas,591 :: 		
$0032	$0876			MOVF	STACK_6, W
;math.ppas,592 :: 		
$0033	$1803			BTFSC	STATUS, C
;math.ppas,593 :: 		
$0034	$0F76			INCFSZ	STACK_6, W
;math.ppas,594 :: 		
$0035	$07FA			ADDWF	STACK_10, F
;math.ppas,595 :: 		
$0036	$0877			MOVF	STACK_7, W
;math.ppas,596 :: 		
$0037	$1803			BTFSC	STATUS, C
;math.ppas,597 :: 		
$0038	$0F77			INCFSZ	STACK_7, W
;math.ppas,599 :: 		
$0039	$07FB			ADDWF	STACK_11, F
;math.ppas,600 :: 		
$003A	$	SOK22LA:
;math.ppas,602 :: 		
$003A	$0DF3			RLF	STACK_3, F
;math.ppas,603 :: 		
$003B	$0BFC			DECFSZ	STACK_12, F
;math.ppas,605 :: 		
$003C	$2817			GOTO	LOOPS3232A
;math.ppas,606 :: 		
$003D	$0D72			RLF	STACK_2, W
;math.ppas,607 :: 		
$003E	$0DF8			RLF	STACK_8, F
;math.ppas,608 :: 		
$003F	$0DF9			RLF	STACK_9, F
;math.ppas,609 :: 		
$0040	$0DFA			RLF	STACK_10, F
;math.ppas,610 :: 		
$0041	$0DFB			RLF	STACK_11, F
;math.ppas,611 :: 		
$0042	$0874			MOVF	STACK_4, W
;math.ppas,612 :: 		
$0043	$1C73			BTFSS	STACK_3, 0
;math.ppas,614 :: 		
$0044	$2853			GOTO	SADD22L8
;math.ppas,615 :: 		
$0045	$02F8			SUBWF	STACK_8, F
;math.ppas,616 :: 		
$0046	$0875			MOVF	STACK_5, W
;math.ppas,617 :: 		
$0047	$1C03			BTFSS	STATUS, C
;math.ppas,618 :: 		
$0048	$0F75			INCFSZ	STACK_5, W
;math.ppas,619 :: 		
$0049	$02F9			SUBWF	STACK_9, F
;math.ppas,620 :: 		
$004A	$0876			MOVF	STACK_6, W
;math.ppas,621 :: 		
$004B	$1C03			BTFSS	STATUS, C
;math.ppas,622 :: 		
$004C	$0F76			INCFSZ	STACK_6, W
;math.ppas,623 :: 		
$004D	$02FA			SUBWF	STACK_10, F
;math.ppas,624 :: 		
$004E	$0877			MOVF	STACK_7, W
;math.ppas,625 :: 		
$004F	$1C03			BTFSS	STATUS, C
;math.ppas,626 :: 		
$0050	$0F77			INCFSZ	STACK_7, W
;math.ppas,627 :: 		
$0051	$02FB			SUBWF	STACK_11, F
;math.ppas,629 :: 		
$0052	$2860			GOTO	SOK22L8
;math.ppas,630 :: 		
$0053	$	SADD22L8:
;math.ppas,631 :: 		
$0053	$07F8			ADDWF	STACK_8, F
;math.ppas,632 :: 		
$0054	$0875			MOVF	STACK_5, W
;math.ppas,633 :: 		
$0055	$1803			BTFSC	STATUS, C
;math.ppas,634 :: 		
$0056	$0F75			INCFSZ	STACK_5, W
;math.ppas,635 :: 		
$0057	$07F9			ADDWF	STACK_9, F
;math.ppas,636 :: 		
$0058	$0876			MOVF	STACK_6, W
;math.ppas,637 :: 		
$0059	$1803			BTFSC	STATUS, C
;math.ppas,638 :: 		
$005A	$0F76			INCFSZ	STACK_6, W
;math.ppas,639 :: 		
$005B	$07FA			ADDWF	STACK_10, F
;math.ppas,640 :: 		
$005C	$0877			MOVF	STACK_7, W
;math.ppas,641 :: 		
$005D	$1803			BTFSC	STATUS, C
;math.ppas,642 :: 		
$005E	$0F77			INCFSZ	STACK_7, W
;math.ppas,644 :: 		
$005F	$07FB			ADDWF	STACK_11, F
;math.ppas,645 :: 		
$0060	$	SOK22L8:
;math.ppas,647 :: 		
$0060	$0DF2			RLF	STACK_2, F
;math.ppas,648 :: 		
$0061	$3007			MOVLW	7
;math.ppas,650 :: 		
$0062	$00FC			MOVWF	STACK_12
;math.ppas,651 :: 		
$0063	$	LOOPS3232B:
;math.ppas,652 :: 		
$0063	$0D72			RLF	STACK_2, W
;math.ppas,653 :: 		
$0064	$0DF8			RLF	STACK_8, F
;math.ppas,654 :: 		
$0065	$0DF9			RLF	STACK_9, F
;math.ppas,655 :: 		
$0066	$0DFA			RLF	STACK_10, F
;math.ppas,656 :: 		
$0067	$0DFB			RLF	STACK_11, F
;math.ppas,657 :: 		
$0068	$0874			MOVF	STACK_4, W
;math.ppas,658 :: 		
$0069	$1C72			BTFSS	STACK_2, 0
;math.ppas,660 :: 		
$006A	$2879			GOTO	SADD22LB
;math.ppas,661 :: 		
$006B	$02F8			SUBWF	STACK_8, F
;math.ppas,662 :: 		
$006C	$0875			MOVF	STACK_5, W
;math.ppas,663 :: 		
$006D	$1C03			BTFSS	STATUS, C
;math.ppas,664 :: 		
$006E	$0F75			INCFSZ	STACK_5, W
;math.ppas,665 :: 		
$006F	$02F9			SUBWF	STACK_9, F
;math.ppas,666 :: 		
$0070	$0876			MOVF	STACK_6, W
;math.ppas,667 :: 		
$0071	$1C03			BTFSS	STATUS, C
;math.ppas,668 :: 		
$0072	$0F76			INCFSZ	STACK_6, W
;math.ppas,669 :: 		
$0073	$02FA			SUBWF	STACK_10, F
;math.ppas,670 :: 		
$0074	$0877			MOVF	STACK_7, W
;math.ppas,671 :: 		
$0075	$1C03			BTFSS	STATUS, C
;math.ppas,672 :: 		
$0076	$0F77			INCFSZ	STACK_7, W
;math.ppas,673 :: 		
$0077	$02FB			SUBWF	STACK_11, F
;math.ppas,675 :: 		
$0078	$2886			GOTO	SOK22LB
;math.ppas,676 :: 		
$0079	$	SADD22LB:
;math.ppas,677 :: 		
$0079	$07F8			ADDWF	STACK_8, F
;math.ppas,678 :: 		
$007A	$0875			MOVF	STACK_5, W
;math.ppas,679 :: 		
$007B	$1803			BTFSC	STATUS, C
;math.ppas,680 :: 		
$007C	$0F75			INCFSZ	STACK_5, W
;math.ppas,681 :: 		
$007D	$07F9			ADDWF	STACK_9, F
;math.ppas,682 :: 		
$007E	$0876			MOVF	STACK_6, W
;math.ppas,683 :: 		
$007F	$1803			BTFSC	STATUS, C
;math.ppas,684 :: 		
$0080	$0F76			INCFSZ	STACK_6, W
;math.ppas,685 :: 		
$0081	$07FA			ADDWF	STACK_10, F
;math.ppas,686 :: 		
$0082	$0877			MOVF	STACK_7, W
;math.ppas,687 :: 		
$0083	$1803			BTFSC	STATUS, C
;math.ppas,688 :: 		
$0084	$0F77			INCFSZ	STACK_7, W
;math.ppas,690 :: 		
$0085	$07FB			ADDWF	STACK_11, F
;math.ppas,691 :: 		
$0086	$	SOK22LB:
;math.ppas,693 :: 		
$0086	$0DF2			RLF	STACK_2, F
;math.ppas,694 :: 		
$0087	$0BFC			DECFSZ	STACK_12, F
;math.ppas,696 :: 		
$0088	$2863			GOTO	LOOPS3232B
;math.ppas,697 :: 		
$0089	$0D71			RLF	STACK_1, W
;math.ppas,698 :: 		
$008A	$0DF8			RLF	STACK_8, F
;math.ppas,699 :: 		
$008B	$0DF9			RLF	STACK_9, F
;math.ppas,700 :: 		
$008C	$0DFA			RLF	STACK_10, F
;math.ppas,701 :: 		
$008D	$0DFB			RLF	STACK_11, F
;math.ppas,702 :: 		
$008E	$0874			MOVF	STACK_4, W
;math.ppas,703 :: 		
$008F	$1C72			BTFSS	STACK_2, 0
;math.ppas,705 :: 		
$0090	$289F			GOTO	SADD22L16
;math.ppas,706 :: 		
$0091	$02F8			SUBWF	STACK_8, F
;math.ppas,707 :: 		
$0092	$0875			MOVF	STACK_5, W
;math.ppas,708 :: 		
$0093	$1C03			BTFSS	STATUS, C
;math.ppas,709 :: 		
$0094	$0F75			INCFSZ	STACK_5, W
;math.ppas,710 :: 		
$0095	$02F9			SUBWF	STACK_9, F
;math.ppas,711 :: 		
$0096	$0876			MOVF	STACK_6, W
;math.ppas,712 :: 		
$0097	$1C03			BTFSS	STATUS, C
;math.ppas,713 :: 		
$0098	$0F76			INCFSZ	STACK_6, W
;math.ppas,714 :: 		
$0099	$02FA			SUBWF	STACK_10, F
;math.ppas,715 :: 		
$009A	$0877			MOVF	STACK_7, W
;math.ppas,716 :: 		
$009B	$1C03			BTFSS	STATUS, C
;math.ppas,717 :: 		
$009C	$0F77			INCFSZ	STACK_7, W
;math.ppas,718 :: 		
$009D	$02FB			SUBWF	STACK_11, F
;math.ppas,720 :: 		
$009E	$28AC			GOTO	SOK22L16
;math.ppas,721 :: 		
$009F	$	SADD22L16:
;math.ppas,722 :: 		
$009F	$07F8			ADDWF	STACK_8, F
;math.ppas,723 :: 		
$00A0	$0875			MOVF	STACK_5, W
;math.ppas,724 :: 		
$00A1	$1803			BTFSC	STATUS, C
;math.ppas,725 :: 		
$00A2	$0F75			INCFSZ	STACK_5, W
;math.ppas,726 :: 		
$00A3	$07F9			ADDWF	STACK_9, F
;math.ppas,727 :: 		
$00A4	$0876			MOVF	STACK_6, W
;math.ppas,728 :: 		
$00A5	$1803			BTFSC	STATUS, C
;math.ppas,729 :: 		
$00A6	$0F76			INCFSZ	STACK_6, W
;math.ppas,730 :: 		
$00A7	$07FA			ADDWF	STACK_10, F
;math.ppas,731 :: 		
$00A8	$0877			MOVF	STACK_7, W
;math.ppas,732 :: 		
$00A9	$1803			BTFSC	STATUS, C
;math.ppas,733 :: 		
$00AA	$0F77			INCFSZ	STACK_7, W
;math.ppas,735 :: 		
$00AB	$07FB			ADDWF	STACK_11, F
;math.ppas,736 :: 		
$00AC	$	SOK22L16:
;math.ppas,738 :: 		
$00AC	$0DF1			RLF	STACK_1, F
;math.ppas,739 :: 		
$00AD	$3007			MOVLW	7
;math.ppas,741 :: 		
$00AE	$00FC			MOVWF	STACK_12
;math.ppas,742 :: 		
$00AF	$	LOOPS3232C:
;math.ppas,743 :: 		
$00AF	$0D71			RLF	STACK_1, W
;math.ppas,744 :: 		
$00B0	$0DF8			RLF	STACK_8, F
;math.ppas,745 :: 		
$00B1	$0DF9			RLF	STACK_9, F
;math.ppas,746 :: 		
$00B2	$0DFA			RLF	STACK_10, F
;math.ppas,747 :: 		
$00B3	$0DFB			RLF	STACK_11, F
;math.ppas,748 :: 		
$00B4	$0874			MOVF	STACK_4, W
;math.ppas,749 :: 		
$00B5	$1C71			BTFSS	STACK_1, 0
;math.ppas,751 :: 		
$00B6	$28C5			GOTO	SADD22LC
;math.ppas,752 :: 		
$00B7	$02F8			SUBWF	STACK_8, F
;math.ppas,753 :: 		
$00B8	$0875			MOVF	STACK_5, W
;math.ppas,754 :: 		
$00B9	$1C03			BTFSS	STATUS, C
;math.ppas,755 :: 		
$00BA	$0F75			INCFSZ	STACK_5, W
;math.ppas,756 :: 		
$00BB	$02F9			SUBWF	STACK_9, F
;math.ppas,757 :: 		
$00BC	$0876			MOVF	STACK_6, W
;math.ppas,758 :: 		
$00BD	$1C03			BTFSS	STATUS, C
;math.ppas,759 :: 		
$00BE	$0F76			INCFSZ	STACK_6, W
;math.ppas,760 :: 		
$00BF	$02FA			SUBWF	STACK_10, F
;math.ppas,761 :: 		
$00C0	$0877			MOVF	STACK_7, W
;math.ppas,762 :: 		
$00C1	$1C03			BTFSS	STATUS, C
;math.ppas,763 :: 		
$00C2	$0F77			INCFSZ	STACK_7, W
;math.ppas,764 :: 		
$00C3	$02FB			SUBWF	STACK_11, F
;math.ppas,766 :: 		
$00C4	$28D2			GOTO	SOK22LC
;math.ppas,767 :: 		
$00C5	$	SADD22LC:
;math.ppas,768 :: 		
$00C5	$07F8			ADDWF	STACK_8, F
;math.ppas,769 :: 		
$00C6	$0875			MOVF	STACK_5, W
;math.ppas,770 :: 		
$00C7	$1803			BTFSC	STATUS, C
;math.ppas,771 :: 		
$00C8	$0F75			INCFSZ	STACK_5, W
;math.ppas,772 :: 		
$00C9	$07F9			ADDWF	STACK_9, F
;math.ppas,773 :: 		
$00CA	$0876			MOVF	STACK_6, W
;math.ppas,774 :: 		
$00CB	$1803			BTFSC	STATUS, C
;math.ppas,775 :: 		
$00CC	$0F76			INCFSZ	STACK_6, W
;math.ppas,776 :: 		
$00CD	$07FA			ADDWF	STACK_10, F
;math.ppas,777 :: 		
$00CE	$0877			MOVF	STACK_7, W
;math.ppas,778 :: 		
$00CF	$1803			BTFSC	STATUS, C
;math.ppas,779 :: 		
$00D0	$0F77			INCFSZ	STACK_7, W
;math.ppas,781 :: 		
$00D1	$07FB			ADDWF	STACK_11, F
;math.ppas,782 :: 		
$00D2	$	SOK22LC:
;math.ppas,784 :: 		
$00D2	$0DF1			RLF	STACK_1, F
;math.ppas,785 :: 		
$00D3	$0BFC			DECFSZ	STACK_12, F
;math.ppas,787 :: 		
$00D4	$28AF			GOTO	LOOPS3232C
;math.ppas,788 :: 		
$00D5	$0D70			RLF	STACK_0, W
;math.ppas,789 :: 		
$00D6	$0DF8			RLF	STACK_8, F
;math.ppas,790 :: 		
$00D7	$0DF9			RLF	STACK_9, F
;math.ppas,791 :: 		
$00D8	$0DFA			RLF	STACK_10, F
;math.ppas,792 :: 		
$00D9	$0DFB			RLF	STACK_11, F
;math.ppas,793 :: 		
$00DA	$0874			MOVF	STACK_4, W
;math.ppas,794 :: 		
$00DB	$1C71			BTFSS	STACK_1, 0
;math.ppas,796 :: 		
$00DC	$28EB			GOTO	SADD22L24
;math.ppas,797 :: 		
$00DD	$02F8			SUBWF	STACK_8, F
;math.ppas,798 :: 		
$00DE	$0875			MOVF	STACK_5, W
;math.ppas,799 :: 		
$00DF	$1C03			BTFSS	STATUS, C
;math.ppas,800 :: 		
$00E0	$0F75			INCFSZ	STACK_5, W
;math.ppas,801 :: 		
$00E1	$02F9			SUBWF	STACK_9, F
;math.ppas,802 :: 		
$00E2	$0876			MOVF	STACK_6, W
;math.ppas,803 :: 		
$00E3	$1C03			BTFSS	STATUS, C
;math.ppas,804 :: 		
$00E4	$0F76			INCFSZ	STACK_6, W
;math.ppas,805 :: 		
$00E5	$02FA			SUBWF	STACK_10, F
;math.ppas,806 :: 		
$00E6	$0877			MOVF	STACK_7, W
;math.ppas,807 :: 		
$00E7	$1C03			BTFSS	STATUS, C
;math.ppas,808 :: 		
$00E8	$0F77			INCFSZ	STACK_7, W
;math.ppas,809 :: 		
$00E9	$02FB			SUBWF	STACK_11, F
;math.ppas,811 :: 		
$00EA	$28F8			GOTO	SOK22L24
;math.ppas,812 :: 		
$00EB	$	SADD22L24:
;math.ppas,813 :: 		
$00EB	$07F8			ADDWF	STACK_8, F
;math.ppas,814 :: 		
$00EC	$0875			MOVF	STACK_5, W
;math.ppas,815 :: 		
$00ED	$1803			BTFSC	STATUS, C
;math.ppas,816 :: 		
$00EE	$0F75			INCFSZ	STACK_5, W
;math.ppas,817 :: 		
$00EF	$07F9			ADDWF	STACK_9, F
;math.ppas,818 :: 		
$00F0	$0876			MOVF	STACK_6, W
;math.ppas,819 :: 		
$00F1	$1803			BTFSC	STATUS, C
;math.ppas,820 :: 		
$00F2	$0F76			INCFSZ	STACK_6, W
;math.ppas,821 :: 		
$00F3	$07FA			ADDWF	STACK_10, F
;math.ppas,822 :: 		
$00F4	$0877			MOVF	STACK_7, W
;math.ppas,823 :: 		
$00F5	$1803			BTFSC	STATUS, C
;math.ppas,824 :: 		
$00F6	$0F77			INCFSZ	STACK_7, W
;math.ppas,826 :: 		
$00F7	$07FB			ADDWF	STACK_11, F
;math.ppas,827 :: 		
$00F8	$	SOK22L24:
;math.ppas,829 :: 		
$00F8	$0DF0			RLF	STACK_0, F
;math.ppas,830 :: 		
$00F9	$3007			MOVLW	7
;math.ppas,832 :: 		
$00FA	$00FC			MOVWF	STACK_12
;math.ppas,833 :: 		
$00FB	$	LOOPS3232D:
;math.ppas,834 :: 		
$00FB	$0D70			RLF	STACK_0, W
;math.ppas,835 :: 		
$00FC	$0DF8			RLF	STACK_8, F
;math.ppas,836 :: 		
$00FD	$0DF9			RLF	STACK_9, F
;math.ppas,837 :: 		
$00FE	$0DFA			RLF	STACK_10, F
;math.ppas,838 :: 		
$00FF	$0DFB			RLF	STACK_11, F
;math.ppas,839 :: 		
$0100	$0874			MOVF	STACK_4, W
;math.ppas,840 :: 		
$0101	$1C70			BTFSS	STACK_0, 0
;math.ppas,842 :: 		
$0102	$2911			GOTO	SADD22LD
;math.ppas,843 :: 		
$0103	$02F8			SUBWF	STACK_8, F
;math.ppas,844 :: 		
$0104	$0875			MOVF	STACK_5, W
;math.ppas,845 :: 		
$0105	$1C03			BTFSS	STATUS, C
;math.ppas,846 :: 		
$0106	$0F75			INCFSZ	STACK_5, W
;math.ppas,847 :: 		
$0107	$02F9			SUBWF	STACK_9, F
;math.ppas,848 :: 		
$0108	$0876			MOVF	STACK_6, W
;math.ppas,849 :: 		
$0109	$1C03			BTFSS	STATUS, C
;math.ppas,850 :: 		
$010A	$0F76			INCFSZ	STACK_6, W
;math.ppas,851 :: 		
$010B	$02FA			SUBWF	STACK_10, F
;math.ppas,852 :: 		
$010C	$0877			MOVF	STACK_7, W
;math.ppas,853 :: 		
$010D	$1C03			BTFSS	STATUS, C
;math.ppas,854 :: 		
$010E	$0F77			INCFSZ	STACK_7, W
;math.ppas,855 :: 		
$010F	$02FB			SUBWF	STACK_11, F
;math.ppas,857 :: 		
$0110	$291E			GOTO	SOK22LD
;math.ppas,858 :: 		
$0111	$	SADD22LD:
;math.ppas,859 :: 		
$0111	$07F8			ADDWF	STACK_8, F
;math.ppas,860 :: 		
$0112	$0875			MOVF	STACK_5, W
;math.ppas,861 :: 		
$0113	$1803			BTFSC	STATUS, C
;math.ppas,862 :: 		
$0114	$0F75			INCFSZ	STACK_5, W
;math.ppas,863 :: 		
$0115	$07F9			ADDWF	STACK_9, F
;math.ppas,864 :: 		
$0116	$0876			MOVF	STACK_6, W
;math.ppas,865 :: 		
$0117	$1803			BTFSC	STATUS, C
;math.ppas,866 :: 		
$0118	$0F76			INCFSZ	STACK_6, W
;math.ppas,867 :: 		
$0119	$07FA			ADDWF	STACK_10, F
;math.ppas,868 :: 		
$011A	$0877			MOVF	STACK_7, W
;math.ppas,870 :: 		
$011B	$1803			BTFSC	STATUS, C
;math.ppas,871 :: 		
$011C	$0F77			INCFSZ	STACK_7, W
;math.ppas,873 :: 		
$011D	$07FB			ADDWF	STACK_11, F
;math.ppas,874 :: 		
$011E	$	SOK22LD:
;math.ppas,876 :: 		
$011E	$0DF0			RLF	STACK_0, F
;math.ppas,877 :: 		
$011F	$0BFC			DECFSZ	STACK_12, F
;math.ppas,879 :: 		
$0120	$28FB			GOTO	LOOPS3232D
;math.ppas,880 :: 		
$0121	$1870			BTFSC	STACK_0, 0
;math.ppas,881 :: 		
$0122	$2931			GOTO	SOK22L
;math.ppas,882 :: 		
$0123	$0874			MOVF	STACK_4, W
;math.ppas,883 :: 		
$0124	$07F8			ADDWF	STACK_8, F
;math.ppas,884 :: 		
$0125	$0875			MOVF	STACK_5, W
;math.ppas,885 :: 		
$0126	$1803			BTFSC	STATUS, C
;math.ppas,886 :: 		
$0127	$0F75			INCFSZ	STACK_5, W
;math.ppas,887 :: 		
$0128	$07F9			ADDWF	STACK_9, F
;math.ppas,888 :: 		
$0129	$0876			MOVF	STACK_6, W
;math.ppas,889 :: 		
$012A	$1803			BTFSC	STATUS, C
;math.ppas,890 :: 		
$012B	$0F76			INCFSZ	STACK_6, W
;math.ppas,891 :: 		
$012C	$07FA			ADDWF	STACK_10, F
;math.ppas,892 :: 		
$012D	$0877			MOVF	STACK_7, W
;math.ppas,893 :: 		
$012E	$1803			BTFSC	STATUS, C
;math.ppas,894 :: 		
$012F	$0F77			INCFSZ	STACK_7, W
;math.ppas,895 :: 		
$0130	$07FB			ADDWF	STACK_11, F
;math.ppas,896 :: 		
$0131	$	SOK22L:
;math.ppas,897 :: 		
$0131	$	math_L_9:
;math.ppas,898 :: 		
$0131	$0008			RETURN
$0572	$	_comfrem:
$0572	$1303			BCF	STATUS, RP1
$0573	$1283			BCF	STATUS, RP0
;math.ppas,901 :: 		
;math.ppas,903 :: 		
$0574	$09FB			COMF	STACK_11, F
;math.ppas,904 :: 		
$0575	$09FA			COMF	STACK_10, F
;math.ppas,905 :: 		
$0576	$09F9			COMF	STACK_9, F
;math.ppas,906 :: 		
$0577	$09F8			COMF	STACK_8, F
;math.ppas,907 :: 		
$0578	$0AF8			INCF	STACK_8, F
;math.ppas,908 :: 		
$0579	$1903			BTFSC	STATUS, Z
;math.ppas,909 :: 		
$057A	$0AF9			INCF	STACK_9, F
;math.ppas,910 :: 		
$057B	$1903			BTFSC	STATUS, Z
;math.ppas,911 :: 		
$057C	$0AFA			INCF	STACK_10, F
;math.ppas,912 :: 		
$057D	$1903			BTFSC	STATUS, Z
;math.ppas,913 :: 		
$057E	$0AFB			INCF	STACK_11, F
;math.ppas,914 :: 		
$057F	$	math_L_10:
;math.ppas,915 :: 		
$057F	$0008			RETURN
$0580	$	_usart_data_ready:
;USART_b75.ppas,48 :: 		
;USART_b75.ppas,50 :: 		
$0580	$1303			BCF	STATUS, RP1
$0581	$1283			BCF	STATUS, RP0
$0582	$080C			MOVF	PIR1, 0
$0583	$00F1			MOVWF	STACK_1
$0584	$3000			MOVLW	0
$0585	$1AF1			BTFSC	STACK_1, 5
$0586	$3001			MOVLW	1
$0587	$00F1			MOVWF	STACK_1
$0588	$0871			MOVF	STACK_1, 0
$0589	$00CD			MOVWF	_usart_data_ready_local_result
$058A	$	USART_b75_L_18:
;USART_b75.ppas,51 :: 		
$058A	$084D			MOVF	_usart_data_ready_local_result, 0
$058B	$00F0			MOVWF	STACK_0
$058C	$0008			RETURN
$055F	$	_usart_read:
;USART_b75.ppas,54 :: 		
;USART_b75.ppas,55 :: 		
$055F	$1303			BCF	STATUS, RP1
$0560	$1283			BCF	STATUS, RP0
$0561	$081A			MOVF	RCREG, 0
$0562	$00CD			MOVWF	_usart_read_local_result
;USART_b75.ppas,61 :: 		
$0563	$0818			MOVF	RCSTA, 0
$0564	$00F1			MOVWF	STACK_1
$0565	$3000			MOVLW	0
$0566	$18F1			BTFSC	STACK_1, 1
$0567	$3001			MOVLW	1
$0568	$00F1			MOVWF	STACK_1
$0569	$0871			MOVF	STACK_1, 0
$056A	$3A01			XORLW	1
$056B	$1D03			BTFSS	STATUS, Z
$056C	$2D6F			GOTO	USART_b75_L_21
$056D	$	USART_b75_L_20:
;USART_b75.ppas,63 :: 		
$056D	$1218			BCF	RCSTA, 4
$056E	$	USART_b75_L_24:
;USART_b75.ppas,64 :: 		
$056E	$	USART_b75_L_25:
$056E	$1618			BSF	RCSTA, 4
$056F	$	USART_b75_L_26:
;USART_b75.ppas,65 :: 		
$056F	$	USART_b75_L_21:
$056F	$	USART_b75_L_22:
$056F	$	USART_b75_L_19:
;USART_b75.ppas,66 :: 		
$056F	$084D			MOVF	_usart_read_local_result, 0
$0570	$00F0			MOVWF	STACK_0
$0571	$0008			RETURN
$04BB	$	_mul_32x32_s:
$04BB	$1303			BCF	STATUS, RP1
$04BC	$1283			BCF	STATUS, RP0
;math.ppas,1675 :: 		
;math.ppas,1680 :: 		
$04BD	$01FD			CLRF	STACK_13
;math.ppas,1683 :: 		
$04BE	$	_IF_FIRST:
;math.ppas,1684 :: 		
$04BE	$1FF3			BTFSS	STACK_3, 7
;math.ppas,1686 :: 		
$04BF	$2CCD			GOTO	_IF_SECOND
;math.ppas,1691 :: 		
$04C0	$	_INVERCE_FIRST:
;math.ppas,1692 :: 		
$04C0	$09F0			COMF	STACK_0, F
;math.ppas,1693 :: 		
$04C1	$09F1			COMF	STACK_1, F
;math.ppas,1694 :: 		
$04C2	$09F2			COMF	STACK_2, F
;math.ppas,1701 :: 		
$04C3	$09F3			COMF	STACK_3, F
;math.ppas,1702 :: 		
$04C4	$0AF0			INCF	STACK_0, F
;math.ppas,1703 :: 		
$04C5	$1903			BTFSC	STATUS, Z
;math.ppas,1704 :: 		
$04C6	$0AF1			INCF	STACK_1, F
;math.ppas,1705 :: 		
$04C7	$1903			BTFSC	STATUS, Z
;math.ppas,1706 :: 		
$04C8	$0AF2			INCF	STACK_2, F
;math.ppas,1707 :: 		
$04C9	$1903			BTFSC	STATUS, Z
;math.ppas,1708 :: 		
$04CA	$0AF3			INCF	STACK_3, F
;math.ppas,1709 :: 		
$04CB	$3081			MOVLW	129
;math.ppas,1711 :: 		
$04CC	$07FD			ADDWF	STACK_13, F
;math.ppas,1714 :: 		
$04CD	$	_IF_SECOND:
;math.ppas,1715 :: 		
$04CD	$1FF7			BTFSS	STACK_7, 7
;math.ppas,1717 :: 		
$04CE	$2CDB			GOTO	_MULT
;math.ppas,1722 :: 		
$04CF	$	_INBERSE_SECOND:
;math.ppas,1723 :: 		
$04CF	$09F4			COMF	STACK_4, F
;math.ppas,1724 :: 		
$04D0	$09F5			COMF	STACK_5, F
;math.ppas,1725 :: 		
$04D1	$09F6			COMF	STACK_6, F
;math.ppas,1732 :: 		
$04D2	$09F7			COMF	STACK_7, F
;math.ppas,1733 :: 		
$04D3	$0AF4			INCF	STACK_4, F
;math.ppas,1734 :: 		
$04D4	$1903			BTFSC	STATUS, Z
;math.ppas,1735 :: 		
$04D5	$0AF5			INCF	STACK_5, F
;math.ppas,1736 :: 		
$04D6	$1903			BTFSC	STATUS, Z
;math.ppas,1737 :: 		
$04D7	$0AF6			INCF	STACK_6, F
;math.ppas,1738 :: 		
$04D8	$1903			BTFSC	STATUS, Z
;math.ppas,1739 :: 		
$04D9	$0AF7			INCF	STACK_7, F
;math.ppas,1741 :: 		
$04DA	$0AFD			INCF	STACK_13, F
;math.ppas,1742 :: 		
$04DB	$	_MULT:
;math.ppas,1744 :: 		
$04DB	$24F6			CALL	_mul_32x32_u
;math.ppas,1748 :: 		
$04DC	$1C7D			BTFSS	STACK_13, 0
;math.ppas,1754 :: 		
$04DD	$2CF5			GOTO	_EXIT
;math.ppas,1755 :: 		
$04DE	$09F0			COMF	STACK_0, F
;math.ppas,1756 :: 		
$04DF	$09F1			COMF	STACK_1, F
;math.ppas,1757 :: 		
$04E0	$09F2			COMF	STACK_2, F
;math.ppas,1763 :: 		
$04E1	$09F3			COMF	STACK_3, F
;math.ppas,1764 :: 		
$04E2	$09F8			COMF	STACK_8, F
;math.ppas,1765 :: 		
$04E3	$09F9			COMF	STACK_9, F
;math.ppas,1766 :: 		
$04E4	$09FA			COMF	STACK_10, F
;math.ppas,1776 :: 		
$04E5	$09FB			COMF	STACK_11, F
;math.ppas,1777 :: 		
$04E6	$0AF0			INCF	STACK_0, F
;math.ppas,1778 :: 		
$04E7	$1903			BTFSC	STATUS, Z
;math.ppas,1779 :: 		
$04E8	$0AF1			INCF	STACK_1, F
;math.ppas,1780 :: 		
$04E9	$1903			BTFSC	STATUS, Z
;math.ppas,1781 :: 		
$04EA	$0AF2			INCF	STACK_2, F
;math.ppas,1782 :: 		
$04EB	$1903			BTFSC	STATUS, Z
;math.ppas,1783 :: 		
$04EC	$0AF3			INCF	STACK_3, F
;math.ppas,1784 :: 		
$04ED	$1903			BTFSC	STATUS, Z
;math.ppas,1785 :: 		
$04EE	$0AF8			INCF	STACK_8, F
;math.ppas,1786 :: 		
$04EF	$1903			BTFSC	STATUS, Z
;math.ppas,1787 :: 		
$04F0	$0AF9			INCF	STACK_9, F
;math.ppas,1788 :: 		
$04F1	$1903			BTFSC	STATUS, Z
;math.ppas,1789 :: 		
$04F2	$0AFA			INCF	STACK_10, F
;math.ppas,1790 :: 		
$04F3	$1903			BTFSC	STATUS, Z
;math.ppas,1791 :: 		
$04F4	$0AFB			INCF	STACK_11, F
;math.ppas,1792 :: 		
$04F5	$	_EXIT:
;math.ppas,1793 :: 		
$04F5	$	math_L_14:
;math.ppas,1794 :: 		
$04F5	$0008			RETURN
$052D	$	_div_16x16_u:
$052D	$1303			BCF	STATUS, RP1
$052E	$1283			BCF	STATUS, RP0
;math.ppas,108 :: 		
;math.ppas,110 :: 		
$052F	$01F8			CLRF	STACK_8
;math.ppas,111 :: 		
$0530	$01F9			CLRF	STACK_9
;math.ppas,112 :: 		
$0531	$3010			MOVLW	16
;math.ppas,113 :: 		
$0532	$00FC			MOVWF	STACK_12
;math.ppas,114 :: 		
$0533	$0D71			RLF	STACK_1, W
;math.ppas,115 :: 		
$0534	$0DF8			RLF	STACK_8, F
;math.ppas,116 :: 		
$0535	$0DF9			RLF	STACK_9, F
;math.ppas,117 :: 		
$0536	$0874			MOVF	STACK_4, W
;math.ppas,118 :: 		
$0537	$02F8			SUBWF	STACK_8, F
;math.ppas,119 :: 		
$0538	$0875			MOVF	STACK_5, W
;math.ppas,120 :: 		
$0539	$1C03			BTFSS	STATUS, C
;math.ppas,121 :: 		
$053A	$0F75			INCFSZ	STACK_5, W
;math.ppas,122 :: 		
$053B	$02F9			SUBWF	STACK_9, F
;math.ppas,123 :: 		
$053C	$1803			BTFSC	STATUS, C
;math.ppas,124 :: 		
$053D	$2D45			GOTO	$+8
;math.ppas,125 :: 		
$053E	$0874			MOVF	STACK_4, W
;math.ppas,126 :: 		
$053F	$07F8			ADDWF	STACK_8, F
;math.ppas,127 :: 		
$0540	$0875			MOVF	STACK_5, W
;math.ppas,128 :: 		
$0541	$1803			BTFSC	STATUS, C
;math.ppas,129 :: 		
$0542	$0F75			INCFSZ	STACK_5, W
;math.ppas,130 :: 		
$0543	$07F9			ADDWF	STACK_9, F
;math.ppas,131 :: 		
$0544	$1003			BCF	STATUS, C
;math.ppas,132 :: 		
$0545	$0DF0			RLF	STACK_0, F
;math.ppas,133 :: 		
$0546	$0DF1			RLF	STACK_1, F
;math.ppas,134 :: 		
$0547	$0BFC			DECFSZ	STACK_12, F
;math.ppas,135 :: 		
$0548	$2D33			GOTO	$-21
;math.ppas,136 :: 		
$0549	$	math_L_3:
;math.ppas,137 :: 		
$0549	$0008			RETURN
$0293	$	_div_32x32_s:
$0293	$1303			BCF	STATUS, RP1
$0294	$1283			BCF	STATUS, RP0
;math.ppas,925 :: 		
;math.ppas,928 :: 		
$0295	$	FXD3232S:
;math.ppas,929 :: 		
$0295	$01FC			CLRF	STACK_12
;math.ppas,930 :: 		
$0296	$1BF7			BTFSC	STACK_7, 7
;math.ppas,932 :: 		
$0297	$0AFC			INCF	STACK_12, F
;math.ppas,933 :: 		
$0298	$01FD			CLRF	STACK_13
;math.ppas,934 :: 		
$0299	$01FB			CLRF	STACK_11
;math.ppas,935 :: 		
$029A	$01FA			CLRF	STACK_10
;math.ppas,936 :: 		
$029B	$01F9			CLRF	STACK_9
;math.ppas,937 :: 		
$029C	$01F8			CLRF	STACK_8
;math.ppas,938 :: 		
$029D	$0873			MOVF	STACK_3, W
;math.ppas,939 :: 		
$029E	$0472			IORWF	STACK_2, W
;math.ppas,940 :: 		
$029F	$0471			IORWF	STACK_1, W
;math.ppas,941 :: 		
$02A0	$0470			IORWF	STACK_0, W
;math.ppas,942 :: 		
$02A1	$1903			BTFSC	STATUS, Z
;math.ppas,943 :: 		
$02A2	$2B27			GOTO	END_ALL
;math.ppas,944 :: 		
$02A3	$0873			MOVF	STACK_3, W
;math.ppas,945 :: 		
$02A4	$0677			XORWF	STACK_7, W
;math.ppas,946 :: 		
$02A5	$00A0			MOVWF	MATH___MATH_TEMPB
;math.ppas,947 :: 		
$02A6	$1BA0			BTFSC	MATH___MATH_TEMPB, 7
;math.ppas,951 :: 		
$02A7	$09FD			COMF	STACK_13, F
;math.ppas,952 :: 		
$02A8	$1FF7			BTFSS	STACK_7, 7
;math.ppas,954 :: 		
$02A9	$2AB5			GOTO	CA3232S
;math.ppas,955 :: 		
$02AA	$09F4			COMF	STACK_4, F
;math.ppas,956 :: 		
$02AB	$09F5			COMF	STACK_5, F
;math.ppas,957 :: 		
$02AC	$09F6			COMF	STACK_6, F
;math.ppas,958 :: 		
$02AD	$09F7			COMF	STACK_7, F
;math.ppas,959 :: 		
$02AE	$0AF4			INCF	STACK_4, F
;math.ppas,960 :: 		
$02AF	$1903			BTFSC	STATUS, Z
;math.ppas,961 :: 		
$02B0	$0AF5			INCF	STACK_5, F
;math.ppas,962 :: 		
$02B1	$1903			BTFSC	STATUS, Z
;math.ppas,963 :: 		
$02B2	$0AF6			INCF	STACK_6, F
;math.ppas,964 :: 		
$02B3	$1903			BTFSC	STATUS, Z
;math.ppas,966 :: 		
$02B4	$0AF7			INCF	STACK_7, F
;math.ppas,967 :: 		
$02B5	$	CA3232S:
;math.ppas,968 :: 		
$02B5	$1FF3			BTFSS	STACK_3, 7
;math.ppas,970 :: 		
$02B6	$2AC2			GOTO	C3232SX
;math.ppas,971 :: 		
$02B7	$09F0			COMF	STACK_0, F
;math.ppas,972 :: 		
$02B8	$09F1			COMF	STACK_1, F
;math.ppas,973 :: 		
$02B9	$09F2			COMF	STACK_2, F
;math.ppas,974 :: 		
$02BA	$09F3			COMF	STACK_3, F
;math.ppas,975 :: 		
$02BB	$0AF0			INCF	STACK_0, F
;math.ppas,976 :: 		
$02BC	$1903			BTFSC	STATUS, Z
;math.ppas,977 :: 		
$02BD	$0AF1			INCF	STACK_1, F
;math.ppas,978 :: 		
$02BE	$1903			BTFSC	STATUS, Z
;math.ppas,979 :: 		
$02BF	$0AF2			INCF	STACK_2, F
;math.ppas,980 :: 		
$02C0	$1903			BTFSC	STATUS, Z
;math.ppas,982 :: 		
$02C1	$0AF3			INCF	STACK_3, F
;math.ppas,983 :: 		
$02C2	$	C3232SX:
;math.ppas,984 :: 		
$02C2	$0873			MOVF	STACK_3, W
;math.ppas,985 :: 		
$02C3	$0477			IORWF	STACK_7, W
;math.ppas,986 :: 		
$02C4	$00A0			MOVWF	MATH___MATH_TEMPB
;math.ppas,987 :: 		
$02C5	$1BA0			BTFSC	MATH___MATH_TEMPB, 7
;math.ppas,988 :: 		
$02C6	$2AE3			GOTO	C3232SX1
;math.ppas,989 :: 		
$02C7	$	C3232S:
;math.ppas,992 :: 		
$02C7	$2004			CALL	_sdiv3232l
;math.ppas,995 :: 		
$02C8	$	C3232S2:
;math.ppas,996 :: 		
$02C8	$1BFC			BTFSC	STACK_12, 7
;math.ppas,997 :: 		
$02C9	$2B00			GOTO	C3232SX4
;math.ppas,998 :: 		
$02CA	$	C3232SOK:
;math.ppas,999 :: 		
$02CA	$1FFD			BTFSS	STACK_13, 7
;math.ppas,1000 :: 		
$02CB	$2B27			GOTO	END_ALL
;math.ppas,1001 :: 		
$02CC	$09F0			COMF	STACK_0, F
;math.ppas,1002 :: 		
$02CD	$09F1			COMF	STACK_1, F
;math.ppas,1003 :: 		
$02CE	$09F2			COMF	STACK_2, F
;math.ppas,1004 :: 		
$02CF	$09F3			COMF	STACK_3, F
;math.ppas,1005 :: 		
$02D0	$0AF0			INCF	STACK_0, F
;math.ppas,1006 :: 		
$02D1	$1903			BTFSC	STATUS, Z
;math.ppas,1007 :: 		
$02D2	$0AF1			INCF	STACK_1, F
;math.ppas,1008 :: 		
$02D3	$1903			BTFSC	STATUS, Z
;math.ppas,1009 :: 		
$02D4	$0AF2			INCF	STACK_2, F
;math.ppas,1010 :: 		
$02D5	$1903			BTFSC	STATUS, Z
;math.ppas,1012 :: 		
$02D6	$0AF3			INCF	STACK_3, F
;math.ppas,1013 :: 		
$02D7	$09F8			COMF	STACK_8, F
;math.ppas,1014 :: 		
$02D8	$09F9			COMF	STACK_9, F
;math.ppas,1015 :: 		
$02D9	$09FA			COMF	STACK_10, F
;math.ppas,1016 :: 		
$02DA	$09FB			COMF	STACK_11, F
;math.ppas,1017 :: 		
$02DB	$0AF8			INCF	STACK_8, F
;math.ppas,1018 :: 		
$02DC	$1903			BTFSC	STATUS, Z
;math.ppas,1019 :: 		
$02DD	$0AF9			INCF	STACK_9, F
;math.ppas,1020 :: 		
$02DE	$1903			BTFSC	STATUS, Z
;math.ppas,1021 :: 		
$02DF	$0AFA			INCF	STACK_10, F
;math.ppas,1022 :: 		
$02E0	$1903			BTFSC	STATUS, Z
;math.ppas,1024 :: 		
$02E1	$0AFB			INCF	STACK_11, F
;math.ppas,1025 :: 		
$02E2	$2B27			GOTO	END_ALL
;math.ppas,1026 :: 		
$02E3	$	C3232SX1:
;math.ppas,1027 :: 		
$02E3	$1FF7			BTFSS	STACK_7, 7
;math.ppas,1028 :: 		
$02E4	$2AFA			GOTO	C3232SX3
;math.ppas,1029 :: 		
$02E5	$1BF3			BTFSC	STACK_3, 7
;math.ppas,1030 :: 		
$02E6	$2AF4			GOTO	C3232SX2
;math.ppas,1031 :: 		
$02E7	$0873			MOVF	STACK_3, W
;math.ppas,1032 :: 		
$02E8	$00FB			MOVWF	STACK_11
;math.ppas,1033 :: 		
$02E9	$0872			MOVF	STACK_2, W
;math.ppas,1034 :: 		
$02EA	$00FA			MOVWF	STACK_10
;math.ppas,1035 :: 		
$02EB	$0871			MOVF	STACK_1, W
;math.ppas,1036 :: 		
$02EC	$00F9			MOVWF	STACK_9
;math.ppas,1037 :: 		
$02ED	$0870			MOVF	STACK_0, W
;math.ppas,1038 :: 		
$02EE	$00F8			MOVWF	STACK_8
;math.ppas,1039 :: 		
$02EF	$01F3			CLRF	STACK_3
;math.ppas,1040 :: 		
$02F0	$01F2			CLRF	STACK_2
;math.ppas,1041 :: 		
$02F1	$01F1			CLRF	STACK_1
;math.ppas,1042 :: 		
$02F2	$01F0			CLRF	STACK_0
;math.ppas,1043 :: 		
$02F3	$2ACA			GOTO	C3232SOK
;math.ppas,1044 :: 		
$02F4	$	C3232SX2:
;math.ppas,1045 :: 		
$02F4	$01F3			CLRF	STACK_3
;math.ppas,1046 :: 		
$02F5	$01F2			CLRF	STACK_2
;math.ppas,1047 :: 		
$02F6	$01F1			CLRF	STACK_1
;math.ppas,1048 :: 		
$02F7	$01F0			CLRF	STACK_0
;math.ppas,1049 :: 		
$02F8	$0AF0			INCF	STACK_0, F
;math.ppas,1051 :: 		
$02F9	$3400			RETLW	0X00
;math.ppas,1052 :: 		
$02FA	$	C3232SX3:
;math.ppas,1053 :: 		
$02FA	$09F3			COMF	STACK_3, F
;math.ppas,1054 :: 		
$02FB	$09F2			COMF	STACK_2, F
;math.ppas,1055 :: 		
$02FC	$09F1			COMF	STACK_1, F
;math.ppas,1057 :: 		
$02FD	$09F0			COMF	STACK_0, F
;math.ppas,1059 :: 		
$02FE	$17FC			BSF	STACK_12, 7
;math.ppas,1060 :: 		
$02FF	$2AC7			GOTO	C3232S
;math.ppas,1061 :: 		
$0300	$	C3232SX4:
;math.ppas,1062 :: 		
$0300	$0AF8			INCF	STACK_8, F
;math.ppas,1063 :: 		
$0301	$1903			BTFSC	STATUS, Z
;math.ppas,1064 :: 		
$0302	$0AF9			INCF	STACK_9, F
;math.ppas,1065 :: 		
$0303	$1903			BTFSC	STATUS, Z
;math.ppas,1066 :: 		
$0304	$0AFA			INCF	STACK_10, F
;math.ppas,1067 :: 		
$0305	$1903			BTFSC	STATUS, Z
;math.ppas,1068 :: 		
$0306	$0AFB			INCF	STACK_11, F
;math.ppas,1069 :: 		
$0307	$0874			MOVF	STACK_4, W
;math.ppas,1070 :: 		
$0308	$0278			SUBWF	STACK_8, W
;math.ppas,1071 :: 		
$0309	$1D03			BTFSS	STATUS, Z
;math.ppas,1072 :: 		
$030A	$2ACA			GOTO	C3232SOK
;math.ppas,1073 :: 		
$030B	$0875			MOVF	STACK_5, W
;math.ppas,1074 :: 		
$030C	$0279			SUBWF	STACK_9, W
;math.ppas,1075 :: 		
$030D	$1D03			BTFSS	STATUS, Z
;math.ppas,1076 :: 		
$030E	$2ACA			GOTO	C3232SOK
;math.ppas,1077 :: 		
$030F	$0876			MOVF	STACK_6, W
;math.ppas,1078 :: 		
$0310	$027A			SUBWF	STACK_10, W
;math.ppas,1079 :: 		
$0311	$1D03			BTFSS	STATUS, Z
;math.ppas,1080 :: 		
$0312	$2ACA			GOTO	C3232SOK
;math.ppas,1081 :: 		
$0313	$0877			MOVF	STACK_7, W
;math.ppas,1082 :: 		
$0314	$027B			SUBWF	STACK_11, W
;math.ppas,1083 :: 		
$0315	$1D03			BTFSS	STATUS, Z
;math.ppas,1084 :: 		
$0316	$2ACA			GOTO	C3232SOK
;math.ppas,1085 :: 		
$0317	$01FB			CLRF	STACK_11
;math.ppas,1086 :: 		
$0318	$01FA			CLRF	STACK_10
;math.ppas,1087 :: 		
$0319	$01F9			CLRF	STACK_9
;math.ppas,1088 :: 		
$031A	$01F8			CLRF	STACK_8
;math.ppas,1089 :: 		
$031B	$0AF0			INCF	STACK_0, F
;math.ppas,1090 :: 		
$031C	$1903			BTFSC	STATUS, Z
;math.ppas,1091 :: 		
$031D	$0AF1			INCF	STACK_1, F
;math.ppas,1092 :: 		
$031E	$1903			BTFSC	STATUS, Z
;math.ppas,1093 :: 		
$031F	$0AF2			INCF	STACK_2, F
;math.ppas,1094 :: 		
$0320	$1903			BTFSC	STATUS, Z
;math.ppas,1095 :: 		
$0321	$0AF3			INCF	STACK_3, F
;math.ppas,1096 :: 		
$0322	$1FF3			BTFSS	STACK_3, 7
;math.ppas,1097 :: 		
$0323	$2ACA			GOTO	C3232SOK
;math.ppas,1098 :: 		
$0324	$01A0			CLRF	MATH___MATH_TEMPB
;math.ppas,1099 :: 		
$0325	$1620			BSF	MATH___MATH_TEMPB, 4
;math.ppas,1100 :: 		
$0326	$34FF			RETLW	0XFF
;math.ppas,1101 :: 		
$0327	$	END_ALL:
;math.ppas,1102 :: 		
$0327	$01A0			CLRF	MATH___MATH_TEMPB
;math.ppas,1103 :: 		
$0328	$1C7C			BTFSS	STACK_12, 0
;math.ppas,1104 :: 		
$0329	$2B2B			GOTO	AVOID_COMFREM
;math.ppas,1106 :: 		
$032A	$2572			CALL	_comfrem
;math.ppas,1108 :: 		
$032B	$	AVOID_COMFREM:
;math.ppas,1109 :: 		
$032B	$3F00			ADDLW	0X00
;math.ppas,1110 :: 		
$032C	$	math_L_11:
;math.ppas,1111 :: 		
$032C	$0008			RETURN
$03AA	$	_vdelay_ms:
;delays.pbas,65 :: 		dim NumberOfCyc as dword
;delays.pbas,67 :: 		NumberOfCyc = Clock_kHz >> 2 ' this will be done by compiler, no asm will be genereated except that for assignment
$03AA	$30E8			MOVLW	232
$03AB	$1303			BCF	STATUS, RP1
$03AC	$1283			BCF	STATUS, RP0
$03AD	$00CF			MOVWF	_vdelay_ms_local_numberofcyc
$03AE	$3003			MOVLW	3
$03AF	$00D0			MOVWF	_vdelay_ms_local_numberofcyc+1
$03B0	$01D1			CLRF	_vdelay_ms_local_numberofcyc+2
$03B1	$01D2			CLRF	_vdelay_ms_local_numberofcyc+3
;delays.pbas,68 :: 		NumberOfCyc = Time_ms * NumberOfCyc
$03B2	$084D			MOVF	FARG_VDelay_ms, 0
$03B3	$00F0			MOVWF	STACK_0
$03B4	$084E			MOVF	FARG_VDelay_ms+1, 0
$03B5	$00F1			MOVWF	STACK_0+1
$03B6	$01F2			CLRF	STACK_0+2
$03B7	$01F3			CLRF	STACK_0+3
$03B8	$30E8			MOVLW	232
$03B9	$00F4			MOVWF	STACK_4
$03BA	$3003			MOVLW	3
$03BB	$00F5			MOVWF	STACK_4+1
$03BC	$3000			MOVLW	0
$03BD	$00F6			MOVWF	STACK_4+2
$03BE	$3000			MOVLW	0
$03BF	$00F7			MOVWF	STACK_4+3
$03C0	$24F6			CALL	_mul_32x32_u
$03C1	$0870			MOVF	STACK_0, 0
$03C2	$00CF			MOVWF	_vdelay_ms_local_numberofcyc
$03C3	$0871			MOVF	STACK_0+1, 0
$03C4	$00D0			MOVWF	_vdelay_ms_local_numberofcyc+1
$03C5	$0872			MOVF	STACK_0+2, 0
$03C6	$00D1			MOVWF	_vdelay_ms_local_numberofcyc+2
$03C7	$0873			MOVF	STACK_0+3, 0
$03C8	$00D2			MOVWF	_vdelay_ms_local_numberofcyc+3
;delays.pbas,69 :: 		if NumberOfCyc < 675 then
$03C9	$3000			MOVLW	0
$03CA	$0273			SUBWF	STACK_0+3, 0
$03CB	$1D03			BTFSS	STATUS, Z
$03CC	$2BD7			GOTO	L_VDelay_ms_0
$03CD	$3000			MOVLW	0
$03CE	$0272			SUBWF	STACK_0+2, 0
$03CF	$1D03			BTFSS	STATUS, Z
$03D0	$2BD7			GOTO	L_VDelay_ms_0
$03D1	$3002			MOVLW	2
$03D2	$0271			SUBWF	STACK_0+1, 0
$03D3	$1D03			BTFSS	STATUS, Z
$03D4	$2BD7			GOTO	L_VDelay_ms_0
$03D5	$30A3			MOVLW	163
$03D6	$0270			SUBWF	STACK_0, 0
$03D7	$	L_VDelay_ms_0:
$03D7	$1803			BTFSC	STATUS, C
$03D8	$2BDA			GOTO	delays_L_19
$03D9	$	delays_L_18:
;delays.pbas,70 :: 		exit
$03D9	$2C31			GOTO	delays_L_17
$03DA	$	delays_L_19:
;delays.pbas,71 :: 		end if
$03DA	$	delays_L_20:
;delays.pbas,72 :: 		NumberOfCyc = NumberOfCyc - 675
$03DA	$30A3			MOVLW	163
$03DB	$00F0			MOVWF	STACK_0
$03DC	$3002			MOVLW	2
$03DD	$00F1			MOVWF	STACK_0+1
$03DE	$01F2			CLRF	STACK_0+2
$03DF	$01F3			CLRF	STACK_0+3
$03E0	$084F			MOVF	_vdelay_ms_local_numberofcyc, 0
$03E1	$00F4			MOVWF	STACK_4
$03E2	$0850			MOVF	_vdelay_ms_local_numberofcyc+1, 0
$03E3	$00F5			MOVWF	STACK_4+1
$03E4	$0851			MOVF	_vdelay_ms_local_numberofcyc+2, 0
$03E5	$00F6			MOVWF	STACK_4+2
$03E6	$0852			MOVF	_vdelay_ms_local_numberofcyc+3, 0
$03E7	$00F7			MOVWF	STACK_4+3
$03E8	$0870			MOVF	STACK_0, 0
$03E9	$02F4			SUBWF	STACK_4, 1
$03EA	$0871			MOVF	STACK_0+1, 0
$03EB	$1C03			BTFSS	STATUS, C
$03EC	$0F71			INCFSZ	STACK_0+1, 0
$03ED	$02F5			SUBWF	STACK_4+1, 1
$03EE	$0872			MOVF	STACK_0+2, 0
$03EF	$1C03			BTFSS	STATUS, C
$03F0	$0F72			INCFSZ	STACK_0+2, 0
$03F1	$02F6			SUBWF	STACK_4+2, 1
$03F2	$0873			MOVF	STACK_0+3, 0
$03F3	$1C03			BTFSS	STATUS, C
$03F4	$0F73			INCFSZ	STACK_0+3, 0
$03F5	$02F7			SUBWF	STACK_4+3, 1
$03F6	$0874			MOVF	STACK_4, 0
$03F7	$00CF			MOVWF	_vdelay_ms_local_numberofcyc
$03F8	$0875			MOVF	STACK_4+1, 0
$03F9	$00D0			MOVWF	_vdelay_ms_local_numberofcyc+1
$03FA	$0876			MOVF	STACK_4+2, 0
$03FB	$00D1			MOVWF	_vdelay_ms_local_numberofcyc+2
$03FC	$0877			MOVF	STACK_4+3, 0
$03FD	$00D2			MOVWF	_vdelay_ms_local_numberofcyc+3
;delays.pbas,73 :: 		NumberOfCyc = NumberOfCyc >> 5  ' Dec and While below take around 32 instructions
$03FE	$3005			MOVLW	5
$03FF	$00F0			MOVWF	STACK_0
$0400	$0874			MOVF	STACK_4, 0
$0401	$00CF			MOVWF	_vdelay_ms_local_numberofcyc
$0402	$0875			MOVF	STACK_4+1, 0
$0403	$00D0			MOVWF	_vdelay_ms_local_numberofcyc+1
$0404	$0876			MOVF	STACK_4+2, 0
$0405	$00D1			MOVWF	_vdelay_ms_local_numberofcyc+2
$0406	$0877			MOVF	STACK_4+3, 0
$0407	$00D2			MOVWF	_vdelay_ms_local_numberofcyc+3
$0408	$0870			MOVF	STACK_0, 0
$0409	$	L_VDelay_ms_1:
$0409	$1903			BTFSC	STATUS, Z
$040A	$2C12			GOTO	L_VDelay_ms_2
$040B	$0CD2			RRF	_vdelay_ms_local_numberofcyc+3, 1
$040C	$0CD1			RRF	_vdelay_ms_local_numberofcyc+2, 1
$040D	$0CD0			RRF	_vdelay_ms_local_numberofcyc+1, 1
$040E	$0CCF			RRF	_vdelay_ms_local_numberofcyc, 1
$040F	$13D2			BCF	_vdelay_ms_local_numberofcyc+3, 7
$0410	$3FFF			ADDLW	255
$0411	$2C09			GOTO	L_VDelay_ms_1
$0412	$	L_VDelay_ms_2:
;delays.pbas,74 :: 		while ( Lo(NumberOfCyc) or Hi(NumberOfCyc) or Higher(NumberOfCyc) or Highest(NumberOfCyc) ) <> 0
$0412	$	delays_L_22:
$0412	$30FF			MOVLW	255
$0413	$054F			ANDWF	_vdelay_ms_local_numberofcyc, 0
$0414	$00F8			MOVWF	STACK_8
$0415	$0850			MOVF	_vdelay_ms_local_numberofcyc+1, 0
$0416	$00F0			MOVWF	STACK_0
$0417	$0870			MOVF	STACK_0, 0
$0418	$04F8			IORWF	STACK_8, 1
$0419	$0851			MOVF	_vdelay_ms_local_numberofcyc+2, 0
$041A	$00F0			MOVWF	STACK_0
$041B	$0852			MOVF	_vdelay_ms_local_numberofcyc+3, 0
$041C	$00F1			MOVWF	STACK_0+1
$041D	$0870			MOVF	STACK_0, 0
$041E	$04F8			IORWF	STACK_8, 1
$041F	$0852			MOVF	_vdelay_ms_local_numberofcyc+3, 0
$0420	$00F0			MOVWF	STACK_0
$0421	$0870			MOVF	STACK_0, 0
$0422	$0478			IORWF	STACK_8, 0
$0423	$00F4			MOVWF	STACK_4
$0424	$0874			MOVF	STACK_4, 0
$0425	$3A00			XORLW	0
$0426	$1903			BTFSC	STATUS, Z
$0427	$2C31			GOTO	delays_L_23
;delays.pbas,75 :: 		Dec(NumberOfCyc)
$0428	$3001			MOVLW	1
$0429	$02CF			SUBWF	_vdelay_ms_local_numberofcyc, 1
$042A	$1C03			BTFSS	STATUS, C
$042B	$02D0			SUBWF	_vdelay_ms_local_numberofcyc+1, 1
$042C	$1C03			BTFSS	STATUS, C
$042D	$02D1			SUBWF	_vdelay_ms_local_numberofcyc+2, 1
$042E	$1C03			BTFSS	STATUS, C
$042F	$02D2			SUBWF	_vdelay_ms_local_numberofcyc+3, 1
$0430	$2C12			GOTO	delays_L_22
$0431	$	delays_L_23:
;delays.pbas,76 :: 		wend
$0431	$	delays_L_17:
$0431	$0008			RETURN
$0432	$	_usart_read_text:
;USART_b75.ppas,78 :: 		
;USART_b75.ppas,79 :: 		
$0432	$1303			BCF	STATUS, RP1
$0433	$1283			BCF	STATUS, RP0
$0434	$01C2			CLRF	_usart_read_text_local_i, 1
;USART_b75.ppas,80 :: 		
$0435	$01C3			CLRF	_usart_read_text_local_j, 1
;USART_b75.ppas,81 :: 		
$0436	$01C6			CLRF	_usart_read_text_local_lasti, 1
;USART_b75.ppas,82 :: 		
$0437	$0841			MOVF	FARG_Usart_Read_Text+1, 0
$0438	$0084			MOVWF	FSR
$0439	$0800			MOVF	INDF, 0
$043A	$00C5			MOVWF	_usart_read_text_local_data2
;USART_b75.ppas,83 :: 		
$043B	$	USART_b75_L_29:
;USART_b75.ppas,85 :: 		
$043B	$2580			CALL	_usart_data_ready
$043C	$0870			MOVF	STACK_0, 0
$043D	$3A00			XORLW	0
$043E	$1903			BTFSC	STATUS, Z
$043F	$2C6B			GOTO	USART_b75_L_34
$0440	$	USART_b75_L_33:
;USART_b75.ppas,87 :: 		
$0440	$255F			CALL	_usart_read
$0441	$0870			MOVF	STACK_0, 0
$0442	$00C4			MOVWF	_usart_read_text_local_data
;USART_b75.ppas,88 :: 		
$0443	$0842			MOVF	_usart_read_text_local_i, 0
$0444	$0740			ADDWF	FARG_Usart_Read_Text, 0
$0445	$00F1			MOVWF	STACK_1
$0446	$0871			MOVF	STACK_1, 0
$0447	$0084			MOVWF	FSR
$0448	$0871			MOVF	STACK_1, 0
$0449	$0084			MOVWF	FSR
$044A	$0870			MOVF	STACK_0, 0
$044B	$0080			MOVWF	INDF
;USART_b75.ppas,89 :: 		
$044C	$0844			MOVF	_usart_read_text_local_data, 0
$044D	$0645			XORWF	_usart_read_text_local_data2, 0
$044E	$1D03			BTFSS	STATUS, Z
$044F	$2C55			GOTO	USART_b75_L_37
$0450	$	USART_b75_L_36:
;USART_b75.ppas,91 :: 		
$0450	$0843			MOVF	_usart_read_text_local_j, 0
$0451	$0242			SUBWF	_usart_read_text_local_i, 0
$0452	$00C6			MOVWF	_usart_read_text_local_lasti
;USART_b75.ppas,92 :: 		
$0453	$0AC3			INCF	_usart_read_text_local_j, 1
;USART_b75.ppas,93 :: 		
$0454	$2C57			GOTO	USART_b75_L_38
;USART_b75.ppas,94 :: 		
$0455	$	USART_b75_L_37:
;USART_b75.ppas,96 :: 		
$0455	$01C3			CLRF	_usart_read_text_local_j, 1
;USART_b75.ppas,97 :: 		
$0456	$01C6			CLRF	_usart_read_text_local_lasti, 1
;USART_b75.ppas,98 :: 		
$0457	$	USART_b75_L_38:
;USART_b75.ppas,100 :: 		
$0457	$0843			MOVF	_usart_read_text_local_j, 0
$0458	$0741			ADDWF	FARG_Usart_Read_Text+1, 0
$0459	$0084			MOVWF	FSR
$045A	$0800			MOVF	INDF, 0
$045B	$00F1			MOVWF	STACK_1
$045C	$0871			MOVF	STACK_1, 0
$045D	$00C5			MOVWF	_usart_read_text_local_data2
;USART_b75.ppas,102 :: 		
$045E	$0871			MOVF	STACK_1, 0
$045F	$3A00			XORLW	0
$0460	$1D03			BTFSS	STATUS, Z
$0461	$2C63			GOTO	USART_b75_L_40
$0462	$	USART_b75_L_39:
;USART_b75.ppas,103 :: 		
$0462	$2C6C			GOTO	USART_b75_L_30
$0463	$	USART_b75_L_40:
$0463	$	USART_b75_L_41:
;USART_b75.ppas,105 :: 		
$0463	$0AC2			INCF	_usart_read_text_local_i, 1
;USART_b75.ppas,106 :: 		
$0464	$0842			MOVF	_usart_read_text_local_i, 0
$0465	$3C14			SUBLW	20
$0466	$1803			BTFSC	STATUS, C
$0467	$2C6B			GOTO	USART_b75_L_43
$0468	$	USART_b75_L_42:
;USART_b75.ppas,108 :: 		
$0468	$3013			MOVLW	19
$0469	$00C6			MOVWF	_usart_read_text_local_lasti
;USART_b75.ppas,109 :: 		
$046A	$2C6C			GOTO	USART_b75_L_30
;USART_b75.ppas,110 :: 		
$046B	$	USART_b75_L_43:
$046B	$	USART_b75_L_44:
;USART_b75.ppas,111 :: 		
$046B	$	USART_b75_L_34:
$046B	$	USART_b75_L_35:
;USART_b75.ppas,112 :: 		
$046B	$2C3B			GOTO	USART_b75_L_29
$046C	$	USART_b75_L_30:
;USART_b75.ppas,113 :: 		
$046C	$0846			MOVF	_usart_read_text_local_lasti, 0
$046D	$0740			ADDWF	FARG_Usart_Read_Text, 0
$046E	$00F0			MOVWF	STACK_0
$046F	$0870			MOVF	STACK_0, 0
$0470	$0084			MOVWF	FSR
$0471	$0870			MOVF	STACK_0, 0
$0472	$0084			MOVWF	FSR
$0473	$0180			CLRF	INDF, 1
$0474	$	USART_b75_L_27:
;USART_b75.ppas,114 :: 		
$0474	$0008			RETURN
$0132	$	_strtoint:
;conv.ppas,343 :: 		
;conv.ppas,345 :: 		
$0132	$1303			BCF	STATUS, RP1
$0133	$1283			BCF	STATUS, RP0
$0134	$01C1			CLRF	_strtoint_local_result
$0135	$01C2			CLRF	_strtoint_local_result+1
;conv.ppas,346 :: 		
$0136	$3010			MOVLW	16
$0137	$00C5			MOVWF	_strtoint_local_ep
$0138	$3027			MOVLW	39
$0139	$00C6			MOVWF	_strtoint_local_ep+1
;conv.ppas,347 :: 		
$013A	$01C3			CLRF	_strtoint_local_i
$013B	$01C4			CLRF	_strtoint_local_i+1
;conv.ppas,348 :: 		
$013C	$01C9			CLRF	_strtoint_local_tmp
$013D	$01CA			CLRF	_strtoint_local_tmp+1
$013E	$01CB			CLRF	_strtoint_local_tmp+2
$013F	$01CC			CLRF	_strtoint_local_tmp+3
;conv.ppas,349 :: 		
$0140	$01C7			CLRF	_strtoint_local_negative
$0141	$01C8			CLRF	_strtoint_local_negative+1
;conv.ppas,353 :: 		
$0142	$	conv_L_172:
$0142	$0843			MOVF	_strtoint_local_i, 0
$0143	$0740			ADDWF	FARG_StrToInt, 0
$0144	$0084			MOVWF	FSR
$0145	$0800			MOVF	INDF, 0
$0146	$00F4			MOVWF	STACK_4
$0147	$0874			MOVF	STACK_4, 0
$0148	$3A00			XORLW	0
$0149	$1903			BTFSC	STATUS, Z
$014A	$29AE			GOTO	conv_L_173
;conv.ppas,355 :: 		
$014B	$0843			MOVF	_strtoint_local_i, 0
$014C	$0740			ADDWF	FARG_StrToInt, 0
$014D	$0084			MOVWF	FSR
$014E	$0800			MOVF	INDF, 0
$014F	$00F4			MOVWF	STACK_4
$0150	$0874			MOVF	STACK_4, 0
$0151	$3A2D			XORLW	45
$0152	$1D03			BTFSS	STATUS, Z
$0153	$295B			GOTO	conv_L_177
$0154	$	conv_L_176:
;conv.ppas,357 :: 		
$0154	$30FF			MOVLW	255
$0155	$00C7			MOVWF	_strtoint_local_negative
$0156	$01C8			CLRF	_strtoint_local_negative+1
;conv.ppas,358 :: 		
$0157	$0AC3			INCF	_strtoint_local_i, 1
$0158	$1903			BTFSC	STATUS, Z
$0159	$0AC4			INCF	_strtoint_local_i+1, 1
;conv.ppas,359 :: 		
$015A	$2942			GOTO	conv_L_172
;conv.ppas,360 :: 		
$015B	$	conv_L_177:
$015B	$	conv_L_178:
;conv.ppas,361 :: 		
$015B	$0843			MOVF	_strtoint_local_i, 0
$015C	$0740			ADDWF	FARG_StrToInt, 0
$015D	$0084			MOVWF	FSR
$015E	$0800			MOVF	INDF, 0
$015F	$00F4			MOVWF	STACK_4
$0160	$0874			MOVF	STACK_4, 0
$0161	$3A20			XORLW	32
$0162	$1903			BTFSC	STATUS, Z
$0163	$299E			GOTO	conv_L_180
$0164	$	conv_L_179:
;conv.ppas,362 :: 		
$0164	$0843			MOVF	_strtoint_local_i, 0
$0165	$0740			ADDWF	FARG_StrToInt, 0
$0166	$0084			MOVWF	FSR
$0167	$0800			MOVF	INDF, 0
$0168	$00F0			MOVWF	STACK_0
$0169	$3030			MOVLW	48
$016A	$00F8			MOVWF	STACK_8
$016B	$01F9			CLRF	STACK_8+1
$016C	$01FA			CLRF	STACK_8+2
$016D	$01FB			CLRF	STACK_8+3
$016E	$0870			MOVF	STACK_0, 0
$016F	$00F4			MOVWF	STACK_4
$0170	$01F5			CLRF	STACK_4+1
$0171	$01F6			CLRF	STACK_4+2
$0172	$01F7			CLRF	STACK_4+3
$0173	$0874			MOVF	STACK_4, 0
$0174	$00F0			MOVWF	STACK_0
$0175	$0875			MOVF	STACK_4+1, 0
$0176	$00F1			MOVWF	STACK_0+1
$0177	$0876			MOVF	STACK_4+2, 0
$0178	$00F2			MOVWF	STACK_0+2
$0179	$0877			MOVF	STACK_4+3, 0
$017A	$00F3			MOVWF	STACK_0+3
$017B	$0878			MOVF	STACK_8, 0
$017C	$02F0			SUBWF	STACK_0, 1
$017D	$0879			MOVF	STACK_8+1, 0
$017E	$1C03			BTFSS	STATUS, C
$017F	$0F79			INCFSZ	STACK_8+1, 0
$0180	$02F1			SUBWF	STACK_0+1, 1
$0181	$087A			MOVF	STACK_8+2, 0
$0182	$1C03			BTFSS	STATUS, C
$0183	$0F7A			INCFSZ	STACK_8+2, 0
$0184	$02F2			SUBWF	STACK_0+2, 1
$0185	$087B			MOVF	STACK_8+3, 0
$0186	$1C03			BTFSS	STATUS, C
$0187	$0F7B			INCFSZ	STACK_8+3, 0
$0188	$02F3			SUBWF	STACK_0+3, 1
$0189	$0845			MOVF	_strtoint_local_ep, 0
$018A	$00F4			MOVWF	STACK_4
$018B	$0846			MOVF	_strtoint_local_ep+1, 0
$018C	$00F5			MOVWF	STACK_4+1
$018D	$01F6			CLRF	STACK_4+2
$018E	$01F7			CLRF	STACK_4+3
$018F	$24BB			CALL	_mul_32x32_s
$0190	$0870			MOVF	STACK_0, 0
$0191	$07C9			ADDWF	_strtoint_local_tmp, 1
$0192	$0871			MOVF	STACK_0+1, 0
$0193	$1803			BTFSC	STATUS, C
$0194	$0F71			INCFSZ	STACK_0+1, 0
$0195	$07CA			ADDWF	_strtoint_local_tmp+1, 1
$0196	$0872			MOVF	STACK_0+2, 0
$0197	$1803			BTFSC	STATUS, C
$0198	$0F72			INCFSZ	STACK_0+2, 0
$0199	$07CB			ADDWF	_strtoint_local_tmp+2, 1
$019A	$0873			MOVF	STACK_0+3, 0
$019B	$1803			BTFSC	STATUS, C
$019C	$0F73			INCFSZ	STACK_0+3, 0
$019D	$07CC			ADDWF	_strtoint_local_tmp+3, 1
$019E	$	conv_L_180:
$019E	$	conv_L_181:
;conv.ppas,363 :: 		
$019E	$300A			MOVLW	10
$019F	$00F4			MOVWF	STACK_4
$01A0	$01F5			CLRF	STACK_4+1
$01A1	$0845			MOVF	_strtoint_local_ep, 0
$01A2	$00F0			MOVWF	STACK_0
$01A3	$0846			MOVF	_strtoint_local_ep+1, 0
$01A4	$00F1			MOVWF	STACK_0+1
$01A5	$252D			CALL	_div_16x16_u
$01A6	$0870			MOVF	STACK_0, 0
$01A7	$00C5			MOVWF	_strtoint_local_ep
$01A8	$0871			MOVF	STACK_0+1, 0
$01A9	$00C6			MOVWF	_strtoint_local_ep+1
;conv.ppas,365 :: 		
$01AA	$0AC3			INCF	_strtoint_local_i, 1
$01AB	$1903			BTFSC	STATUS, Z
$01AC	$0AC4			INCF	_strtoint_local_i+1, 1
;conv.ppas,366 :: 		
$01AD	$2942			GOTO	conv_L_172
$01AE	$	conv_L_173:
;conv.ppas,370 :: 		
$01AE	$0847			MOVF	_strtoint_local_negative, 0
$01AF	$0448			IORWF	_strtoint_local_negative+1, 0
$01B0	$1903			BTFSC	STATUS, Z
$01B1	$29B6			GOTO	conv_L_183
$01B2	$	conv_L_182:
$01B2	$3006			MOVLW	6
$01B3	$00C5			MOVWF	_strtoint_local_ep
$01B4	$01C6			CLRF	_strtoint_local_ep+1
$01B5	$29B9			GOTO	conv_L_184
;conv.ppas,371 :: 		
$01B6	$	conv_L_183:
$01B6	$3005			MOVLW	5
$01B7	$00C5			MOVWF	_strtoint_local_ep
$01B8	$01C6			CLRF	_strtoint_local_ep+1
$01B9	$	conv_L_184:
;conv.ppas,373 :: 		
$01B9	$	conv_L_186:
$01B9	$0844			MOVF	_strtoint_local_i+1, 0
$01BA	$0646			XORWF	_strtoint_local_ep+1, 0
$01BB	$1D03			BTFSS	STATUS, Z
$01BC	$29BF			GOTO	L_StrToInt_20
$01BD	$0845			MOVF	_strtoint_local_ep, 0
$01BE	$0643			XORWF	_strtoint_local_i, 0
$01BF	$	L_StrToInt_20:
$01BF	$1903			BTFSC	STATUS, Z
$01C0	$29DB			GOTO	conv_L_187
;conv.ppas,375 :: 		
$01C1	$300A			MOVLW	10
$01C2	$00F4			MOVWF	STACK_4
$01C3	$01F5			CLRF	STACK_4+1
$01C4	$01F6			CLRF	STACK_4+2
$01C5	$01F7			CLRF	STACK_4+3
$01C6	$0849			MOVF	_strtoint_local_tmp, 0
$01C7	$00F0			MOVWF	STACK_0
$01C8	$084A			MOVF	_strtoint_local_tmp+1, 0
$01C9	$00F1			MOVWF	STACK_0+1
$01CA	$084B			MOVF	_strtoint_local_tmp+2, 0
$01CB	$00F2			MOVWF	STACK_0+2
$01CC	$084C			MOVF	_strtoint_local_tmp+3, 0
$01CD	$00F3			MOVWF	STACK_0+3
$01CE	$2293			CALL	_div_32x32_s
$01CF	$0870			MOVF	STACK_0, 0
$01D0	$00C9			MOVWF	_strtoint_local_tmp
$01D1	$0871			MOVF	STACK_0+1, 0
$01D2	$00CA			MOVWF	_strtoint_local_tmp+1
$01D3	$0872			MOVF	STACK_0+2, 0
$01D4	$00CB			MOVWF	_strtoint_local_tmp+2
$01D5	$0873			MOVF	STACK_0+3, 0
$01D6	$00CC			MOVWF	_strtoint_local_tmp+3
;conv.ppas,376 :: 		
$01D7	$0AC3			INCF	_strtoint_local_i, 1
$01D8	$1903			BTFSC	STATUS, Z
$01D9	$0AC4			INCF	_strtoint_local_i+1, 1
;conv.ppas,377 :: 		
$01DA	$29B9			GOTO	conv_L_186
$01DB	$	conv_L_187:
;conv.ppas,380 :: 		
$01DB	$0849			MOVF	_strtoint_local_tmp, 0
$01DC	$00C1			MOVWF	_strtoint_local_result
$01DD	$084A			MOVF	_strtoint_local_tmp+1, 0
$01DE	$00C2			MOVWF	_strtoint_local_result+1
;conv.ppas,382 :: 		
$01DF	$3000			MOVLW	0
$01E0	$0648			XORWF	_strtoint_local_negative+1, 0
$01E1	$1D03			BTFSS	STATUS, Z
$01E2	$29E5			GOTO	L_StrToInt_21
$01E3	$30FF			MOVLW	255
$01E4	$0647			XORWF	_strtoint_local_negative, 0
$01E5	$	L_StrToInt_21:
$01E5	$1D03			BTFSS	STATUS, Z
$01E6	$29EF			GOTO	conv_L_191
$01E7	$	conv_L_190:
;conv.ppas,383 :: 		
$01E7	$0841			MOVF	_strtoint_local_result, 0
$01E8	$3C00			SUBLW	0
$01E9	$00C1			MOVWF	_strtoint_local_result
$01EA	$0842			MOVF	_strtoint_local_result+1, 0
$01EB	$1C03			BTFSS	STATUS, C
$01EC	$3F01			ADDLW	1
$01ED	$01C2			CLRF	_strtoint_local_result+1
$01EE	$02C2			SUBWF	_strtoint_local_result+1, 1
$01EF	$	conv_L_191:
$01EF	$	conv_L_192:
$01EF	$	conv_L_170:
;conv.ppas,384 :: 		
$01EF	$0841			MOVF	_strtoint_local_result, 0
$01F0	$00F0			MOVWF	STACK_0
$01F1	$0842			MOVF	_strtoint_local_result+1, 0
$01F2	$00F1			MOVWF	STACK_0+1
$01F3	$0008			RETURN
$0475	$	_strcmp:
;StringsLib.ppas,172 :: 		
;StringsLib.ppas,173 :: 		
$0475	$1303			BCF	STATUS, RP1
$0476	$1283			BCF	STATUS, RP0
$0477	$01C4			CLRF	_strcmp_local_i, 1
;StringsLib.ppas,174 :: 		
$0478	$0840			MOVF	FARG_strcmp, 0
$0479	$0084			MOVWF	FSR
$047A	$0800			MOVF	INDF, 0
$047B	$00C2			MOVWF	_strcmp_local_result
$047C	$01C3			CLRF	_strcmp_local_result+1
;StringsLib.ppas,175 :: 		
$047D	$0841			MOVF	FARG_strcmp+1, 0
$047E	$0084			MOVWF	FSR
$047F	$0800			MOVF	INDF, 0
$0480	$00F0			MOVWF	STACK_0
;StringsLib.ppas,176 :: 		
$0481	$3000			MOVLW	0
$0482	$00C3			MOVWF	_strcmp_local_result+1
$0483	$0870			MOVF	STACK_0, 0
$0484	$02C2			SUBWF	_strcmp_local_result, 1
$0485	$1C03			BTFSS	STATUS, C
$0486	$03C3			DECF	_strcmp_local_result+1, 1
;StringsLib.ppas,177 :: 		
$0487	$	StringsLib_L_77:
$0487	$3000			MOVLW	0
$0488	$0643			XORWF	_strcmp_local_result+1, 0
$0489	$1D03			BTFSS	STATUS, Z
$048A	$2C8D			GOTO	L_strcmp_8
$048B	$3000			MOVLW	0
$048C	$0642			XORWF	_strcmp_local_result, 0
$048D	$	L_strcmp_8:
$048D	$30FF			MOVLW	255
$048E	$1D03			BTFSS	STATUS, Z
$048F	$3000			MOVLW	0
$0490	$00F3			MOVWF	STACK_3
$0491	$0844			MOVF	_strcmp_local_i, 0
$0492	$0740			ADDWF	FARG_strcmp, 0
$0493	$0084			MOVWF	FSR
$0494	$0800			MOVF	INDF, 0
$0495	$00F2			MOVWF	STACK_2
$0496	$0872			MOVF	STACK_2, 0
$0497	$3A00			XORLW	0
$0498	$30FF			MOVLW	255
$0499	$1903			BTFSC	STATUS, Z
$049A	$3000			MOVLW	0
$049B	$00F0			MOVWF	STACK_0
$049C	$0873			MOVF	STACK_3, 0
$049D	$05F0			ANDWF	STACK_0, 1
$049E	$1903			BTFSC	STATUS, Z
$049F	$2CB6			GOTO	StringsLib_L_78
;StringsLib.ppas,179 :: 		
$04A0	$0A44			INCF	_strcmp_local_i, 0
$04A1	$00F0			MOVWF	STACK_0
$04A2	$0870			MOVF	STACK_0, 0
$04A3	$00C4			MOVWF	_strcmp_local_i
;StringsLib.ppas,180 :: 		
$04A4	$0870			MOVF	STACK_0, 0
$04A5	$0740			ADDWF	FARG_strcmp, 0
$04A6	$0084			MOVWF	FSR
$04A7	$0800			MOVF	INDF, 0
$04A8	$00C2			MOVWF	_strcmp_local_result
$04A9	$01C3			CLRF	_strcmp_local_result+1
;StringsLib.ppas,181 :: 		
$04AA	$0870			MOVF	STACK_0, 0
$04AB	$0741			ADDWF	FARG_strcmp+1, 0
$04AC	$0084			MOVWF	FSR
$04AD	$0800			MOVF	INDF, 0
$04AE	$00F0			MOVWF	STACK_0
;StringsLib.ppas,182 :: 		
$04AF	$3000			MOVLW	0
$04B0	$00C3			MOVWF	_strcmp_local_result+1
$04B1	$0870			MOVF	STACK_0, 0
$04B2	$02C2			SUBWF	_strcmp_local_result, 1
$04B3	$1C03			BTFSS	STATUS, C
$04B4	$03C3			DECF	_strcmp_local_result+1, 1
;StringsLib.ppas,183 :: 		
$04B5	$2C87			GOTO	StringsLib_L_77
$04B6	$	StringsLib_L_78:
$04B6	$	StringsLib_L_75:
;StringsLib.ppas,184 :: 		
$04B6	$0842			MOVF	_strcmp_local_result, 0
$04B7	$00F0			MOVWF	STACK_0
$04B8	$0843			MOVF	_strcmp_local_result+1, 0
$04B9	$00F1			MOVWF	STACK_0+1
$04BA	$0008			RETURN
$032D	$	_giramotor:
;controle.pbas,12 :: 		sub procedure giraMotor(dim ciclo as integer)
;controle.pbas,14 :: 		for i = 1 to ciclo
$032D	$3001			MOVLW	1
$032E	$1303			BCF	STATUS, RP1
$032F	$1283			BCF	STATUS, RP0
$0330	$00A1			MOVWF	_i
$0331	$01A2			CLRF	_i+1
$0332	$	controle_L_1:
$0332	$3080			MOVLW	128
$0333	$0641			XORWF	FARG_giraMotor+1, 0
$0334	$00F0			MOVWF	STACK_0
$0335	$3080			MOVLW	128
$0336	$0622			XORWF	_i+1, 0
$0337	$0270			SUBWF	STACK_0, 0
$0338	$1D03			BTFSS	STATUS, Z
$0339	$2B3C			GOTO	L_giraMotor_0
$033A	$0821			MOVF	_i, 0
$033B	$0240			SUBWF	FARG_giraMotor, 0
$033C	$	L_giraMotor_0:
$033C	$1C03			BTFSS	STATUS, C
$033D	$2BA9			GOTO	controle_L_4
;controle.pbas,16 :: 		if (invert = true) and (half = false) then
$033E	$0823			MOVF	_invert, 0
$033F	$3AFF			XORLW	255
$0340	$30FF			MOVLW	255
$0341	$1D03			BTFSS	STATUS, Z
$0342	$3000			MOVLW	0
$0343	$00F1			MOVWF	STACK_1
$0344	$0824			MOVF	_half, 0
$0345	$3A00			XORLW	0
$0346	$30FF			MOVLW	255
$0347	$1D03			BTFSS	STATUS, Z
$0348	$3000			MOVLW	0
$0349	$00F0			MOVWF	STACK_0
$034A	$0871			MOVF	STACK_1, 0
$034B	$05F0			ANDWF	STACK_0, 1
$034C	$1903			BTFSC	STATUS, Z
$034D	$2B56			GOTO	controle_L_6
$034E	$	controle_L_5:
;controle.pbas,17 :: 		PORTC = 3 vdelay_ms(tmpOn)
$034E	$3003			MOVLW	3
$034F	$0087			MOVWF	PORTC
$0350	$0825			MOVF	_tmpon, 0
$0351	$00CD			MOVWF	FARG_VDelay_ms
$0352	$0826			MOVF	_tmpon+1, 0
$0353	$00CE			MOVWF	FARG_VDelay_ms+1
$0354	$23AA			CALL	_vdelay_ms
$0355	$2B9D			GOTO	controle_L_7
;controle.pbas,18 :: 		else
$0356	$	controle_L_6:
;controle.pbas,19 :: 		if (invert = true) and (half = true) then
$0356	$0823			MOVF	_invert, 0
$0357	$3AFF			XORLW	255
$0358	$30FF			MOVLW	255
$0359	$1D03			BTFSS	STATUS, Z
$035A	$3000			MOVLW	0
$035B	$00F1			MOVWF	STACK_1
$035C	$0824			MOVF	_half, 0
$035D	$3AFF			XORLW	255
$035E	$30FF			MOVLW	255
$035F	$1D03			BTFSS	STATUS, Z
$0360	$3000			MOVLW	0
$0361	$00F0			MOVWF	STACK_0
$0362	$0871			MOVF	STACK_1, 0
$0363	$05F0			ANDWF	STACK_0, 1
$0364	$1903			BTFSC	STATUS, Z
$0365	$2B6E			GOTO	controle_L_9
$0366	$	controle_L_8:
;controle.pbas,20 :: 		PORTC = 7 vdelay_ms(tmpOn)
$0366	$3007			MOVLW	7
$0367	$0087			MOVWF	PORTC
$0368	$0825			MOVF	_tmpon, 0
$0369	$00CD			MOVWF	FARG_VDelay_ms
$036A	$0826			MOVF	_tmpon+1, 0
$036B	$00CE			MOVWF	FARG_VDelay_ms+1
$036C	$23AA			CALL	_vdelay_ms
$036D	$2B9D			GOTO	controle_L_10
;controle.pbas,21 :: 		else
$036E	$	controle_L_9:
;controle.pbas,22 :: 		if (invert = false) and (half = true) then
$036E	$0823			MOVF	_invert, 0
$036F	$3A00			XORLW	0
$0370	$30FF			MOVLW	255
$0371	$1D03			BTFSS	STATUS, Z
$0372	$3000			MOVLW	0
$0373	$00F1			MOVWF	STACK_1
$0374	$0824			MOVF	_half, 0
$0375	$3AFF			XORLW	255
$0376	$30FF			MOVLW	255
$0377	$1D03			BTFSS	STATUS, Z
$0378	$3000			MOVLW	0
$0379	$00F0			MOVWF	STACK_0
$037A	$0871			MOVF	STACK_1, 0
$037B	$05F0			ANDWF	STACK_0, 1
$037C	$1903			BTFSC	STATUS, Z
$037D	$2B86			GOTO	controle_L_12
$037E	$	controle_L_11:
;controle.pbas,23 :: 		PORTC = 5 vdelay_ms(tmpOn)
$037E	$3005			MOVLW	5
$037F	$0087			MOVWF	PORTC
$0380	$0825			MOVF	_tmpon, 0
$0381	$00CD			MOVWF	FARG_VDelay_ms
$0382	$0826			MOVF	_tmpon+1, 0
$0383	$00CE			MOVWF	FARG_VDelay_ms+1
$0384	$23AA			CALL	_vdelay_ms
$0385	$2B9D			GOTO	controle_L_13
;controle.pbas,24 :: 		else
$0386	$	controle_L_12:
;controle.pbas,25 :: 		if (invert = false) and (half = false) then
$0386	$0823			MOVF	_invert, 0
$0387	$3A00			XORLW	0
$0388	$30FF			MOVLW	255
$0389	$1D03			BTFSS	STATUS, Z
$038A	$3000			MOVLW	0
$038B	$00F1			MOVWF	STACK_1
$038C	$0824			MOVF	_half, 0
$038D	$3A00			XORLW	0
$038E	$30FF			MOVLW	255
$038F	$1D03			BTFSS	STATUS, Z
$0390	$3000			MOVLW	0
$0391	$00F0			MOVWF	STACK_0
$0392	$0871			MOVF	STACK_1, 0
$0393	$05F0			ANDWF	STACK_0, 1
$0394	$1903			BTFSC	STATUS, Z
$0395	$2B9D			GOTO	controle_L_15
$0396	$	controle_L_14:
;controle.pbas,26 :: 		PORTC = 1 vdelay_ms(tmpOn)
$0396	$3001			MOVLW	1
$0397	$0087			MOVWF	PORTC
$0398	$0825			MOVF	_tmpon, 0
$0399	$00CD			MOVWF	FARG_VDelay_ms
$039A	$0826			MOVF	_tmpon+1, 0
$039B	$00CE			MOVWF	FARG_VDelay_ms+1
$039C	$23AA			CALL	_vdelay_ms
$039D	$	controle_L_15:
;controle.pbas,27 :: 		end if
$039D	$	controle_L_16:
;controle.pbas,28 :: 		end if
$039D	$	controle_L_13:
;controle.pbas,29 :: 		end if
$039D	$	controle_L_10:
;controle.pbas,30 :: 		end if
$039D	$	controle_L_7:
;controle.pbas,32 :: 		next i
$039D	$0822			MOVF	_i+1, 0
$039E	$0641			XORWF	FARG_giraMotor+1, 0
$039F	$1D03			BTFSS	STATUS, Z
$03A0	$2BA3			GOTO	L_giraMotor_1
$03A1	$0840			MOVF	FARG_giraMotor, 0
$03A2	$0621			XORWF	_i, 0
$03A3	$	L_giraMotor_1:
$03A3	$1903			BTFSC	STATUS, Z
$03A4	$2BA9			GOTO	controle_L_4
$03A5	$	controle_L_2:
$03A5	$0AA1			INCF	_i, 1
$03A6	$1903			BTFSC	STATUS, Z
$03A7	$0AA2			INCF	_i+1, 1
$03A8	$2B32			GOTO	controle_L_1
$03A9	$	controle_L_4:
$03A9	$	controle_L_0:
$03A9	$0008			RETURN
$054A	$	_usart_init:
;USART_b75.ppas,22 :: 		
;USART_b75.ppas,24 :: 		
$054A	$	USART_b75_L_1:
$054A	$1303			BCF	STATUS, RP1
$054B	$1683			BSF	STATUS, RP0
$054C	$1698			BSF	TXSTA, 5
$054D	$	USART_b75_L_2:
;USART_b75.ppas,25 :: 		
$054D	$3090			MOVLW	144
$054E	$1283			BCF	STATUS, RP0
$054F	$0098			MOVWF	RCSTA
;USART_b75.ppas,31 :: 		
$0550	$	USART_b75_L_3:
$0550	$1683			BSF	STATUS, RP0
$0551	$1686			BSF	TRISB, 5
$0552	$	USART_b75_L_4:
;USART_b75.ppas,32 :: 		
$0552	$	USART_b75_L_5:
$0552	$1786			BSF	TRISB, 7
$0553	$	USART_b75_L_6:
;USART_b75.ppas,35 :: 		
$0553	$	USART_b75_L_8:
$0553	$1283			BCF	STATUS, RP0
$0554	$080C			MOVF	PIR1, 0
$0555	$00F1			MOVWF	STACK_1
$0556	$3000			MOVLW	0
$0557	$1AF1			BTFSC	STACK_1, 5
$0558	$3001			MOVLW	1
$0559	$00F1			MOVWF	STACK_1
$055A	$0871			MOVF	STACK_1, 0
$055B	$3A01			XORLW	1
$055C	$1903			BTFSC	STATUS, Z
$055D	$2D53			GOTO	USART_b75_L_8
;USART_b75.ppas,36 :: 		
$055E	$	USART_b75_L_9:
$055E	$	USART_b75_L_0:
;USART_b75.ppas,37 :: 		
$055E	$0008			RETURN
$01F4	$	_main:
;controle.pbas,36 :: 		main:
$01F4	$	_main_main:
;controle.pbas,37 :: 		TRISA=%11111111
$01F4	$30FF			MOVLW	255
$01F5	$1303			BCF	STATUS, RP1
$01F6	$1683			BSF	STATUS, RP0
$01F7	$0085			MOVWF	TRISA
;controle.pbas,38 :: 		TRISB=%01111111
$01F8	$307F			MOVLW	127
$01F9	$0086			MOVWF	TRISB
;controle.pbas,39 :: 		TRISC=%00000000
$01FA	$0187			CLRF	TRISC, 1
;controle.pbas,40 :: 		INTCON=%00000000
$01FB	$018B			CLRF	INTCON, 1
;controle.pbas,41 :: 		ANSEL=%00000000
$01FC	$1703			BSF	STATUS, RP1
$01FD	$1283			BCF	STATUS, RP0
$01FE	$019E			CLRF	ANSEL, 1
;controle.pbas,42 :: 		ANSELH=%00000000
$01FF	$019F			CLRF	ANSELH, 1
;controle.pbas,43 :: 		PORTC = 0
$0200	$1303			BCF	STATUS, RP1
$0201	$0187			CLRF	PORTC, 1
;controle.pbas,45 :: 		Usart_Init(9600)
$0202	$3019			MOVLW	25
$0203	$1683			BSF	STATUS, RP0
$0204	$0099			MOVWF	SPBRG
$0205	$1518			BSF	TXSTA, BRGH
$0206	$254A			CALL	_usart_init
;controle.pbas,47 :: 		tmpOn=180
$0207	$30B4			MOVLW	180
$0208	$00A5			MOVWF	_tmpon
$0209	$01A6			CLRF	_tmpon+1
;controle.pbas,48 :: 		invert=false
$020A	$01A3			CLRF	_invert, 1
;controle.pbas,49 :: 		half=false
$020B	$01A4			CLRF	_half, 1
;controle.pbas,51 :: 		executa:
$020C	$	_main_executa:
;controle.pbas,52 :: 		if Usart_Data_Ready() > 0 then
$020C	$2580			CALL	_usart_data_ready
$020D	$0870			MOVF	STACK_0, 0
$020E	$3C00			SUBLW	0
$020F	$1803			BTFSC	STATUS, C
$0210	$2A8D			GOTO	controle_L_19
$0211	$	controle_L_18:
;controle.pbas,54 :: 		Usart_Read_Text(valorStr,"-")
$0211	$3027			MOVLW	_valorstr
$0212	$00C0			MOVWF	FARG_Usart_Read_Text
$0213	$302D			MOVLW	45
$0214	$00BE			MOVWF	?main_Local_Text+0
$0215	$01BF			CLRF	?main_Local_Text+1
$0216	$303E			MOVLW	?main_Local_Text
$0217	$00C1			MOVWF	FARG_Usart_Read_Text+1
$0218	$2432			CALL	_usart_read_text
;controle.pbas,55 :: 		Usart_Read_Text(invertStr,"/")
$0219	$302E			MOVLW	_invertstr
$021A	$00C0			MOVWF	FARG_Usart_Read_Text
$021B	$302F			MOVLW	47
$021C	$00BE			MOVWF	?main_Local_Text+0
$021D	$01BF			CLRF	?main_Local_Text+1
$021E	$303E			MOVLW	?main_Local_Text
$021F	$00C1			MOVWF	FARG_Usart_Read_Text+1
$0220	$2432			CALL	_usart_read_text
;controle.pbas,56 :: 		Usart_Read_Text(forma,"\")
$0221	$3035			MOVLW	_forma
$0222	$00C0			MOVWF	FARG_Usart_Read_Text
$0223	$305C			MOVLW	92
$0224	$00BE			MOVWF	?main_Local_Text+0
$0225	$01BF			CLRF	?main_Local_Text+1
$0226	$303E			MOVLW	?main_Local_Text
$0227	$00C1			MOVWF	FARG_Usart_Read_Text+1
$0228	$2432			CALL	_usart_read_text
;controle.pbas,58 :: 		valor = StrToInt(valorStr)
$0229	$3027			MOVLW	_valorstr
$022A	$00C0			MOVWF	FARG_StrToInt
$022B	$2132			CALL	_strtoint
$022C	$0870			MOVF	STACK_0, 0
$022D	$00BC			MOVWF	_valor
$022E	$0871			MOVF	STACK_0+1, 0
$022F	$00BD			MOVWF	_valor+1
;controle.pbas,60 :: 		if strcmp(invertStr, "N") = 0 then
$0230	$302E			MOVLW	_invertstr
$0231	$00C0			MOVWF	FARG_strcmp
$0232	$304E			MOVLW	78
$0233	$00BE			MOVWF	?main_Local_Text+0
$0234	$01BF			CLRF	?main_Local_Text+1
$0235	$303E			MOVLW	?main_Local_Text
$0236	$00C1			MOVWF	FARG_strcmp+1
$0237	$2475			CALL	_strcmp
$0238	$3000			MOVLW	0
$0239	$0671			XORWF	STACK_0+1, 0
$023A	$1D03			BTFSS	STATUS, Z
$023B	$2A3E			GOTO	L_main_2
$023C	$3000			MOVLW	0
$023D	$0670			XORWF	STACK_0, 0
$023E	$	L_main_2:
$023E	$1D03			BTFSS	STATUS, Z
$023F	$2A42			GOTO	controle_L_22
$0240	$	controle_L_21:
;controle.pbas,61 :: 		invert = false
$0240	$01A3			CLRF	_invert, 1
$0241	$2A54			GOTO	controle_L_23
;controle.pbas,62 :: 		else if strcmp(invertStr, "I") = 0 then
$0242	$	controle_L_22:
$0242	$302E			MOVLW	_invertstr
$0243	$00C0			MOVWF	FARG_strcmp
$0244	$3049			MOVLW	73
$0245	$00BE			MOVWF	?main_Local_Text+0
$0246	$01BF			CLRF	?main_Local_Text+1
$0247	$303E			MOVLW	?main_Local_Text
$0248	$00C1			MOVWF	FARG_strcmp+1
$0249	$2475			CALL	_strcmp
$024A	$3000			MOVLW	0
$024B	$0671			XORWF	STACK_0+1, 0
$024C	$1D03			BTFSS	STATUS, Z
$024D	$2A50			GOTO	L_main_3
$024E	$3000			MOVLW	0
$024F	$0670			XORWF	STACK_0, 0
$0250	$	L_main_3:
$0250	$1D03			BTFSS	STATUS, Z
$0251	$2A54			GOTO	controle_L_25
$0252	$	controle_L_24:
;controle.pbas,63 :: 		invert = true
$0252	$30FF			MOVLW	255
$0253	$00A3			MOVWF	_invert
$0254	$	controle_L_25:
;controle.pbas,64 :: 		end if
$0254	$	controle_L_26:
;controle.pbas,65 :: 		end if
$0254	$	controle_L_23:
;controle.pbas,67 :: 		if strcmp(forma, "H") = 0 then
$0254	$3035			MOVLW	_forma
$0255	$00C0			MOVWF	FARG_strcmp
$0256	$3048			MOVLW	72
$0257	$00BE			MOVWF	?main_Local_Text+0
$0258	$01BF			CLRF	?main_Local_Text+1
$0259	$303E			MOVLW	?main_Local_Text
$025A	$00C1			MOVWF	FARG_strcmp+1
$025B	$2475			CALL	_strcmp
$025C	$3000			MOVLW	0
$025D	$0671			XORWF	STACK_0+1, 0
$025E	$1D03			BTFSS	STATUS, Z
$025F	$2A62			GOTO	L_main_4
$0260	$3000			MOVLW	0
$0261	$0670			XORWF	STACK_0, 0
$0262	$	L_main_4:
$0262	$1D03			BTFSS	STATUS, Z
$0263	$2A67			GOTO	controle_L_28
$0264	$	controle_L_27:
;controle.pbas,68 :: 		half = true
$0264	$30FF			MOVLW	255
$0265	$00A4			MOVWF	_half
$0266	$2A78			GOTO	controle_L_29
;controle.pbas,69 :: 		else
$0267	$	controle_L_28:
;controle.pbas,70 :: 		if strcmp(forma, "W") = 0 then
$0267	$3035			MOVLW	_forma
$0268	$00C0			MOVWF	FARG_strcmp
$0269	$3057			MOVLW	87
$026A	$00BE			MOVWF	?main_Local_Text+0
$026B	$01BF			CLRF	?main_Local_Text+1
$026C	$303E			MOVLW	?main_Local_Text
$026D	$00C1			MOVWF	FARG_strcmp+1
$026E	$2475			CALL	_strcmp
$026F	$3000			MOVLW	0
$0270	$0671			XORWF	STACK_0+1, 0
$0271	$1D03			BTFSS	STATUS, Z
$0272	$2A75			GOTO	L_main_5
$0273	$3000			MOVLW	0
$0274	$0670			XORWF	STACK_0, 0
$0275	$	L_main_5:
$0275	$1D03			BTFSS	STATUS, Z
$0276	$2A78			GOTO	controle_L_31
$0277	$	controle_L_30:
;controle.pbas,71 :: 		half = false
$0277	$01A4			CLRF	_half, 1
$0278	$	controle_L_31:
;controle.pbas,72 :: 		end if
$0278	$	controle_L_32:
;controle.pbas,73 :: 		end if
$0278	$	controle_L_29:
;controle.pbas,75 :: 		giraMotor(valor)
$0278	$083C			MOVF	_valor, 0
$0279	$00C0			MOVWF	FARG_giraMotor
$027A	$083D			MOVF	_valor+1, 0
$027B	$00C1			MOVWF	FARG_giraMotor+1
$027C	$232D			CALL	_giramotor
;controle.pbas,76 :: 		delay_ms(10)
$027D	$300D			MOVLW	13
$027E	$00FB			MOVWF	STACK_11
$027F	$30FF			MOVLW	255
$0280	$00FA			MOVWF	STACK_10
$0281	$0BFB			DECFSZ	STACK_11, F
$0282	$2A84			GOTO	$+2
$0283	$2A87			GOTO	$+4
$0284	$0BFA			DECFSZ	STACK_10, F
$0285	$2A84			GOTO	$-1
$0286	$2A81			GOTO	$-5
$0287	$30F3			MOVLW	243
$0288	$00FA			MOVWF	STACK_10
$0289	$0BFA			DECFSZ	STACK_10, F
$028A	$2A89			GOTO	$-1
$028B	$0000			NOP
;controle.pbas,77 :: 		PORTC = 0
$028C	$0187			CLRF	PORTC, 1
$028D	$	controle_L_19:
;controle.pbas,78 :: 		end if
$028D	$	controle_L_20:
;controle.pbas,80 :: 		valorStr=""
$028D	$01A7			CLRF	_valorstr+0
;controle.pbas,81 :: 		invert=""
$028E	$3030			MOVLW	48
$028F	$00A3			MOVWF	_invert
;controle.pbas,82 :: 		forma=""
$0290	$01B5			CLRF	_forma+0
;controle.pbas,84 :: 		goto executa
$0291	$2A0C			GOTO	_main_executa
$0292	$2A92			GOTO	$


//** Procedures locations **
//ADDRESS		PROCEDURE
//----------------------------------------------
$0004		SDIV3232L
$0132		StrToInt
$01F4		main
$0293		Div_32x32_S
$032D		giraMotor
$03AA		VDelay_ms
$0432		Usart_Read_Text
$0475		strcmp
$04BB		Mul_32x32_S
$04F6		Mul_32x32_U
$052D		Div_16x16_U
$054A		USART_Init
$055F		USART_Read
$0572		COMFREM
$0580		USART_Data_Ready


//** Labels locations **
//ADDRESS		LABEL
//----------------------------------------------
$0004		_sdiv3232l:
$0017		LOOPS3232A:
$002D		SADD22LA:
$003A		SOK22LA:
$0053		SADD22L8:
$0060		SOK22L8:
$0063		LOOPS3232B:
$0079		SADD22LB:
$0086		SOK22LB:
$009F		SADD22L16:
$00AC		SOK22L16:
$00AF		LOOPS3232C:
$00C5		SADD22LC:
$00D2		SOK22LC:
$00EB		SADD22L24:
$00F8		SOK22L24:
$00FB		LOOPS3232D:
$0111		SADD22LD:
$011E		SOK22LD:
$0131		math_L_9:
$0131		SOK22L:
$0132		_strtoint:
$0142		conv_L_172:
$0154		conv_L_176:
$015B		conv_L_177:
$015B		conv_L_178:
$0164		conv_L_179:
$019E		conv_L_180:
$019E		conv_L_181:
$01AE		conv_L_173:
$01B2		conv_L_182:
$01B6		conv_L_183:
$01B9		conv_L_184:
$01B9		conv_L_186:
$01BF		L_StrToInt_20:
$01DB		conv_L_187:
$01E5		L_StrToInt_21:
$01E7		conv_L_190:
$01EF		conv_L_170:
$01EF		conv_L_191:
$01EF		conv_L_192:
$01F4		_main:
$01F4		_main_main:
$020C		_main_executa:
$0211		controle_L_18:
$023E		L_main_2:
$0240		controle_L_21:
$0242		controle_L_22:
$0250		L_main_3:
$0252		controle_L_24:
$0254		controle_L_23:
$0254		controle_L_25:
$0254		controle_L_26:
$0262		L_main_4:
$0264		controle_L_27:
$0267		controle_L_28:
$0275		L_main_5:
$0277		controle_L_30:
$0278		controle_L_29:
$0278		controle_L_31:
$0278		controle_L_32:
$028D		controle_L_19:
$028D		controle_L_20:
$0293		_div_32x32_s:
$0295		FXD3232S:
$02B5		CA3232S:
$02C2		C3232SX:
$02C7		C3232S:
$02C8		C3232S2:
$02CA		C3232SOK:
$02E3		C3232SX1:
$02F4		C3232SX2:
$02FA		C3232SX3:
$0300		C3232SX4:
$0327		END_ALL:
$032B		AVOID_COMFREM:
$032C		math_L_11:
$032D		_giramotor:
$0332		controle_L_1:
$033C		L_giraMotor_0:
$034E		controle_L_5:
$0356		controle_L_6:
$0366		controle_L_8:
$036E		controle_L_9:
$037E		controle_L_11:
$0386		controle_L_12:
$0396		controle_L_14:
$039D		controle_L_10:
$039D		controle_L_13:
$039D		controle_L_15:
$039D		controle_L_16:
$039D		controle_L_7:
$03A3		L_giraMotor_1:
$03A5		controle_L_2:
$03A9		controle_L_0:
$03A9		controle_L_4:
$03AA		_vdelay_ms:
$03D7		L_VDelay_ms_0:
$03D9		delays_L_18:
$03DA		delays_L_19:
$03DA		delays_L_20:
$0409		L_VDelay_ms_1:
$0412		delays_L_22:
$0412		L_VDelay_ms_2:
$0431		delays_L_17:
$0431		delays_L_23:
$0432		_usart_read_text:
$043B		USART_b75_L_29:
$0440		USART_b75_L_33:
$0450		USART_b75_L_36:
$0455		USART_b75_L_37:
$0457		USART_b75_L_38:
$0462		USART_b75_L_39:
$0463		USART_b75_L_40:
$0463		USART_b75_L_41:
$0468		USART_b75_L_42:
$046B		USART_b75_L_34:
$046B		USART_b75_L_35:
$046B		USART_b75_L_43:
$046B		USART_b75_L_44:
$046C		USART_b75_L_30:
$0474		USART_b75_L_27:
$0475		_strcmp:
$0487		StringsLib_L_77:
$048D		L_strcmp_8:
$04B6		StringsLib_L_75:
$04B6		StringsLib_L_78:
$04BB		_mul_32x32_s:
$04BE		_IF_FIRST:
$04C0		_INVERCE_FIRST:
$04CD		_IF_SECOND:
$04CF		_INBERSE_SECOND:
$04DB		_MULT:
$04F5		_EXIT:
$04F5		math_L_14:
$04F6		_mul_32x32_u:
$04FE		_NEXT:
$0502		_LOOP:
$051E		_EXIT1:
$052C		_EXIT2:
$052C		math_L_13:
$052D		_div_16x16_u:
$0549		math_L_3:
$054A		_usart_init:
$054A		USART_b75_L_1:
$054D		USART_b75_L_2:
$0550		USART_b75_L_3:
$0552		USART_b75_L_4:
$0552		USART_b75_L_5:
$0553		USART_b75_L_6:
$0553		USART_b75_L_8:
$055E		USART_b75_L_0:
$055E		USART_b75_L_9:
$055F		_usart_read:
$056D		USART_b75_L_20:
$056E		USART_b75_L_24:
$056E		USART_b75_L_25:
$056F		USART_b75_L_19:
$056F		USART_b75_L_21:
$056F		USART_b75_L_22:
$056F		USART_b75_L_26:
$0572		_comfrem:
$057F		math_L_10:
$0580		_usart_data_ready:
$058A		USART_b75_L_18:


//** Variables locations **
//ADDRESS		VARIABLE
//----------------------------------------------
$0000		INDF
$0002		PCL
$0003		STATUS
$0004		FSR
$0007		PORTC
$000A		PCLATH
$000B		INTCON
$000C		PIR1
$0018		RCSTA
$001A		RCREG
$0020		math___math_tempb
$0021		_i
$0023		_invert
$0024		_half
$0025		_tmpon
$0027		_valorstr
$002E		_invertstr
$0035		_forma
$003C		_valor
$003E		?main_Local_Text
$0040		FARG_giraMotor
$0040		FARG_strcmp
$0040		FARG_StrToInt
$0040		FARG_USART_Init
$0040		FARG_Usart_Read_Text
$0041		_strtoint_local_result
$0041		FARG_strcmp+1
$0041		FARG_Usart_Read_Text+1
$0042		_strcmp_local_result
$0042		_usart_read_text_local_i
$0043		_strtoint_local_i
$0043		_usart_read_text_local_j
$0044		_strcmp_local_i
$0044		_usart_read_text_local_data
$0045		_strtoint_local_ep
$0045		_usart_read_text_local_data2
$0046		_usart_read_text_local_lasti
$0047		_strtoint_local_negative
$0049		_strtoint_local_tmp
$004D		_usart_data_ready_local_result
$004D		_usart_read_local_result
$004D		FARG_VDelay_ms
$004F		_vdelay_ms_local_numberofcyc
$0070		STACK_0
$0071		STACK_1
$0072		STACK_2
$0073		STACK_3
$0074		STACK_4
$0075		STACK_5
$0076		STACK_6
$0077		STACK_7
$0078		STACK_8
$0079		STACK_9
$007A		STACK_10
$007B		STACK_11
$007C		STACK_12
$007D		STACK_13
$007E		STACK_14
$007F		STACK_15
$0085		TRISA
$0086		TRISB
$0087		TRISC
$0098		TXSTA
$0099		SPBRG
$011E		ANSEL
$011F		ANSELH


