;  Assembly code generated by mikroVirtualMachine - V. 5.0.0.3
;  Date/Time: 01/09/2020 23:17:01
;  Info: http://www.mikroe.com


; ADDRESS	OPCODE	ASM
; ----------------------------------------------
$0000	$2B1A			GOTO	_main
$0645	$	_mul_32x32_u:
$0645	$1303			BCF	STATUS, RP1
$0646	$1283			BCF	STATUS, RP0
;math.ppas,1570 :: 		
;math.ppas,1578 :: 		
$0647	$3022			MOVLW	34
;math.ppas,1579 :: 		
$0648	$00FC			MOVWF	STACK_12
;math.ppas,1580 :: 		
$0649	$01F8			CLRF	STACK_8
;math.ppas,1581 :: 		
$064A	$01F9			CLRF	STACK_9
;math.ppas,1582 :: 		
$064B	$01FA			CLRF	STACK_10
;math.ppas,1584 :: 		
$064C	$01FB			CLRF	STACK_11
;math.ppas,1588 :: 		
$064D	$	_NEXT:
;math.ppas,1589 :: 		
$064D	$03FC			DECF	STACK_12, F
;math.ppas,1590 :: 		
$064E	$1903			BTFSC	STATUS, Z
;math.ppas,1591 :: 		
$064F	$2E7B			GOTO	_EXIT2
;math.ppas,1593 :: 		
$0650	$1003			BCF	STATUS, C
;math.ppas,1602 :: 		
$0651	$	_LOOP:
;math.ppas,1603 :: 		
$0651	$0CFB			RRF	STACK_11, F
;math.ppas,1604 :: 		
$0652	$0CFA			RRF	STACK_10, F
;math.ppas,1605 :: 		
$0653	$0CF9			RRF	STACK_9, F
;math.ppas,1606 :: 		
$0654	$0CF8			RRF	STACK_8, F
;math.ppas,1607 :: 		
$0655	$0CF3			RRF	STACK_3, F
;math.ppas,1608 :: 		
$0656	$0CF2			RRF	STACK_2, F
;math.ppas,1609 :: 		
$0657	$0CF1			RRF	STACK_1, F
;math.ppas,1614 :: 		
$0658	$0CF0			RRF	STACK_0, F
;math.ppas,1615 :: 		
$0659	$1C03			BTFSS	STATUS, C
;math.ppas,1616 :: 		
$065A	$2E4D			GOTO	_NEXT
;math.ppas,1617 :: 		
$065B	$03FC			DECF	STACK_12, F
;math.ppas,1618 :: 		
$065C	$1903			BTFSC	STATUS, Z
;math.ppas,1625 :: 		
$065D	$2E6D			GOTO	_EXIT1
;math.ppas,1626 :: 		
$065E	$0874			MOVF	STACK_4, W
;math.ppas,1627 :: 		
$065F	$07F8			ADDWF	STACK_8, F
;math.ppas,1628 :: 		
$0660	$0875			MOVF	STACK_5, W
;math.ppas,1629 :: 		
$0661	$1803			BTFSC	STATUS, C
;math.ppas,1630 :: 		
$0662	$0F75			INCFSZ	STACK_5, W
;math.ppas,1631 :: 		
$0663	$07F9			ADDWF	STACK_9, F
;math.ppas,1632 :: 		
$0664	$0876			MOVF	STACK_6, W
;math.ppas,1633 :: 		
$0665	$1803			BTFSC	STATUS, C
;math.ppas,1634 :: 		
$0666	$0F76			INCFSZ	STACK_6, W
;math.ppas,1635 :: 		
$0667	$07FA			ADDWF	STACK_10, F
;math.ppas,1636 :: 		
$0668	$0877			MOVF	STACK_7, W
;math.ppas,1637 :: 		
$0669	$1803			BTFSC	STATUS, C
;math.ppas,1638 :: 		
$066A	$0F77			INCFSZ	STACK_7, W
;math.ppas,1640 :: 		
$066B	$07FB			ADDWF	STACK_11, F
;math.ppas,1642 :: 		
$066C	$2E51			GOTO	_LOOP
;math.ppas,1647 :: 		
$066D	$	_EXIT1:
;math.ppas,1648 :: 		
$066D	$0874			MOVF	STACK_4, W
;math.ppas,1649 :: 		
$066E	$07F8			ADDWF	STACK_8, F
;math.ppas,1650 :: 		
$066F	$0875			MOVF	STACK_5, W
;math.ppas,1651 :: 		
$0670	$1803			BTFSC	STATUS, C
;math.ppas,1652 :: 		
$0671	$0F75			INCFSZ	STACK_5, W
;math.ppas,1653 :: 		
$0672	$07F9			ADDWF	STACK_9, F
;math.ppas,1654 :: 		
$0673	$0876			MOVF	STACK_6, W
;math.ppas,1655 :: 		
$0674	$1803			BTFSC	STATUS, C
;math.ppas,1656 :: 		
$0675	$0F76			INCFSZ	STACK_6, W
;math.ppas,1657 :: 		
$0676	$07FA			ADDWF	STACK_10, F
;math.ppas,1658 :: 		
$0677	$0877			MOVF	STACK_7, W
;math.ppas,1659 :: 		
$0678	$1803			BTFSC	STATUS, C
;math.ppas,1660 :: 		
$0679	$0F77			INCFSZ	STACK_7, W
;math.ppas,1663 :: 		
$067A	$07FB			ADDWF	STACK_11, F
;math.ppas,1664 :: 		
$067B	$	_EXIT2:
;math.ppas,1665 :: 		
$067B	$	math_L_13:
;math.ppas,1666 :: 		
$067B	$0008			RETURN
$012A	$	_sdiv3232l:
$012A	$1303			BCF	STATUS, RP1
$012B	$1283			BCF	STATUS, RP0
;math.ppas,539 :: 		
;math.ppas,541 :: 		
$012C	$0874			MOVF	STACK_4, W
;math.ppas,542 :: 		
$012D	$02F8			SUBWF	STACK_8, F
;math.ppas,543 :: 		
$012E	$0875			MOVF	STACK_5, W
;math.ppas,544 :: 		
$012F	$1C03			BTFSS	STATUS, C
;math.ppas,545 :: 		
$0130	$0F75			INCFSZ	STACK_5, W
;math.ppas,546 :: 		
$0131	$02F9			SUBWF	STACK_9, F
;math.ppas,547 :: 		
$0132	$0876			MOVF	STACK_6, W
;math.ppas,548 :: 		
$0133	$1C03			BTFSS	STATUS, C
;math.ppas,549 :: 		
$0134	$0F76			INCFSZ	STACK_6, W
;math.ppas,550 :: 		
$0135	$02FA			SUBWF	STACK_10, F
;math.ppas,551 :: 		
$0136	$0877			MOVF	STACK_7, W
;math.ppas,552 :: 		
$0137	$1C03			BTFSS	STATUS, C
;math.ppas,553 :: 		
$0138	$0F77			INCFSZ	STACK_7, W
;math.ppas,554 :: 		
$0139	$02FB			SUBWF	STACK_11, F
;math.ppas,556 :: 		
$013A	$0DF3			RLF	STACK_3, F
;math.ppas,557 :: 		
$013B	$3007			MOVLW	7
;math.ppas,559 :: 		
$013C	$00FC			MOVWF	STACK_12
;math.ppas,560 :: 		
$013D	$	LOOPS3232A:
;math.ppas,561 :: 		
$013D	$0D73			RLF	STACK_3, W
;math.ppas,562 :: 		
$013E	$0DF8			RLF	STACK_8, F
;math.ppas,563 :: 		
$013F	$0DF9			RLF	STACK_9, F
;math.ppas,564 :: 		
$0140	$0DFA			RLF	STACK_10, F
;math.ppas,565 :: 		
$0141	$0DFB			RLF	STACK_11, F
;math.ppas,566 :: 		
$0142	$0874			MOVF	STACK_4, W
;math.ppas,567 :: 		
$0143	$1C73			BTFSS	STACK_3, 0
;math.ppas,569 :: 		
$0144	$2953			GOTO	SADD22LA
;math.ppas,570 :: 		
$0145	$02F8			SUBWF	STACK_8, F
;math.ppas,571 :: 		
$0146	$0875			MOVF	STACK_5, W
;math.ppas,572 :: 		
$0147	$1C03			BTFSS	STATUS, C
;math.ppas,573 :: 		
$0148	$0F75			INCFSZ	STACK_5, W
;math.ppas,574 :: 		
$0149	$02F9			SUBWF	STACK_9, F
;math.ppas,575 :: 		
$014A	$0876			MOVF	STACK_6, W
;math.ppas,576 :: 		
$014B	$1C03			BTFSS	STATUS, C
;math.ppas,577 :: 		
$014C	$0F76			INCFSZ	STACK_6, W
;math.ppas,578 :: 		
$014D	$02FA			SUBWF	STACK_10, F
;math.ppas,579 :: 		
$014E	$0877			MOVF	STACK_7, W
;math.ppas,580 :: 		
$014F	$1C03			BTFSS	STATUS, C
;math.ppas,581 :: 		
$0150	$0F77			INCFSZ	STACK_7, W
;math.ppas,582 :: 		
$0151	$02FB			SUBWF	STACK_11, F
;math.ppas,584 :: 		
$0152	$2960			GOTO	SOK22LA
;math.ppas,585 :: 		
$0153	$	SADD22LA:
;math.ppas,586 :: 		
$0153	$07F8			ADDWF	STACK_8, F
;math.ppas,587 :: 		
$0154	$0875			MOVF	STACK_5, W
;math.ppas,588 :: 		
$0155	$1803			BTFSC	STATUS, C
;math.ppas,589 :: 		
$0156	$0F75			INCFSZ	STACK_5, W
;math.ppas,590 :: 		
$0157	$07F9			ADDWF	STACK_9, F
;math.ppas,591 :: 		
$0158	$0876			MOVF	STACK_6, W
;math.ppas,592 :: 		
$0159	$1803			BTFSC	STATUS, C
;math.ppas,593 :: 		
$015A	$0F76			INCFSZ	STACK_6, W
;math.ppas,594 :: 		
$015B	$07FA			ADDWF	STACK_10, F
;math.ppas,595 :: 		
$015C	$0877			MOVF	STACK_7, W
;math.ppas,596 :: 		
$015D	$1803			BTFSC	STATUS, C
;math.ppas,597 :: 		
$015E	$0F77			INCFSZ	STACK_7, W
;math.ppas,599 :: 		
$015F	$07FB			ADDWF	STACK_11, F
;math.ppas,600 :: 		
$0160	$	SOK22LA:
;math.ppas,602 :: 		
$0160	$0DF3			RLF	STACK_3, F
;math.ppas,603 :: 		
$0161	$0BFC			DECFSZ	STACK_12, F
;math.ppas,605 :: 		
$0162	$293D			GOTO	LOOPS3232A
;math.ppas,606 :: 		
$0163	$0D72			RLF	STACK_2, W
;math.ppas,607 :: 		
$0164	$0DF8			RLF	STACK_8, F
;math.ppas,608 :: 		
$0165	$0DF9			RLF	STACK_9, F
;math.ppas,609 :: 		
$0166	$0DFA			RLF	STACK_10, F
;math.ppas,610 :: 		
$0167	$0DFB			RLF	STACK_11, F
;math.ppas,611 :: 		
$0168	$0874			MOVF	STACK_4, W
;math.ppas,612 :: 		
$0169	$1C73			BTFSS	STACK_3, 0
;math.ppas,614 :: 		
$016A	$2979			GOTO	SADD22L8
;math.ppas,615 :: 		
$016B	$02F8			SUBWF	STACK_8, F
;math.ppas,616 :: 		
$016C	$0875			MOVF	STACK_5, W
;math.ppas,617 :: 		
$016D	$1C03			BTFSS	STATUS, C
;math.ppas,618 :: 		
$016E	$0F75			INCFSZ	STACK_5, W
;math.ppas,619 :: 		
$016F	$02F9			SUBWF	STACK_9, F
;math.ppas,620 :: 		
$0170	$0876			MOVF	STACK_6, W
;math.ppas,621 :: 		
$0171	$1C03			BTFSS	STATUS, C
;math.ppas,622 :: 		
$0172	$0F76			INCFSZ	STACK_6, W
;math.ppas,623 :: 		
$0173	$02FA			SUBWF	STACK_10, F
;math.ppas,624 :: 		
$0174	$0877			MOVF	STACK_7, W
;math.ppas,625 :: 		
$0175	$1C03			BTFSS	STATUS, C
;math.ppas,626 :: 		
$0176	$0F77			INCFSZ	STACK_7, W
;math.ppas,627 :: 		
$0177	$02FB			SUBWF	STACK_11, F
;math.ppas,629 :: 		
$0178	$2986			GOTO	SOK22L8
;math.ppas,630 :: 		
$0179	$	SADD22L8:
;math.ppas,631 :: 		
$0179	$07F8			ADDWF	STACK_8, F
;math.ppas,632 :: 		
$017A	$0875			MOVF	STACK_5, W
;math.ppas,633 :: 		
$017B	$1803			BTFSC	STATUS, C
;math.ppas,634 :: 		
$017C	$0F75			INCFSZ	STACK_5, W
;math.ppas,635 :: 		
$017D	$07F9			ADDWF	STACK_9, F
;math.ppas,636 :: 		
$017E	$0876			MOVF	STACK_6, W
;math.ppas,637 :: 		
$017F	$1803			BTFSC	STATUS, C
;math.ppas,638 :: 		
$0180	$0F76			INCFSZ	STACK_6, W
;math.ppas,639 :: 		
$0181	$07FA			ADDWF	STACK_10, F
;math.ppas,640 :: 		
$0182	$0877			MOVF	STACK_7, W
;math.ppas,641 :: 		
$0183	$1803			BTFSC	STATUS, C
;math.ppas,642 :: 		
$0184	$0F77			INCFSZ	STACK_7, W
;math.ppas,644 :: 		
$0185	$07FB			ADDWF	STACK_11, F
;math.ppas,645 :: 		
$0186	$	SOK22L8:
;math.ppas,647 :: 		
$0186	$0DF2			RLF	STACK_2, F
;math.ppas,648 :: 		
$0187	$3007			MOVLW	7
;math.ppas,650 :: 		
$0188	$00FC			MOVWF	STACK_12
;math.ppas,651 :: 		
$0189	$	LOOPS3232B:
;math.ppas,652 :: 		
$0189	$0D72			RLF	STACK_2, W
;math.ppas,653 :: 		
$018A	$0DF8			RLF	STACK_8, F
;math.ppas,654 :: 		
$018B	$0DF9			RLF	STACK_9, F
;math.ppas,655 :: 		
$018C	$0DFA			RLF	STACK_10, F
;math.ppas,656 :: 		
$018D	$0DFB			RLF	STACK_11, F
;math.ppas,657 :: 		
$018E	$0874			MOVF	STACK_4, W
;math.ppas,658 :: 		
$018F	$1C72			BTFSS	STACK_2, 0
;math.ppas,660 :: 		
$0190	$299F			GOTO	SADD22LB
;math.ppas,661 :: 		
$0191	$02F8			SUBWF	STACK_8, F
;math.ppas,662 :: 		
$0192	$0875			MOVF	STACK_5, W
;math.ppas,663 :: 		
$0193	$1C03			BTFSS	STATUS, C
;math.ppas,664 :: 		
$0194	$0F75			INCFSZ	STACK_5, W
;math.ppas,665 :: 		
$0195	$02F9			SUBWF	STACK_9, F
;math.ppas,666 :: 		
$0196	$0876			MOVF	STACK_6, W
;math.ppas,667 :: 		
$0197	$1C03			BTFSS	STATUS, C
;math.ppas,668 :: 		
$0198	$0F76			INCFSZ	STACK_6, W
;math.ppas,669 :: 		
$0199	$02FA			SUBWF	STACK_10, F
;math.ppas,670 :: 		
$019A	$0877			MOVF	STACK_7, W
;math.ppas,671 :: 		
$019B	$1C03			BTFSS	STATUS, C
;math.ppas,672 :: 		
$019C	$0F77			INCFSZ	STACK_7, W
;math.ppas,673 :: 		
$019D	$02FB			SUBWF	STACK_11, F
;math.ppas,675 :: 		
$019E	$29AC			GOTO	SOK22LB
;math.ppas,676 :: 		
$019F	$	SADD22LB:
;math.ppas,677 :: 		
$019F	$07F8			ADDWF	STACK_8, F
;math.ppas,678 :: 		
$01A0	$0875			MOVF	STACK_5, W
;math.ppas,679 :: 		
$01A1	$1803			BTFSC	STATUS, C
;math.ppas,680 :: 		
$01A2	$0F75			INCFSZ	STACK_5, W
;math.ppas,681 :: 		
$01A3	$07F9			ADDWF	STACK_9, F
;math.ppas,682 :: 		
$01A4	$0876			MOVF	STACK_6, W
;math.ppas,683 :: 		
$01A5	$1803			BTFSC	STATUS, C
;math.ppas,684 :: 		
$01A6	$0F76			INCFSZ	STACK_6, W
;math.ppas,685 :: 		
$01A7	$07FA			ADDWF	STACK_10, F
;math.ppas,686 :: 		
$01A8	$0877			MOVF	STACK_7, W
;math.ppas,687 :: 		
$01A9	$1803			BTFSC	STATUS, C
;math.ppas,688 :: 		
$01AA	$0F77			INCFSZ	STACK_7, W
;math.ppas,690 :: 		
$01AB	$07FB			ADDWF	STACK_11, F
;math.ppas,691 :: 		
$01AC	$	SOK22LB:
;math.ppas,693 :: 		
$01AC	$0DF2			RLF	STACK_2, F
;math.ppas,694 :: 		
$01AD	$0BFC			DECFSZ	STACK_12, F
;math.ppas,696 :: 		
$01AE	$2989			GOTO	LOOPS3232B
;math.ppas,697 :: 		
$01AF	$0D71			RLF	STACK_1, W
;math.ppas,698 :: 		
$01B0	$0DF8			RLF	STACK_8, F
;math.ppas,699 :: 		
$01B1	$0DF9			RLF	STACK_9, F
;math.ppas,700 :: 		
$01B2	$0DFA			RLF	STACK_10, F
;math.ppas,701 :: 		
$01B3	$0DFB			RLF	STACK_11, F
;math.ppas,702 :: 		
$01B4	$0874			MOVF	STACK_4, W
;math.ppas,703 :: 		
$01B5	$1C72			BTFSS	STACK_2, 0
;math.ppas,705 :: 		
$01B6	$29C5			GOTO	SADD22L16
;math.ppas,706 :: 		
$01B7	$02F8			SUBWF	STACK_8, F
;math.ppas,707 :: 		
$01B8	$0875			MOVF	STACK_5, W
;math.ppas,708 :: 		
$01B9	$1C03			BTFSS	STATUS, C
;math.ppas,709 :: 		
$01BA	$0F75			INCFSZ	STACK_5, W
;math.ppas,710 :: 		
$01BB	$02F9			SUBWF	STACK_9, F
;math.ppas,711 :: 		
$01BC	$0876			MOVF	STACK_6, W
;math.ppas,712 :: 		
$01BD	$1C03			BTFSS	STATUS, C
;math.ppas,713 :: 		
$01BE	$0F76			INCFSZ	STACK_6, W
;math.ppas,714 :: 		
$01BF	$02FA			SUBWF	STACK_10, F
;math.ppas,715 :: 		
$01C0	$0877			MOVF	STACK_7, W
;math.ppas,716 :: 		
$01C1	$1C03			BTFSS	STATUS, C
;math.ppas,717 :: 		
$01C2	$0F77			INCFSZ	STACK_7, W
;math.ppas,718 :: 		
$01C3	$02FB			SUBWF	STACK_11, F
;math.ppas,720 :: 		
$01C4	$29D2			GOTO	SOK22L16
;math.ppas,721 :: 		
$01C5	$	SADD22L16:
;math.ppas,722 :: 		
$01C5	$07F8			ADDWF	STACK_8, F
;math.ppas,723 :: 		
$01C6	$0875			MOVF	STACK_5, W
;math.ppas,724 :: 		
$01C7	$1803			BTFSC	STATUS, C
;math.ppas,725 :: 		
$01C8	$0F75			INCFSZ	STACK_5, W
;math.ppas,726 :: 		
$01C9	$07F9			ADDWF	STACK_9, F
;math.ppas,727 :: 		
$01CA	$0876			MOVF	STACK_6, W
;math.ppas,728 :: 		
$01CB	$1803			BTFSC	STATUS, C
;math.ppas,729 :: 		
$01CC	$0F76			INCFSZ	STACK_6, W
;math.ppas,730 :: 		
$01CD	$07FA			ADDWF	STACK_10, F
;math.ppas,731 :: 		
$01CE	$0877			MOVF	STACK_7, W
;math.ppas,732 :: 		
$01CF	$1803			BTFSC	STATUS, C
;math.ppas,733 :: 		
$01D0	$0F77			INCFSZ	STACK_7, W
;math.ppas,735 :: 		
$01D1	$07FB			ADDWF	STACK_11, F
;math.ppas,736 :: 		
$01D2	$	SOK22L16:
;math.ppas,738 :: 		
$01D2	$0DF1			RLF	STACK_1, F
;math.ppas,739 :: 		
$01D3	$3007			MOVLW	7
;math.ppas,741 :: 		
$01D4	$00FC			MOVWF	STACK_12
;math.ppas,742 :: 		
$01D5	$	LOOPS3232C:
;math.ppas,743 :: 		
$01D5	$0D71			RLF	STACK_1, W
;math.ppas,744 :: 		
$01D6	$0DF8			RLF	STACK_8, F
;math.ppas,745 :: 		
$01D7	$0DF9			RLF	STACK_9, F
;math.ppas,746 :: 		
$01D8	$0DFA			RLF	STACK_10, F
;math.ppas,747 :: 		
$01D9	$0DFB			RLF	STACK_11, F
;math.ppas,748 :: 		
$01DA	$0874			MOVF	STACK_4, W
;math.ppas,749 :: 		
$01DB	$1C71			BTFSS	STACK_1, 0
;math.ppas,751 :: 		
$01DC	$29EB			GOTO	SADD22LC
;math.ppas,752 :: 		
$01DD	$02F8			SUBWF	STACK_8, F
;math.ppas,753 :: 		
$01DE	$0875			MOVF	STACK_5, W
;math.ppas,754 :: 		
$01DF	$1C03			BTFSS	STATUS, C
;math.ppas,755 :: 		
$01E0	$0F75			INCFSZ	STACK_5, W
;math.ppas,756 :: 		
$01E1	$02F9			SUBWF	STACK_9, F
;math.ppas,757 :: 		
$01E2	$0876			MOVF	STACK_6, W
;math.ppas,758 :: 		
$01E3	$1C03			BTFSS	STATUS, C
;math.ppas,759 :: 		
$01E4	$0F76			INCFSZ	STACK_6, W
;math.ppas,760 :: 		
$01E5	$02FA			SUBWF	STACK_10, F
;math.ppas,761 :: 		
$01E6	$0877			MOVF	STACK_7, W
;math.ppas,762 :: 		
$01E7	$1C03			BTFSS	STATUS, C
;math.ppas,763 :: 		
$01E8	$0F77			INCFSZ	STACK_7, W
;math.ppas,764 :: 		
$01E9	$02FB			SUBWF	STACK_11, F
;math.ppas,766 :: 		
$01EA	$29F8			GOTO	SOK22LC
;math.ppas,767 :: 		
$01EB	$	SADD22LC:
;math.ppas,768 :: 		
$01EB	$07F8			ADDWF	STACK_8, F
;math.ppas,769 :: 		
$01EC	$0875			MOVF	STACK_5, W
;math.ppas,770 :: 		
$01ED	$1803			BTFSC	STATUS, C
;math.ppas,771 :: 		
$01EE	$0F75			INCFSZ	STACK_5, W
;math.ppas,772 :: 		
$01EF	$07F9			ADDWF	STACK_9, F
;math.ppas,773 :: 		
$01F0	$0876			MOVF	STACK_6, W
;math.ppas,774 :: 		
$01F1	$1803			BTFSC	STATUS, C
;math.ppas,775 :: 		
$01F2	$0F76			INCFSZ	STACK_6, W
;math.ppas,776 :: 		
$01F3	$07FA			ADDWF	STACK_10, F
;math.ppas,777 :: 		
$01F4	$0877			MOVF	STACK_7, W
;math.ppas,778 :: 		
$01F5	$1803			BTFSC	STATUS, C
;math.ppas,779 :: 		
$01F6	$0F77			INCFSZ	STACK_7, W
;math.ppas,781 :: 		
$01F7	$07FB			ADDWF	STACK_11, F
;math.ppas,782 :: 		
$01F8	$	SOK22LC:
;math.ppas,784 :: 		
$01F8	$0DF1			RLF	STACK_1, F
;math.ppas,785 :: 		
$01F9	$0BFC			DECFSZ	STACK_12, F
;math.ppas,787 :: 		
$01FA	$29D5			GOTO	LOOPS3232C
;math.ppas,788 :: 		
$01FB	$0D70			RLF	STACK_0, W
;math.ppas,789 :: 		
$01FC	$0DF8			RLF	STACK_8, F
;math.ppas,790 :: 		
$01FD	$0DF9			RLF	STACK_9, F
;math.ppas,791 :: 		
$01FE	$0DFA			RLF	STACK_10, F
;math.ppas,792 :: 		
$01FF	$0DFB			RLF	STACK_11, F
;math.ppas,793 :: 		
$0200	$0874			MOVF	STACK_4, W
;math.ppas,794 :: 		
$0201	$1C71			BTFSS	STACK_1, 0
;math.ppas,796 :: 		
$0202	$2A11			GOTO	SADD22L24
;math.ppas,797 :: 		
$0203	$02F8			SUBWF	STACK_8, F
;math.ppas,798 :: 		
$0204	$0875			MOVF	STACK_5, W
;math.ppas,799 :: 		
$0205	$1C03			BTFSS	STATUS, C
;math.ppas,800 :: 		
$0206	$0F75			INCFSZ	STACK_5, W
;math.ppas,801 :: 		
$0207	$02F9			SUBWF	STACK_9, F
;math.ppas,802 :: 		
$0208	$0876			MOVF	STACK_6, W
;math.ppas,803 :: 		
$0209	$1C03			BTFSS	STATUS, C
;math.ppas,804 :: 		
$020A	$0F76			INCFSZ	STACK_6, W
;math.ppas,805 :: 		
$020B	$02FA			SUBWF	STACK_10, F
;math.ppas,806 :: 		
$020C	$0877			MOVF	STACK_7, W
;math.ppas,807 :: 		
$020D	$1C03			BTFSS	STATUS, C
;math.ppas,808 :: 		
$020E	$0F77			INCFSZ	STACK_7, W
;math.ppas,809 :: 		
$020F	$02FB			SUBWF	STACK_11, F
;math.ppas,811 :: 		
$0210	$2A1E			GOTO	SOK22L24
;math.ppas,812 :: 		
$0211	$	SADD22L24:
;math.ppas,813 :: 		
$0211	$07F8			ADDWF	STACK_8, F
;math.ppas,814 :: 		
$0212	$0875			MOVF	STACK_5, W
;math.ppas,815 :: 		
$0213	$1803			BTFSC	STATUS, C
;math.ppas,816 :: 		
$0214	$0F75			INCFSZ	STACK_5, W
;math.ppas,817 :: 		
$0215	$07F9			ADDWF	STACK_9, F
;math.ppas,818 :: 		
$0216	$0876			MOVF	STACK_6, W
;math.ppas,819 :: 		
$0217	$1803			BTFSC	STATUS, C
;math.ppas,820 :: 		
$0218	$0F76			INCFSZ	STACK_6, W
;math.ppas,821 :: 		
$0219	$07FA			ADDWF	STACK_10, F
;math.ppas,822 :: 		
$021A	$0877			MOVF	STACK_7, W
;math.ppas,823 :: 		
$021B	$1803			BTFSC	STATUS, C
;math.ppas,824 :: 		
$021C	$0F77			INCFSZ	STACK_7, W
;math.ppas,826 :: 		
$021D	$07FB			ADDWF	STACK_11, F
;math.ppas,827 :: 		
$021E	$	SOK22L24:
;math.ppas,829 :: 		
$021E	$0DF0			RLF	STACK_0, F
;math.ppas,830 :: 		
$021F	$3007			MOVLW	7
;math.ppas,832 :: 		
$0220	$00FC			MOVWF	STACK_12
;math.ppas,833 :: 		
$0221	$	LOOPS3232D:
;math.ppas,834 :: 		
$0221	$0D70			RLF	STACK_0, W
;math.ppas,835 :: 		
$0222	$0DF8			RLF	STACK_8, F
;math.ppas,836 :: 		
$0223	$0DF9			RLF	STACK_9, F
;math.ppas,837 :: 		
$0224	$0DFA			RLF	STACK_10, F
;math.ppas,838 :: 		
$0225	$0DFB			RLF	STACK_11, F
;math.ppas,839 :: 		
$0226	$0874			MOVF	STACK_4, W
;math.ppas,840 :: 		
$0227	$1C70			BTFSS	STACK_0, 0
;math.ppas,842 :: 		
$0228	$2A37			GOTO	SADD22LD
;math.ppas,843 :: 		
$0229	$02F8			SUBWF	STACK_8, F
;math.ppas,844 :: 		
$022A	$0875			MOVF	STACK_5, W
;math.ppas,845 :: 		
$022B	$1C03			BTFSS	STATUS, C
;math.ppas,846 :: 		
$022C	$0F75			INCFSZ	STACK_5, W
;math.ppas,847 :: 		
$022D	$02F9			SUBWF	STACK_9, F
;math.ppas,848 :: 		
$022E	$0876			MOVF	STACK_6, W
;math.ppas,849 :: 		
$022F	$1C03			BTFSS	STATUS, C
;math.ppas,850 :: 		
$0230	$0F76			INCFSZ	STACK_6, W
;math.ppas,851 :: 		
$0231	$02FA			SUBWF	STACK_10, F
;math.ppas,852 :: 		
$0232	$0877			MOVF	STACK_7, W
;math.ppas,853 :: 		
$0233	$1C03			BTFSS	STATUS, C
;math.ppas,854 :: 		
$0234	$0F77			INCFSZ	STACK_7, W
;math.ppas,855 :: 		
$0235	$02FB			SUBWF	STACK_11, F
;math.ppas,857 :: 		
$0236	$2A44			GOTO	SOK22LD
;math.ppas,858 :: 		
$0237	$	SADD22LD:
;math.ppas,859 :: 		
$0237	$07F8			ADDWF	STACK_8, F
;math.ppas,860 :: 		
$0238	$0875			MOVF	STACK_5, W
;math.ppas,861 :: 		
$0239	$1803			BTFSC	STATUS, C
;math.ppas,862 :: 		
$023A	$0F75			INCFSZ	STACK_5, W
;math.ppas,863 :: 		
$023B	$07F9			ADDWF	STACK_9, F
;math.ppas,864 :: 		
$023C	$0876			MOVF	STACK_6, W
;math.ppas,865 :: 		
$023D	$1803			BTFSC	STATUS, C
;math.ppas,866 :: 		
$023E	$0F76			INCFSZ	STACK_6, W
;math.ppas,867 :: 		
$023F	$07FA			ADDWF	STACK_10, F
;math.ppas,868 :: 		
$0240	$0877			MOVF	STACK_7, W
;math.ppas,870 :: 		
$0241	$1803			BTFSC	STATUS, C
;math.ppas,871 :: 		
$0242	$0F77			INCFSZ	STACK_7, W
;math.ppas,873 :: 		
$0243	$07FB			ADDWF	STACK_11, F
;math.ppas,874 :: 		
$0244	$	SOK22LD:
;math.ppas,876 :: 		
$0244	$0DF0			RLF	STACK_0, F
;math.ppas,877 :: 		
$0245	$0BFC			DECFSZ	STACK_12, F
;math.ppas,879 :: 		
$0246	$2A21			GOTO	LOOPS3232D
;math.ppas,880 :: 		
$0247	$1870			BTFSC	STACK_0, 0
;math.ppas,881 :: 		
$0248	$2A57			GOTO	SOK22L
;math.ppas,882 :: 		
$0249	$0874			MOVF	STACK_4, W
;math.ppas,883 :: 		
$024A	$07F8			ADDWF	STACK_8, F
;math.ppas,884 :: 		
$024B	$0875			MOVF	STACK_5, W
;math.ppas,885 :: 		
$024C	$1803			BTFSC	STATUS, C
;math.ppas,886 :: 		
$024D	$0F75			INCFSZ	STACK_5, W
;math.ppas,887 :: 		
$024E	$07F9			ADDWF	STACK_9, F
;math.ppas,888 :: 		
$024F	$0876			MOVF	STACK_6, W
;math.ppas,889 :: 		
$0250	$1803			BTFSC	STATUS, C
;math.ppas,890 :: 		
$0251	$0F76			INCFSZ	STACK_6, W
;math.ppas,891 :: 		
$0252	$07FA			ADDWF	STACK_10, F
;math.ppas,892 :: 		
$0253	$0877			MOVF	STACK_7, W
;math.ppas,893 :: 		
$0254	$1803			BTFSC	STATUS, C
;math.ppas,894 :: 		
$0255	$0F77			INCFSZ	STACK_7, W
;math.ppas,895 :: 		
$0256	$07FB			ADDWF	STACK_11, F
;math.ppas,896 :: 		
$0257	$	SOK22L:
;math.ppas,897 :: 		
$0257	$	math_L_9:
;math.ppas,898 :: 		
$0257	$0008			RETURN
$06EE	$	_comfrem:
$06EE	$1303			BCF	STATUS, RP1
$06EF	$1283			BCF	STATUS, RP0
;math.ppas,901 :: 		
;math.ppas,903 :: 		
$06F0	$09FB			COMF	STACK_11, F
;math.ppas,904 :: 		
$06F1	$09FA			COMF	STACK_10, F
;math.ppas,905 :: 		
$06F2	$09F9			COMF	STACK_9, F
;math.ppas,906 :: 		
$06F3	$09F8			COMF	STACK_8, F
;math.ppas,907 :: 		
$06F4	$0AF8			INCF	STACK_8, F
;math.ppas,908 :: 		
$06F5	$1903			BTFSC	STATUS, Z
;math.ppas,909 :: 		
$06F6	$0AF9			INCF	STACK_9, F
;math.ppas,910 :: 		
$06F7	$1903			BTFSC	STATUS, Z
;math.ppas,911 :: 		
$06F8	$0AFA			INCF	STACK_10, F
;math.ppas,912 :: 		
$06F9	$1903			BTFSC	STATUS, Z
;math.ppas,913 :: 		
$06FA	$0AFB			INCF	STACK_11, F
;math.ppas,914 :: 		
$06FB	$	math_L_10:
;math.ppas,915 :: 		
$06FB	$0008			RETURN
$06FC	$	_usart_data_ready:
;USART_b75.ppas,48 :: 		
;USART_b75.ppas,50 :: 		
$06FC	$1303			BCF	STATUS, RP1
$06FD	$1283			BCF	STATUS, RP0
$06FE	$080C			MOVF	PIR1, 0
$06FF	$00F1			MOVWF	STACK_1
$0700	$3000			MOVLW	0
$0701	$1AF1			BTFSC	STACK_1, 5
$0702	$3001			MOVLW	1
$0703	$00F1			MOVWF	STACK_1
$0704	$0871			MOVF	STACK_1, 0
$0705	$00CE			MOVWF	_usart_data_ready_local_result
$0706	$	USART_b75_L_18:
;USART_b75.ppas,51 :: 		
$0706	$084E			MOVF	_usart_data_ready_local_result, 0
$0707	$00F0			MOVWF	STACK_0
$0708	$0008			RETURN
$06DB	$	_usart_read:
;USART_b75.ppas,54 :: 		
;USART_b75.ppas,55 :: 		
$06DB	$1303			BCF	STATUS, RP1
$06DC	$1283			BCF	STATUS, RP0
$06DD	$081A			MOVF	RCREG, 0
$06DE	$00CE			MOVWF	_usart_read_local_result
;USART_b75.ppas,61 :: 		
$06DF	$0818			MOVF	RCSTA, 0
$06E0	$00F1			MOVWF	STACK_1
$06E1	$3000			MOVLW	0
$06E2	$18F1			BTFSC	STACK_1, 1
$06E3	$3001			MOVLW	1
$06E4	$00F1			MOVWF	STACK_1
$06E5	$0871			MOVF	STACK_1, 0
$06E6	$3A01			XORLW	1
$06E7	$1D03			BTFSS	STATUS, Z
$06E8	$2EEB			GOTO	USART_b75_L_21
$06E9	$	USART_b75_L_20:
;USART_b75.ppas,63 :: 		
$06E9	$1218			BCF	RCSTA, 4
$06EA	$	USART_b75_L_24:
;USART_b75.ppas,64 :: 		
$06EA	$	USART_b75_L_25:
$06EA	$1618			BSF	RCSTA, 4
$06EB	$	USART_b75_L_26:
;USART_b75.ppas,65 :: 		
$06EB	$	USART_b75_L_21:
$06EB	$	USART_b75_L_22:
$06EB	$	USART_b75_L_19:
;USART_b75.ppas,66 :: 		
$06EB	$084E			MOVF	_usart_read_local_result, 0
$06EC	$00F0			MOVWF	STACK_0
$06ED	$0008			RETURN
$060A	$	_mul_32x32_s:
$060A	$1303			BCF	STATUS, RP1
$060B	$1283			BCF	STATUS, RP0
;math.ppas,1675 :: 		
;math.ppas,1680 :: 		
$060C	$01FD			CLRF	STACK_13
;math.ppas,1683 :: 		
$060D	$	_IF_FIRST:
;math.ppas,1684 :: 		
$060D	$1FF3			BTFSS	STACK_3, 7
;math.ppas,1686 :: 		
$060E	$2E1C			GOTO	_IF_SECOND
;math.ppas,1691 :: 		
$060F	$	_INVERCE_FIRST:
;math.ppas,1692 :: 		
$060F	$09F0			COMF	STACK_0, F
;math.ppas,1693 :: 		
$0610	$09F1			COMF	STACK_1, F
;math.ppas,1694 :: 		
$0611	$09F2			COMF	STACK_2, F
;math.ppas,1701 :: 		
$0612	$09F3			COMF	STACK_3, F
;math.ppas,1702 :: 		
$0613	$0AF0			INCF	STACK_0, F
;math.ppas,1703 :: 		
$0614	$1903			BTFSC	STATUS, Z
;math.ppas,1704 :: 		
$0615	$0AF1			INCF	STACK_1, F
;math.ppas,1705 :: 		
$0616	$1903			BTFSC	STATUS, Z
;math.ppas,1706 :: 		
$0617	$0AF2			INCF	STACK_2, F
;math.ppas,1707 :: 		
$0618	$1903			BTFSC	STATUS, Z
;math.ppas,1708 :: 		
$0619	$0AF3			INCF	STACK_3, F
;math.ppas,1709 :: 		
$061A	$3081			MOVLW	129
;math.ppas,1711 :: 		
$061B	$07FD			ADDWF	STACK_13, F
;math.ppas,1714 :: 		
$061C	$	_IF_SECOND:
;math.ppas,1715 :: 		
$061C	$1FF7			BTFSS	STACK_7, 7
;math.ppas,1717 :: 		
$061D	$2E2A			GOTO	_MULT
;math.ppas,1722 :: 		
$061E	$	_INBERSE_SECOND:
;math.ppas,1723 :: 		
$061E	$09F4			COMF	STACK_4, F
;math.ppas,1724 :: 		
$061F	$09F5			COMF	STACK_5, F
;math.ppas,1725 :: 		
$0620	$09F6			COMF	STACK_6, F
;math.ppas,1732 :: 		
$0621	$09F7			COMF	STACK_7, F
;math.ppas,1733 :: 		
$0622	$0AF4			INCF	STACK_4, F
;math.ppas,1734 :: 		
$0623	$1903			BTFSC	STATUS, Z
;math.ppas,1735 :: 		
$0624	$0AF5			INCF	STACK_5, F
;math.ppas,1736 :: 		
$0625	$1903			BTFSC	STATUS, Z
;math.ppas,1737 :: 		
$0626	$0AF6			INCF	STACK_6, F
;math.ppas,1738 :: 		
$0627	$1903			BTFSC	STATUS, Z
;math.ppas,1739 :: 		
$0628	$0AF7			INCF	STACK_7, F
;math.ppas,1741 :: 		
$0629	$0AFD			INCF	STACK_13, F
;math.ppas,1742 :: 		
$062A	$	_MULT:
;math.ppas,1744 :: 		
$062A	$2645			CALL	_mul_32x32_u
;math.ppas,1748 :: 		
$062B	$1C7D			BTFSS	STACK_13, 0
;math.ppas,1754 :: 		
$062C	$2E44			GOTO	_EXIT
;math.ppas,1755 :: 		
$062D	$09F0			COMF	STACK_0, F
;math.ppas,1756 :: 		
$062E	$09F1			COMF	STACK_1, F
;math.ppas,1757 :: 		
$062F	$09F2			COMF	STACK_2, F
;math.ppas,1763 :: 		
$0630	$09F3			COMF	STACK_3, F
;math.ppas,1764 :: 		
$0631	$09F8			COMF	STACK_8, F
;math.ppas,1765 :: 		
$0632	$09F9			COMF	STACK_9, F
;math.ppas,1766 :: 		
$0633	$09FA			COMF	STACK_10, F
;math.ppas,1776 :: 		
$0634	$09FB			COMF	STACK_11, F
;math.ppas,1777 :: 		
$0635	$0AF0			INCF	STACK_0, F
;math.ppas,1778 :: 		
$0636	$1903			BTFSC	STATUS, Z
;math.ppas,1779 :: 		
$0637	$0AF1			INCF	STACK_1, F
;math.ppas,1780 :: 		
$0638	$1903			BTFSC	STATUS, Z
;math.ppas,1781 :: 		
$0639	$0AF2			INCF	STACK_2, F
;math.ppas,1782 :: 		
$063A	$1903			BTFSC	STATUS, Z
;math.ppas,1783 :: 		
$063B	$0AF3			INCF	STACK_3, F
;math.ppas,1784 :: 		
$063C	$1903			BTFSC	STATUS, Z
;math.ppas,1785 :: 		
$063D	$0AF8			INCF	STACK_8, F
;math.ppas,1786 :: 		
$063E	$1903			BTFSC	STATUS, Z
;math.ppas,1787 :: 		
$063F	$0AF9			INCF	STACK_9, F
;math.ppas,1788 :: 		
$0640	$1903			BTFSC	STATUS, Z
;math.ppas,1789 :: 		
$0641	$0AFA			INCF	STACK_10, F
;math.ppas,1790 :: 		
$0642	$1903			BTFSC	STATUS, Z
;math.ppas,1791 :: 		
$0643	$0AFB			INCF	STACK_11, F
;math.ppas,1792 :: 		
$0644	$	_EXIT:
;math.ppas,1793 :: 		
$0644	$	math_L_14:
;math.ppas,1794 :: 		
$0644	$0008			RETURN
$06A9	$	_div_16x16_u:
$06A9	$1303			BCF	STATUS, RP1
$06AA	$1283			BCF	STATUS, RP0
;math.ppas,108 :: 		
;math.ppas,110 :: 		
$06AB	$01F8			CLRF	STACK_8
;math.ppas,111 :: 		
$06AC	$01F9			CLRF	STACK_9
;math.ppas,112 :: 		
$06AD	$3010			MOVLW	16
;math.ppas,113 :: 		
$06AE	$00FC			MOVWF	STACK_12
;math.ppas,114 :: 		
$06AF	$0D71			RLF	STACK_1, W
;math.ppas,115 :: 		
$06B0	$0DF8			RLF	STACK_8, F
;math.ppas,116 :: 		
$06B1	$0DF9			RLF	STACK_9, F
;math.ppas,117 :: 		
$06B2	$0874			MOVF	STACK_4, W
;math.ppas,118 :: 		
$06B3	$02F8			SUBWF	STACK_8, F
;math.ppas,119 :: 		
$06B4	$0875			MOVF	STACK_5, W
;math.ppas,120 :: 		
$06B5	$1C03			BTFSS	STATUS, C
;math.ppas,121 :: 		
$06B6	$0F75			INCFSZ	STACK_5, W
;math.ppas,122 :: 		
$06B7	$02F9			SUBWF	STACK_9, F
;math.ppas,123 :: 		
$06B8	$1803			BTFSC	STATUS, C
;math.ppas,124 :: 		
$06B9	$2EC1			GOTO	$+8
;math.ppas,125 :: 		
$06BA	$0874			MOVF	STACK_4, W
;math.ppas,126 :: 		
$06BB	$07F8			ADDWF	STACK_8, F
;math.ppas,127 :: 		
$06BC	$0875			MOVF	STACK_5, W
;math.ppas,128 :: 		
$06BD	$1803			BTFSC	STATUS, C
;math.ppas,129 :: 		
$06BE	$0F75			INCFSZ	STACK_5, W
;math.ppas,130 :: 		
$06BF	$07F9			ADDWF	STACK_9, F
;math.ppas,131 :: 		
$06C0	$1003			BCF	STATUS, C
;math.ppas,132 :: 		
$06C1	$0DF0			RLF	STACK_0, F
;math.ppas,133 :: 		
$06C2	$0DF1			RLF	STACK_1, F
;math.ppas,134 :: 		
$06C3	$0BFC			DECFSZ	STACK_12, F
;math.ppas,135 :: 		
$06C4	$2EAF			GOTO	$-21
;math.ppas,136 :: 		
$06C5	$	math_L_3:
;math.ppas,137 :: 		
$06C5	$0008			RETURN
$03BC	$	_div_32x32_s:
$03BC	$1303			BCF	STATUS, RP1
$03BD	$1283			BCF	STATUS, RP0
;math.ppas,925 :: 		
;math.ppas,928 :: 		
$03BE	$	FXD3232S:
;math.ppas,929 :: 		
$03BE	$01FC			CLRF	STACK_12
;math.ppas,930 :: 		
$03BF	$1BF7			BTFSC	STACK_7, 7
;math.ppas,932 :: 		
$03C0	$0AFC			INCF	STACK_12, F
;math.ppas,933 :: 		
$03C1	$01FD			CLRF	STACK_13
;math.ppas,934 :: 		
$03C2	$01FB			CLRF	STACK_11
;math.ppas,935 :: 		
$03C3	$01FA			CLRF	STACK_10
;math.ppas,936 :: 		
$03C4	$01F9			CLRF	STACK_9
;math.ppas,937 :: 		
$03C5	$01F8			CLRF	STACK_8
;math.ppas,938 :: 		
$03C6	$0873			MOVF	STACK_3, W
;math.ppas,939 :: 		
$03C7	$0472			IORWF	STACK_2, W
;math.ppas,940 :: 		
$03C8	$0471			IORWF	STACK_1, W
;math.ppas,941 :: 		
$03C9	$0470			IORWF	STACK_0, W
;math.ppas,942 :: 		
$03CA	$1903			BTFSC	STATUS, Z
;math.ppas,943 :: 		
$03CB	$2C50			GOTO	END_ALL
;math.ppas,944 :: 		
$03CC	$0873			MOVF	STACK_3, W
;math.ppas,945 :: 		
$03CD	$0677			XORWF	STACK_7, W
;math.ppas,946 :: 		
$03CE	$00A0			MOVWF	MATH___MATH_TEMPB
;math.ppas,947 :: 		
$03CF	$1BA0			BTFSC	MATH___MATH_TEMPB, 7
;math.ppas,951 :: 		
$03D0	$09FD			COMF	STACK_13, F
;math.ppas,952 :: 		
$03D1	$1FF7			BTFSS	STACK_7, 7
;math.ppas,954 :: 		
$03D2	$2BDE			GOTO	CA3232S
;math.ppas,955 :: 		
$03D3	$09F4			COMF	STACK_4, F
;math.ppas,956 :: 		
$03D4	$09F5			COMF	STACK_5, F
;math.ppas,957 :: 		
$03D5	$09F6			COMF	STACK_6, F
;math.ppas,958 :: 		
$03D6	$09F7			COMF	STACK_7, F
;math.ppas,959 :: 		
$03D7	$0AF4			INCF	STACK_4, F
;math.ppas,960 :: 		
$03D8	$1903			BTFSC	STATUS, Z
;math.ppas,961 :: 		
$03D9	$0AF5			INCF	STACK_5, F
;math.ppas,962 :: 		
$03DA	$1903			BTFSC	STATUS, Z
;math.ppas,963 :: 		
$03DB	$0AF6			INCF	STACK_6, F
;math.ppas,964 :: 		
$03DC	$1903			BTFSC	STATUS, Z
;math.ppas,966 :: 		
$03DD	$0AF7			INCF	STACK_7, F
;math.ppas,967 :: 		
$03DE	$	CA3232S:
;math.ppas,968 :: 		
$03DE	$1FF3			BTFSS	STACK_3, 7
;math.ppas,970 :: 		
$03DF	$2BEB			GOTO	C3232SX
;math.ppas,971 :: 		
$03E0	$09F0			COMF	STACK_0, F
;math.ppas,972 :: 		
$03E1	$09F1			COMF	STACK_1, F
;math.ppas,973 :: 		
$03E2	$09F2			COMF	STACK_2, F
;math.ppas,974 :: 		
$03E3	$09F3			COMF	STACK_3, F
;math.ppas,975 :: 		
$03E4	$0AF0			INCF	STACK_0, F
;math.ppas,976 :: 		
$03E5	$1903			BTFSC	STATUS, Z
;math.ppas,977 :: 		
$03E6	$0AF1			INCF	STACK_1, F
;math.ppas,978 :: 		
$03E7	$1903			BTFSC	STATUS, Z
;math.ppas,979 :: 		
$03E8	$0AF2			INCF	STACK_2, F
;math.ppas,980 :: 		
$03E9	$1903			BTFSC	STATUS, Z
;math.ppas,982 :: 		
$03EA	$0AF3			INCF	STACK_3, F
;math.ppas,983 :: 		
$03EB	$	C3232SX:
;math.ppas,984 :: 		
$03EB	$0873			MOVF	STACK_3, W
;math.ppas,985 :: 		
$03EC	$0477			IORWF	STACK_7, W
;math.ppas,986 :: 		
$03ED	$00A0			MOVWF	MATH___MATH_TEMPB
;math.ppas,987 :: 		
$03EE	$1BA0			BTFSC	MATH___MATH_TEMPB, 7
;math.ppas,988 :: 		
$03EF	$2C0C			GOTO	C3232SX1
;math.ppas,989 :: 		
$03F0	$	C3232S:
;math.ppas,992 :: 		
$03F0	$212A			CALL	_sdiv3232l
;math.ppas,995 :: 		
$03F1	$	C3232S2:
;math.ppas,996 :: 		
$03F1	$1BFC			BTFSC	STACK_12, 7
;math.ppas,997 :: 		
$03F2	$2C29			GOTO	C3232SX4
;math.ppas,998 :: 		
$03F3	$	C3232SOK:
;math.ppas,999 :: 		
$03F3	$1FFD			BTFSS	STACK_13, 7
;math.ppas,1000 :: 		
$03F4	$2C50			GOTO	END_ALL
;math.ppas,1001 :: 		
$03F5	$09F0			COMF	STACK_0, F
;math.ppas,1002 :: 		
$03F6	$09F1			COMF	STACK_1, F
;math.ppas,1003 :: 		
$03F7	$09F2			COMF	STACK_2, F
;math.ppas,1004 :: 		
$03F8	$09F3			COMF	STACK_3, F
;math.ppas,1005 :: 		
$03F9	$0AF0			INCF	STACK_0, F
;math.ppas,1006 :: 		
$03FA	$1903			BTFSC	STATUS, Z
;math.ppas,1007 :: 		
$03FB	$0AF1			INCF	STACK_1, F
;math.ppas,1008 :: 		
$03FC	$1903			BTFSC	STATUS, Z
;math.ppas,1009 :: 		
$03FD	$0AF2			INCF	STACK_2, F
;math.ppas,1010 :: 		
$03FE	$1903			BTFSC	STATUS, Z
;math.ppas,1012 :: 		
$03FF	$0AF3			INCF	STACK_3, F
;math.ppas,1013 :: 		
$0400	$09F8			COMF	STACK_8, F
;math.ppas,1014 :: 		
$0401	$09F9			COMF	STACK_9, F
;math.ppas,1015 :: 		
$0402	$09FA			COMF	STACK_10, F
;math.ppas,1016 :: 		
$0403	$09FB			COMF	STACK_11, F
;math.ppas,1017 :: 		
$0404	$0AF8			INCF	STACK_8, F
;math.ppas,1018 :: 		
$0405	$1903			BTFSC	STATUS, Z
;math.ppas,1019 :: 		
$0406	$0AF9			INCF	STACK_9, F
;math.ppas,1020 :: 		
$0407	$1903			BTFSC	STATUS, Z
;math.ppas,1021 :: 		
$0408	$0AFA			INCF	STACK_10, F
;math.ppas,1022 :: 		
$0409	$1903			BTFSC	STATUS, Z
;math.ppas,1024 :: 		
$040A	$0AFB			INCF	STACK_11, F
;math.ppas,1025 :: 		
$040B	$2C50			GOTO	END_ALL
;math.ppas,1026 :: 		
$040C	$	C3232SX1:
;math.ppas,1027 :: 		
$040C	$1FF7			BTFSS	STACK_7, 7
;math.ppas,1028 :: 		
$040D	$2C23			GOTO	C3232SX3
;math.ppas,1029 :: 		
$040E	$1BF3			BTFSC	STACK_3, 7
;math.ppas,1030 :: 		
$040F	$2C1D			GOTO	C3232SX2
;math.ppas,1031 :: 		
$0410	$0873			MOVF	STACK_3, W
;math.ppas,1032 :: 		
$0411	$00FB			MOVWF	STACK_11
;math.ppas,1033 :: 		
$0412	$0872			MOVF	STACK_2, W
;math.ppas,1034 :: 		
$0413	$00FA			MOVWF	STACK_10
;math.ppas,1035 :: 		
$0414	$0871			MOVF	STACK_1, W
;math.ppas,1036 :: 		
$0415	$00F9			MOVWF	STACK_9
;math.ppas,1037 :: 		
$0416	$0870			MOVF	STACK_0, W
;math.ppas,1038 :: 		
$0417	$00F8			MOVWF	STACK_8
;math.ppas,1039 :: 		
$0418	$01F3			CLRF	STACK_3
;math.ppas,1040 :: 		
$0419	$01F2			CLRF	STACK_2
;math.ppas,1041 :: 		
$041A	$01F1			CLRF	STACK_1
;math.ppas,1042 :: 		
$041B	$01F0			CLRF	STACK_0
;math.ppas,1043 :: 		
$041C	$2BF3			GOTO	C3232SOK
;math.ppas,1044 :: 		
$041D	$	C3232SX2:
;math.ppas,1045 :: 		
$041D	$01F3			CLRF	STACK_3
;math.ppas,1046 :: 		
$041E	$01F2			CLRF	STACK_2
;math.ppas,1047 :: 		
$041F	$01F1			CLRF	STACK_1
;math.ppas,1048 :: 		
$0420	$01F0			CLRF	STACK_0
;math.ppas,1049 :: 		
$0421	$0AF0			INCF	STACK_0, F
;math.ppas,1051 :: 		
$0422	$3400			RETLW	0X00
;math.ppas,1052 :: 		
$0423	$	C3232SX3:
;math.ppas,1053 :: 		
$0423	$09F3			COMF	STACK_3, F
;math.ppas,1054 :: 		
$0424	$09F2			COMF	STACK_2, F
;math.ppas,1055 :: 		
$0425	$09F1			COMF	STACK_1, F
;math.ppas,1057 :: 		
$0426	$09F0			COMF	STACK_0, F
;math.ppas,1059 :: 		
$0427	$17FC			BSF	STACK_12, 7
;math.ppas,1060 :: 		
$0428	$2BF0			GOTO	C3232S
;math.ppas,1061 :: 		
$0429	$	C3232SX4:
;math.ppas,1062 :: 		
$0429	$0AF8			INCF	STACK_8, F
;math.ppas,1063 :: 		
$042A	$1903			BTFSC	STATUS, Z
;math.ppas,1064 :: 		
$042B	$0AF9			INCF	STACK_9, F
;math.ppas,1065 :: 		
$042C	$1903			BTFSC	STATUS, Z
;math.ppas,1066 :: 		
$042D	$0AFA			INCF	STACK_10, F
;math.ppas,1067 :: 		
$042E	$1903			BTFSC	STATUS, Z
;math.ppas,1068 :: 		
$042F	$0AFB			INCF	STACK_11, F
;math.ppas,1069 :: 		
$0430	$0874			MOVF	STACK_4, W
;math.ppas,1070 :: 		
$0431	$0278			SUBWF	STACK_8, W
;math.ppas,1071 :: 		
$0432	$1D03			BTFSS	STATUS, Z
;math.ppas,1072 :: 		
$0433	$2BF3			GOTO	C3232SOK
;math.ppas,1073 :: 		
$0434	$0875			MOVF	STACK_5, W
;math.ppas,1074 :: 		
$0435	$0279			SUBWF	STACK_9, W
;math.ppas,1075 :: 		
$0436	$1D03			BTFSS	STATUS, Z
;math.ppas,1076 :: 		
$0437	$2BF3			GOTO	C3232SOK
;math.ppas,1077 :: 		
$0438	$0876			MOVF	STACK_6, W
;math.ppas,1078 :: 		
$0439	$027A			SUBWF	STACK_10, W
;math.ppas,1079 :: 		
$043A	$1D03			BTFSS	STATUS, Z
;math.ppas,1080 :: 		
$043B	$2BF3			GOTO	C3232SOK
;math.ppas,1081 :: 		
$043C	$0877			MOVF	STACK_7, W
;math.ppas,1082 :: 		
$043D	$027B			SUBWF	STACK_11, W
;math.ppas,1083 :: 		
$043E	$1D03			BTFSS	STATUS, Z
;math.ppas,1084 :: 		
$043F	$2BF3			GOTO	C3232SOK
;math.ppas,1085 :: 		
$0440	$01FB			CLRF	STACK_11
;math.ppas,1086 :: 		
$0441	$01FA			CLRF	STACK_10
;math.ppas,1087 :: 		
$0442	$01F9			CLRF	STACK_9
;math.ppas,1088 :: 		
$0443	$01F8			CLRF	STACK_8
;math.ppas,1089 :: 		
$0444	$0AF0			INCF	STACK_0, F
;math.ppas,1090 :: 		
$0445	$1903			BTFSC	STATUS, Z
;math.ppas,1091 :: 		
$0446	$0AF1			INCF	STACK_1, F
;math.ppas,1092 :: 		
$0447	$1903			BTFSC	STATUS, Z
;math.ppas,1093 :: 		
$0448	$0AF2			INCF	STACK_2, F
;math.ppas,1094 :: 		
$0449	$1903			BTFSC	STATUS, Z
;math.ppas,1095 :: 		
$044A	$0AF3			INCF	STACK_3, F
;math.ppas,1096 :: 		
$044B	$1FF3			BTFSS	STACK_3, 7
;math.ppas,1097 :: 		
$044C	$2BF3			GOTO	C3232SOK
;math.ppas,1098 :: 		
$044D	$01A0			CLRF	MATH___MATH_TEMPB
;math.ppas,1099 :: 		
$044E	$1620			BSF	MATH___MATH_TEMPB, 4
;math.ppas,1100 :: 		
$044F	$34FF			RETLW	0XFF
;math.ppas,1101 :: 		
$0450	$	END_ALL:
;math.ppas,1102 :: 		
$0450	$01A0			CLRF	MATH___MATH_TEMPB
;math.ppas,1103 :: 		
$0451	$1C7C			BTFSS	STACK_12, 0
;math.ppas,1104 :: 		
$0452	$2C54			GOTO	AVOID_COMFREM
;math.ppas,1106 :: 		
$0453	$26EE			CALL	_comfrem
;math.ppas,1108 :: 		
$0454	$	AVOID_COMFREM:
;math.ppas,1109 :: 		
$0454	$3F00			ADDLW	0X00
;math.ppas,1110 :: 		
$0455	$	math_L_11:
;math.ppas,1111 :: 		
$0455	$0008			RETURN
$0456	$	_vdelay_ms:
;delays.pbas,65 :: 		dim NumberOfCyc as dword
;delays.pbas,67 :: 		NumberOfCyc = Clock_kHz >> 2 ' this will be done by compiler, no asm will be genereated except that for assignment
$0456	$30E8			MOVLW	232
$0457	$1303			BCF	STATUS, RP1
$0458	$1283			BCF	STATUS, RP0
$0459	$00D0			MOVWF	_vdelay_ms_local_numberofcyc
$045A	$3003			MOVLW	3
$045B	$00D1			MOVWF	_vdelay_ms_local_numberofcyc+1
$045C	$01D2			CLRF	_vdelay_ms_local_numberofcyc+2
$045D	$01D3			CLRF	_vdelay_ms_local_numberofcyc+3
;delays.pbas,68 :: 		NumberOfCyc = Time_ms * NumberOfCyc
$045E	$084E			MOVF	FARG_VDelay_ms, 0
$045F	$00F0			MOVWF	STACK_0
$0460	$084F			MOVF	FARG_VDelay_ms+1, 0
$0461	$00F1			MOVWF	STACK_0+1
$0462	$01F2			CLRF	STACK_0+2
$0463	$01F3			CLRF	STACK_0+3
$0464	$30E8			MOVLW	232
$0465	$00F4			MOVWF	STACK_4
$0466	$3003			MOVLW	3
$0467	$00F5			MOVWF	STACK_4+1
$0468	$3000			MOVLW	0
$0469	$00F6			MOVWF	STACK_4+2
$046A	$3000			MOVLW	0
$046B	$00F7			MOVWF	STACK_4+3
$046C	$2645			CALL	_mul_32x32_u
$046D	$0870			MOVF	STACK_0, 0
$046E	$00D0			MOVWF	_vdelay_ms_local_numberofcyc
$046F	$0871			MOVF	STACK_0+1, 0
$0470	$00D1			MOVWF	_vdelay_ms_local_numberofcyc+1
$0471	$0872			MOVF	STACK_0+2, 0
$0472	$00D2			MOVWF	_vdelay_ms_local_numberofcyc+2
$0473	$0873			MOVF	STACK_0+3, 0
$0474	$00D3			MOVWF	_vdelay_ms_local_numberofcyc+3
;delays.pbas,69 :: 		if NumberOfCyc < 675 then
$0475	$3000			MOVLW	0
$0476	$0273			SUBWF	STACK_0+3, 0
$0477	$1D03			BTFSS	STATUS, Z
$0478	$2C83			GOTO	L_VDelay_ms_0
$0479	$3000			MOVLW	0
$047A	$0272			SUBWF	STACK_0+2, 0
$047B	$1D03			BTFSS	STATUS, Z
$047C	$2C83			GOTO	L_VDelay_ms_0
$047D	$3002			MOVLW	2
$047E	$0271			SUBWF	STACK_0+1, 0
$047F	$1D03			BTFSS	STATUS, Z
$0480	$2C83			GOTO	L_VDelay_ms_0
$0481	$30A3			MOVLW	163
$0482	$0270			SUBWF	STACK_0, 0
$0483	$	L_VDelay_ms_0:
$0483	$1803			BTFSC	STATUS, C
$0484	$2C86			GOTO	delays_L_19
$0485	$	delays_L_18:
;delays.pbas,70 :: 		exit
$0485	$2CDD			GOTO	delays_L_17
$0486	$	delays_L_19:
;delays.pbas,71 :: 		end if
$0486	$	delays_L_20:
;delays.pbas,72 :: 		NumberOfCyc = NumberOfCyc - 675
$0486	$30A3			MOVLW	163
$0487	$00F0			MOVWF	STACK_0
$0488	$3002			MOVLW	2
$0489	$00F1			MOVWF	STACK_0+1
$048A	$01F2			CLRF	STACK_0+2
$048B	$01F3			CLRF	STACK_0+3
$048C	$0850			MOVF	_vdelay_ms_local_numberofcyc, 0
$048D	$00F4			MOVWF	STACK_4
$048E	$0851			MOVF	_vdelay_ms_local_numberofcyc+1, 0
$048F	$00F5			MOVWF	STACK_4+1
$0490	$0852			MOVF	_vdelay_ms_local_numberofcyc+2, 0
$0491	$00F6			MOVWF	STACK_4+2
$0492	$0853			MOVF	_vdelay_ms_local_numberofcyc+3, 0
$0493	$00F7			MOVWF	STACK_4+3
$0494	$0870			MOVF	STACK_0, 0
$0495	$02F4			SUBWF	STACK_4, 1
$0496	$0871			MOVF	STACK_0+1, 0
$0497	$1C03			BTFSS	STATUS, C
$0498	$0F71			INCFSZ	STACK_0+1, 0
$0499	$02F5			SUBWF	STACK_4+1, 1
$049A	$0872			MOVF	STACK_0+2, 0
$049B	$1C03			BTFSS	STATUS, C
$049C	$0F72			INCFSZ	STACK_0+2, 0
$049D	$02F6			SUBWF	STACK_4+2, 1
$049E	$0873			MOVF	STACK_0+3, 0
$049F	$1C03			BTFSS	STATUS, C
$04A0	$0F73			INCFSZ	STACK_0+3, 0
$04A1	$02F7			SUBWF	STACK_4+3, 1
$04A2	$0874			MOVF	STACK_4, 0
$04A3	$00D0			MOVWF	_vdelay_ms_local_numberofcyc
$04A4	$0875			MOVF	STACK_4+1, 0
$04A5	$00D1			MOVWF	_vdelay_ms_local_numberofcyc+1
$04A6	$0876			MOVF	STACK_4+2, 0
$04A7	$00D2			MOVWF	_vdelay_ms_local_numberofcyc+2
$04A8	$0877			MOVF	STACK_4+3, 0
$04A9	$00D3			MOVWF	_vdelay_ms_local_numberofcyc+3
;delays.pbas,73 :: 		NumberOfCyc = NumberOfCyc >> 5  ' Dec and While below take around 32 instructions
$04AA	$3005			MOVLW	5
$04AB	$00F0			MOVWF	STACK_0
$04AC	$0874			MOVF	STACK_4, 0
$04AD	$00D0			MOVWF	_vdelay_ms_local_numberofcyc
$04AE	$0875			MOVF	STACK_4+1, 0
$04AF	$00D1			MOVWF	_vdelay_ms_local_numberofcyc+1
$04B0	$0876			MOVF	STACK_4+2, 0
$04B1	$00D2			MOVWF	_vdelay_ms_local_numberofcyc+2
$04B2	$0877			MOVF	STACK_4+3, 0
$04B3	$00D3			MOVWF	_vdelay_ms_local_numberofcyc+3
$04B4	$0870			MOVF	STACK_0, 0
$04B5	$	L_VDelay_ms_1:
$04B5	$1903			BTFSC	STATUS, Z
$04B6	$2CBE			GOTO	L_VDelay_ms_2
$04B7	$0CD3			RRF	_vdelay_ms_local_numberofcyc+3, 1
$04B8	$0CD2			RRF	_vdelay_ms_local_numberofcyc+2, 1
$04B9	$0CD1			RRF	_vdelay_ms_local_numberofcyc+1, 1
$04BA	$0CD0			RRF	_vdelay_ms_local_numberofcyc, 1
$04BB	$13D3			BCF	_vdelay_ms_local_numberofcyc+3, 7
$04BC	$3FFF			ADDLW	255
$04BD	$2CB5			GOTO	L_VDelay_ms_1
$04BE	$	L_VDelay_ms_2:
;delays.pbas,74 :: 		while ( Lo(NumberOfCyc) or Hi(NumberOfCyc) or Higher(NumberOfCyc) or Highest(NumberOfCyc) ) <> 0
$04BE	$	delays_L_22:
$04BE	$30FF			MOVLW	255
$04BF	$0550			ANDWF	_vdelay_ms_local_numberofcyc, 0
$04C0	$00F8			MOVWF	STACK_8
$04C1	$0851			MOVF	_vdelay_ms_local_numberofcyc+1, 0
$04C2	$00F0			MOVWF	STACK_0
$04C3	$0870			MOVF	STACK_0, 0
$04C4	$04F8			IORWF	STACK_8, 1
$04C5	$0852			MOVF	_vdelay_ms_local_numberofcyc+2, 0
$04C6	$00F0			MOVWF	STACK_0
$04C7	$0853			MOVF	_vdelay_ms_local_numberofcyc+3, 0
$04C8	$00F1			MOVWF	STACK_0+1
$04C9	$0870			MOVF	STACK_0, 0
$04CA	$04F8			IORWF	STACK_8, 1
$04CB	$0853			MOVF	_vdelay_ms_local_numberofcyc+3, 0
$04CC	$00F0			MOVWF	STACK_0
$04CD	$0870			MOVF	STACK_0, 0
$04CE	$0478			IORWF	STACK_8, 0
$04CF	$00F4			MOVWF	STACK_4
$04D0	$0874			MOVF	STACK_4, 0
$04D1	$3A00			XORLW	0
$04D2	$1903			BTFSC	STATUS, Z
$04D3	$2CDD			GOTO	delays_L_23
;delays.pbas,75 :: 		Dec(NumberOfCyc)
$04D4	$3001			MOVLW	1
$04D5	$02D0			SUBWF	_vdelay_ms_local_numberofcyc, 1
$04D6	$1C03			BTFSS	STATUS, C
$04D7	$02D1			SUBWF	_vdelay_ms_local_numberofcyc+1, 1
$04D8	$1C03			BTFSS	STATUS, C
$04D9	$02D2			SUBWF	_vdelay_ms_local_numberofcyc+2, 1
$04DA	$1C03			BTFSS	STATUS, C
$04DB	$02D3			SUBWF	_vdelay_ms_local_numberofcyc+3, 1
$04DC	$2CBE			GOTO	delays_L_22
$04DD	$	delays_L_23:
;delays.pbas,76 :: 		wend
$04DD	$	delays_L_17:
$04DD	$0008			RETURN
$067C	$	_div_16x16_s_l:
$067C	$1303			BCF	STATUS, RP1
$067D	$1283			BCF	STATUS, RP0
;math.ppas,291 :: 		
;math.ppas,293 :: 		
$067E	$0D71			RLF	STACK_1, W
;math.ppas,294 :: 		
$067F	$0DF8			RLF	STACK_8, F
;math.ppas,295 :: 		
$0680	$0DF9			RLF	STACK_9, F
;math.ppas,296 :: 		
$0681	$0874			MOVF	STACK_4, W
;math.ppas,297 :: 		
$0682	$02F8			SUBWF	STACK_8, F
;math.ppas,298 :: 		
$0683	$0875			MOVF	STACK_5, W
;math.ppas,299 :: 		
$0684	$1C03			BTFSS	STATUS, C
;math.ppas,300 :: 		
$0685	$0F75			INCFSZ	STACK_5, W
;math.ppas,301 :: 		
$0686	$02F9			SUBWF	STACK_9, F
;math.ppas,302 :: 		
$0687	$0DF0			RLF	STACK_0, F
;math.ppas,304 :: 		
$0688	$0DF1			RLF	STACK_1, F
;math.ppas,305 :: 		
$0689	$300F			MOVLW	15
;math.ppas,307 :: 		
$068A	$00FC			MOVWF	STACK_12
;math.ppas,308 :: 		
$068B	$0D71			RLF	STACK_1, W
;math.ppas,309 :: 		
$068C	$0DF8			RLF	STACK_8, F
;math.ppas,310 :: 		
$068D	$0DF9			RLF	STACK_9, F
;math.ppas,312 :: 		
$068E	$0874			MOVF	STACK_4, W
;math.ppas,313 :: 		
$068F	$1C70			BTFSS	STACK_0, 0
;math.ppas,314 :: 		
$0690	$2E97			GOTO	$+7
;math.ppas,315 :: 		
$0691	$02F8			SUBWF	STACK_8, F
;math.ppas,316 :: 		
$0692	$0875			MOVF	STACK_5, W
;math.ppas,317 :: 		
$0693	$1C03			BTFSS	STATUS, C
;math.ppas,318 :: 		
$0694	$0F75			INCFSZ	STACK_5, W
;math.ppas,319 :: 		
$0695	$02F9			SUBWF	STACK_9, F
;math.ppas,321 :: 		
$0696	$2E9C			GOTO	$+6
;math.ppas,322 :: 		
$0697	$07F8			ADDWF	STACK_8, F
;math.ppas,323 :: 		
$0698	$0875			MOVF	STACK_5, W
;math.ppas,324 :: 		
$0699	$1803			BTFSC	STATUS, C
;math.ppas,325 :: 		
$069A	$0F75			INCFSZ	STACK_5, W
;math.ppas,327 :: 		
$069B	$07F9			ADDWF	STACK_9, F
;math.ppas,328 :: 		
$069C	$0DF0			RLF	STACK_0, F
;math.ppas,330 :: 		
$069D	$0DF1			RLF	STACK_1, F
;math.ppas,331 :: 		
$069E	$0BFC			DECFSZ	STACK_12, F
;math.ppas,333 :: 		
$069F	$2E8B			GOTO	$-20
;math.ppas,334 :: 		
$06A0	$1870			BTFSC	STACK_0, 0
;math.ppas,335 :: 		
$06A1	$2EA8			GOTO	$+7
;math.ppas,336 :: 		
$06A2	$0874			MOVF	STACK_4, W
;math.ppas,337 :: 		
$06A3	$07F8			ADDWF	STACK_8, F
;math.ppas,338 :: 		
$06A4	$0875			MOVF	STACK_5, W
;math.ppas,339 :: 		
$06A5	$1803			BTFSC	STATUS, C
;math.ppas,340 :: 		
$06A6	$0F75			INCFSZ	STACK_5, W
;math.ppas,341 :: 		
$06A7	$07F9			ADDWF	STACK_9, F
;math.ppas,342 :: 		
$06A8	$	math_L_6:
;math.ppas,343 :: 		
$06A8	$0008			RETURN
$0538	$	_usart_read_text:
;USART_b75.ppas,78 :: 		
;USART_b75.ppas,79 :: 		
$0538	$1303			BCF	STATUS, RP1
$0539	$1283			BCF	STATUS, RP0
$053A	$01C3			CLRF	_usart_read_text_local_i, 1
;USART_b75.ppas,80 :: 		
$053B	$01C4			CLRF	_usart_read_text_local_j, 1
;USART_b75.ppas,81 :: 		
$053C	$01C7			CLRF	_usart_read_text_local_lasti, 1
;USART_b75.ppas,82 :: 		
$053D	$0842			MOVF	FARG_Usart_Read_Text+1, 0
$053E	$0084			MOVWF	FSR
$053F	$0800			MOVF	INDF, 0
$0540	$00C6			MOVWF	_usart_read_text_local_data2
;USART_b75.ppas,83 :: 		
$0541	$	USART_b75_L_29:
;USART_b75.ppas,85 :: 		
$0541	$26FC			CALL	_usart_data_ready
$0542	$0870			MOVF	STACK_0, 0
$0543	$3A00			XORLW	0
$0544	$1903			BTFSC	STATUS, Z
$0545	$2D71			GOTO	USART_b75_L_34
$0546	$	USART_b75_L_33:
;USART_b75.ppas,87 :: 		
$0546	$26DB			CALL	_usart_read
$0547	$0870			MOVF	STACK_0, 0
$0548	$00C5			MOVWF	_usart_read_text_local_data
;USART_b75.ppas,88 :: 		
$0549	$0843			MOVF	_usart_read_text_local_i, 0
$054A	$0741			ADDWF	FARG_Usart_Read_Text, 0
$054B	$00F1			MOVWF	STACK_1
$054C	$0871			MOVF	STACK_1, 0
$054D	$0084			MOVWF	FSR
$054E	$0871			MOVF	STACK_1, 0
$054F	$0084			MOVWF	FSR
$0550	$0870			MOVF	STACK_0, 0
$0551	$0080			MOVWF	INDF
;USART_b75.ppas,89 :: 		
$0552	$0845			MOVF	_usart_read_text_local_data, 0
$0553	$0646			XORWF	_usart_read_text_local_data2, 0
$0554	$1D03			BTFSS	STATUS, Z
$0555	$2D5B			GOTO	USART_b75_L_37
$0556	$	USART_b75_L_36:
;USART_b75.ppas,91 :: 		
$0556	$0844			MOVF	_usart_read_text_local_j, 0
$0557	$0243			SUBWF	_usart_read_text_local_i, 0
$0558	$00C7			MOVWF	_usart_read_text_local_lasti
;USART_b75.ppas,92 :: 		
$0559	$0AC4			INCF	_usart_read_text_local_j, 1
;USART_b75.ppas,93 :: 		
$055A	$2D5D			GOTO	USART_b75_L_38
;USART_b75.ppas,94 :: 		
$055B	$	USART_b75_L_37:
;USART_b75.ppas,96 :: 		
$055B	$01C4			CLRF	_usart_read_text_local_j, 1
;USART_b75.ppas,97 :: 		
$055C	$01C7			CLRF	_usart_read_text_local_lasti, 1
;USART_b75.ppas,98 :: 		
$055D	$	USART_b75_L_38:
;USART_b75.ppas,100 :: 		
$055D	$0844			MOVF	_usart_read_text_local_j, 0
$055E	$0742			ADDWF	FARG_Usart_Read_Text+1, 0
$055F	$0084			MOVWF	FSR
$0560	$0800			MOVF	INDF, 0
$0561	$00F1			MOVWF	STACK_1
$0562	$0871			MOVF	STACK_1, 0
$0563	$00C6			MOVWF	_usart_read_text_local_data2
;USART_b75.ppas,102 :: 		
$0564	$0871			MOVF	STACK_1, 0
$0565	$3A00			XORLW	0
$0566	$1D03			BTFSS	STATUS, Z
$0567	$2D69			GOTO	USART_b75_L_40
$0568	$	USART_b75_L_39:
;USART_b75.ppas,103 :: 		
$0568	$2D72			GOTO	USART_b75_L_30
$0569	$	USART_b75_L_40:
$0569	$	USART_b75_L_41:
;USART_b75.ppas,105 :: 		
$0569	$0AC3			INCF	_usart_read_text_local_i, 1
;USART_b75.ppas,106 :: 		
$056A	$0843			MOVF	_usart_read_text_local_i, 0
$056B	$3C14			SUBLW	20
$056C	$1803			BTFSC	STATUS, C
$056D	$2D71			GOTO	USART_b75_L_43
$056E	$	USART_b75_L_42:
;USART_b75.ppas,108 :: 		
$056E	$3013			MOVLW	19
$056F	$00C7			MOVWF	_usart_read_text_local_lasti
;USART_b75.ppas,109 :: 		
$0570	$2D72			GOTO	USART_b75_L_30
;USART_b75.ppas,110 :: 		
$0571	$	USART_b75_L_43:
$0571	$	USART_b75_L_44:
;USART_b75.ppas,111 :: 		
$0571	$	USART_b75_L_34:
$0571	$	USART_b75_L_35:
;USART_b75.ppas,112 :: 		
$0571	$2D41			GOTO	USART_b75_L_29
$0572	$	USART_b75_L_30:
;USART_b75.ppas,113 :: 		
$0572	$0847			MOVF	_usart_read_text_local_lasti, 0
$0573	$0741			ADDWF	FARG_Usart_Read_Text, 0
$0574	$00F0			MOVWF	STACK_0
$0575	$0870			MOVF	STACK_0, 0
$0576	$0084			MOVWF	FSR
$0577	$0870			MOVF	STACK_0, 0
$0578	$0084			MOVWF	FSR
$0579	$0180			CLRF	INDF, 1
$057A	$	USART_b75_L_27:
;USART_b75.ppas,114 :: 		
$057A	$0008			RETURN
$0258	$	_strtoint:
;conv.ppas,343 :: 		
;conv.ppas,345 :: 		
$0258	$1303			BCF	STATUS, RP1
$0259	$1283			BCF	STATUS, RP0
$025A	$01C2			CLRF	_strtoint_local_result
$025B	$01C3			CLRF	_strtoint_local_result+1
;conv.ppas,346 :: 		
$025C	$3010			MOVLW	16
$025D	$00C6			MOVWF	_strtoint_local_ep
$025E	$3027			MOVLW	39
$025F	$00C7			MOVWF	_strtoint_local_ep+1
;conv.ppas,347 :: 		
$0260	$01C4			CLRF	_strtoint_local_i
$0261	$01C5			CLRF	_strtoint_local_i+1
;conv.ppas,348 :: 		
$0262	$01CA			CLRF	_strtoint_local_tmp
$0263	$01CB			CLRF	_strtoint_local_tmp+1
$0264	$01CC			CLRF	_strtoint_local_tmp+2
$0265	$01CD			CLRF	_strtoint_local_tmp+3
;conv.ppas,349 :: 		
$0266	$01C8			CLRF	_strtoint_local_negative
$0267	$01C9			CLRF	_strtoint_local_negative+1
;conv.ppas,353 :: 		
$0268	$	conv_L_172:
$0268	$0844			MOVF	_strtoint_local_i, 0
$0269	$0741			ADDWF	FARG_StrToInt, 0
$026A	$0084			MOVWF	FSR
$026B	$0800			MOVF	INDF, 0
$026C	$00F4			MOVWF	STACK_4
$026D	$0874			MOVF	STACK_4, 0
$026E	$3A00			XORLW	0
$026F	$1903			BTFSC	STATUS, Z
$0270	$2AD4			GOTO	conv_L_173
;conv.ppas,355 :: 		
$0271	$0844			MOVF	_strtoint_local_i, 0
$0272	$0741			ADDWF	FARG_StrToInt, 0
$0273	$0084			MOVWF	FSR
$0274	$0800			MOVF	INDF, 0
$0275	$00F4			MOVWF	STACK_4
$0276	$0874			MOVF	STACK_4, 0
$0277	$3A2D			XORLW	45
$0278	$1D03			BTFSS	STATUS, Z
$0279	$2A81			GOTO	conv_L_177
$027A	$	conv_L_176:
;conv.ppas,357 :: 		
$027A	$30FF			MOVLW	255
$027B	$00C8			MOVWF	_strtoint_local_negative
$027C	$01C9			CLRF	_strtoint_local_negative+1
;conv.ppas,358 :: 		
$027D	$0AC4			INCF	_strtoint_local_i, 1
$027E	$1903			BTFSC	STATUS, Z
$027F	$0AC5			INCF	_strtoint_local_i+1, 1
;conv.ppas,359 :: 		
$0280	$2A68			GOTO	conv_L_172
;conv.ppas,360 :: 		
$0281	$	conv_L_177:
$0281	$	conv_L_178:
;conv.ppas,361 :: 		
$0281	$0844			MOVF	_strtoint_local_i, 0
$0282	$0741			ADDWF	FARG_StrToInt, 0
$0283	$0084			MOVWF	FSR
$0284	$0800			MOVF	INDF, 0
$0285	$00F4			MOVWF	STACK_4
$0286	$0874			MOVF	STACK_4, 0
$0287	$3A20			XORLW	32
$0288	$1903			BTFSC	STATUS, Z
$0289	$2AC4			GOTO	conv_L_180
$028A	$	conv_L_179:
;conv.ppas,362 :: 		
$028A	$0844			MOVF	_strtoint_local_i, 0
$028B	$0741			ADDWF	FARG_StrToInt, 0
$028C	$0084			MOVWF	FSR
$028D	$0800			MOVF	INDF, 0
$028E	$00F0			MOVWF	STACK_0
$028F	$3030			MOVLW	48
$0290	$00F8			MOVWF	STACK_8
$0291	$01F9			CLRF	STACK_8+1
$0292	$01FA			CLRF	STACK_8+2
$0293	$01FB			CLRF	STACK_8+3
$0294	$0870			MOVF	STACK_0, 0
$0295	$00F4			MOVWF	STACK_4
$0296	$01F5			CLRF	STACK_4+1
$0297	$01F6			CLRF	STACK_4+2
$0298	$01F7			CLRF	STACK_4+3
$0299	$0874			MOVF	STACK_4, 0
$029A	$00F0			MOVWF	STACK_0
$029B	$0875			MOVF	STACK_4+1, 0
$029C	$00F1			MOVWF	STACK_0+1
$029D	$0876			MOVF	STACK_4+2, 0
$029E	$00F2			MOVWF	STACK_0+2
$029F	$0877			MOVF	STACK_4+3, 0
$02A0	$00F3			MOVWF	STACK_0+3
$02A1	$0878			MOVF	STACK_8, 0
$02A2	$02F0			SUBWF	STACK_0, 1
$02A3	$0879			MOVF	STACK_8+1, 0
$02A4	$1C03			BTFSS	STATUS, C
$02A5	$0F79			INCFSZ	STACK_8+1, 0
$02A6	$02F1			SUBWF	STACK_0+1, 1
$02A7	$087A			MOVF	STACK_8+2, 0
$02A8	$1C03			BTFSS	STATUS, C
$02A9	$0F7A			INCFSZ	STACK_8+2, 0
$02AA	$02F2			SUBWF	STACK_0+2, 1
$02AB	$087B			MOVF	STACK_8+3, 0
$02AC	$1C03			BTFSS	STATUS, C
$02AD	$0F7B			INCFSZ	STACK_8+3, 0
$02AE	$02F3			SUBWF	STACK_0+3, 1
$02AF	$0846			MOVF	_strtoint_local_ep, 0
$02B0	$00F4			MOVWF	STACK_4
$02B1	$0847			MOVF	_strtoint_local_ep+1, 0
$02B2	$00F5			MOVWF	STACK_4+1
$02B3	$01F6			CLRF	STACK_4+2
$02B4	$01F7			CLRF	STACK_4+3
$02B5	$260A			CALL	_mul_32x32_s
$02B6	$0870			MOVF	STACK_0, 0
$02B7	$07CA			ADDWF	_strtoint_local_tmp, 1
$02B8	$0871			MOVF	STACK_0+1, 0
$02B9	$1803			BTFSC	STATUS, C
$02BA	$0F71			INCFSZ	STACK_0+1, 0
$02BB	$07CB			ADDWF	_strtoint_local_tmp+1, 1
$02BC	$0872			MOVF	STACK_0+2, 0
$02BD	$1803			BTFSC	STATUS, C
$02BE	$0F72			INCFSZ	STACK_0+2, 0
$02BF	$07CC			ADDWF	_strtoint_local_tmp+2, 1
$02C0	$0873			MOVF	STACK_0+3, 0
$02C1	$1803			BTFSC	STATUS, C
$02C2	$0F73			INCFSZ	STACK_0+3, 0
$02C3	$07CD			ADDWF	_strtoint_local_tmp+3, 1
$02C4	$	conv_L_180:
$02C4	$	conv_L_181:
;conv.ppas,363 :: 		
$02C4	$300A			MOVLW	10
$02C5	$00F4			MOVWF	STACK_4
$02C6	$01F5			CLRF	STACK_4+1
$02C7	$0846			MOVF	_strtoint_local_ep, 0
$02C8	$00F0			MOVWF	STACK_0
$02C9	$0847			MOVF	_strtoint_local_ep+1, 0
$02CA	$00F1			MOVWF	STACK_0+1
$02CB	$26A9			CALL	_div_16x16_u
$02CC	$0870			MOVF	STACK_0, 0
$02CD	$00C6			MOVWF	_strtoint_local_ep
$02CE	$0871			MOVF	STACK_0+1, 0
$02CF	$00C7			MOVWF	_strtoint_local_ep+1
;conv.ppas,365 :: 		
$02D0	$0AC4			INCF	_strtoint_local_i, 1
$02D1	$1903			BTFSC	STATUS, Z
$02D2	$0AC5			INCF	_strtoint_local_i+1, 1
;conv.ppas,366 :: 		
$02D3	$2A68			GOTO	conv_L_172
$02D4	$	conv_L_173:
;conv.ppas,370 :: 		
$02D4	$0848			MOVF	_strtoint_local_negative, 0
$02D5	$0449			IORWF	_strtoint_local_negative+1, 0
$02D6	$1903			BTFSC	STATUS, Z
$02D7	$2ADC			GOTO	conv_L_183
$02D8	$	conv_L_182:
$02D8	$3006			MOVLW	6
$02D9	$00C6			MOVWF	_strtoint_local_ep
$02DA	$01C7			CLRF	_strtoint_local_ep+1
$02DB	$2ADF			GOTO	conv_L_184
;conv.ppas,371 :: 		
$02DC	$	conv_L_183:
$02DC	$3005			MOVLW	5
$02DD	$00C6			MOVWF	_strtoint_local_ep
$02DE	$01C7			CLRF	_strtoint_local_ep+1
$02DF	$	conv_L_184:
;conv.ppas,373 :: 		
$02DF	$	conv_L_186:
$02DF	$0845			MOVF	_strtoint_local_i+1, 0
$02E0	$0647			XORWF	_strtoint_local_ep+1, 0
$02E1	$1D03			BTFSS	STATUS, Z
$02E2	$2AE5			GOTO	L_StrToInt_20
$02E3	$0846			MOVF	_strtoint_local_ep, 0
$02E4	$0644			XORWF	_strtoint_local_i, 0
$02E5	$	L_StrToInt_20:
$02E5	$1903			BTFSC	STATUS, Z
$02E6	$2B01			GOTO	conv_L_187
;conv.ppas,375 :: 		
$02E7	$300A			MOVLW	10
$02E8	$00F4			MOVWF	STACK_4
$02E9	$01F5			CLRF	STACK_4+1
$02EA	$01F6			CLRF	STACK_4+2
$02EB	$01F7			CLRF	STACK_4+3
$02EC	$084A			MOVF	_strtoint_local_tmp, 0
$02ED	$00F0			MOVWF	STACK_0
$02EE	$084B			MOVF	_strtoint_local_tmp+1, 0
$02EF	$00F1			MOVWF	STACK_0+1
$02F0	$084C			MOVF	_strtoint_local_tmp+2, 0
$02F1	$00F2			MOVWF	STACK_0+2
$02F2	$084D			MOVF	_strtoint_local_tmp+3, 0
$02F3	$00F3			MOVWF	STACK_0+3
$02F4	$23BC			CALL	_div_32x32_s
$02F5	$0870			MOVF	STACK_0, 0
$02F6	$00CA			MOVWF	_strtoint_local_tmp
$02F7	$0871			MOVF	STACK_0+1, 0
$02F8	$00CB			MOVWF	_strtoint_local_tmp+1
$02F9	$0872			MOVF	STACK_0+2, 0
$02FA	$00CC			MOVWF	_strtoint_local_tmp+2
$02FB	$0873			MOVF	STACK_0+3, 0
$02FC	$00CD			MOVWF	_strtoint_local_tmp+3
;conv.ppas,376 :: 		
$02FD	$0AC4			INCF	_strtoint_local_i, 1
$02FE	$1903			BTFSC	STATUS, Z
$02FF	$0AC5			INCF	_strtoint_local_i+1, 1
;conv.ppas,377 :: 		
$0300	$2ADF			GOTO	conv_L_186
$0301	$	conv_L_187:
;conv.ppas,380 :: 		
$0301	$084A			MOVF	_strtoint_local_tmp, 0
$0302	$00C2			MOVWF	_strtoint_local_result
$0303	$084B			MOVF	_strtoint_local_tmp+1, 0
$0304	$00C3			MOVWF	_strtoint_local_result+1
;conv.ppas,382 :: 		
$0305	$3000			MOVLW	0
$0306	$0649			XORWF	_strtoint_local_negative+1, 0
$0307	$1D03			BTFSS	STATUS, Z
$0308	$2B0B			GOTO	L_StrToInt_21
$0309	$30FF			MOVLW	255
$030A	$0648			XORWF	_strtoint_local_negative, 0
$030B	$	L_StrToInt_21:
$030B	$1D03			BTFSS	STATUS, Z
$030C	$2B15			GOTO	conv_L_191
$030D	$	conv_L_190:
;conv.ppas,383 :: 		
$030D	$0842			MOVF	_strtoint_local_result, 0
$030E	$3C00			SUBLW	0
$030F	$00C2			MOVWF	_strtoint_local_result
$0310	$0843			MOVF	_strtoint_local_result+1, 0
$0311	$1C03			BTFSS	STATUS, C
$0312	$3F01			ADDLW	1
$0313	$01C3			CLRF	_strtoint_local_result+1
$0314	$02C3			SUBWF	_strtoint_local_result+1, 1
$0315	$	conv_L_191:
$0315	$	conv_L_192:
$0315	$	conv_L_170:
;conv.ppas,384 :: 		
$0315	$0842			MOVF	_strtoint_local_result, 0
$0316	$00F0			MOVWF	STACK_0
$0317	$0843			MOVF	_strtoint_local_result+1, 0
$0318	$00F1			MOVWF	STACK_0+1
$0319	$0008			RETURN
$05C4	$	_strcmp:
;StringsLib.ppas,172 :: 		
;StringsLib.ppas,173 :: 		
$05C4	$1303			BCF	STATUS, RP1
$05C5	$1283			BCF	STATUS, RP0
$05C6	$01C5			CLRF	_strcmp_local_i, 1
;StringsLib.ppas,174 :: 		
$05C7	$0841			MOVF	FARG_strcmp, 0
$05C8	$0084			MOVWF	FSR
$05C9	$0800			MOVF	INDF, 0
$05CA	$00C3			MOVWF	_strcmp_local_result
$05CB	$01C4			CLRF	_strcmp_local_result+1
;StringsLib.ppas,175 :: 		
$05CC	$0842			MOVF	FARG_strcmp+1, 0
$05CD	$0084			MOVWF	FSR
$05CE	$0800			MOVF	INDF, 0
$05CF	$00F0			MOVWF	STACK_0
;StringsLib.ppas,176 :: 		
$05D0	$3000			MOVLW	0
$05D1	$00C4			MOVWF	_strcmp_local_result+1
$05D2	$0870			MOVF	STACK_0, 0
$05D3	$02C3			SUBWF	_strcmp_local_result, 1
$05D4	$1C03			BTFSS	STATUS, C
$05D5	$03C4			DECF	_strcmp_local_result+1, 1
;StringsLib.ppas,177 :: 		
$05D6	$	StringsLib_L_77:
$05D6	$3000			MOVLW	0
$05D7	$0644			XORWF	_strcmp_local_result+1, 0
$05D8	$1D03			BTFSS	STATUS, Z
$05D9	$2DDC			GOTO	L_strcmp_8
$05DA	$3000			MOVLW	0
$05DB	$0643			XORWF	_strcmp_local_result, 0
$05DC	$	L_strcmp_8:
$05DC	$30FF			MOVLW	255
$05DD	$1D03			BTFSS	STATUS, Z
$05DE	$3000			MOVLW	0
$05DF	$00F3			MOVWF	STACK_3
$05E0	$0845			MOVF	_strcmp_local_i, 0
$05E1	$0741			ADDWF	FARG_strcmp, 0
$05E2	$0084			MOVWF	FSR
$05E3	$0800			MOVF	INDF, 0
$05E4	$00F2			MOVWF	STACK_2
$05E5	$0872			MOVF	STACK_2, 0
$05E6	$3A00			XORLW	0
$05E7	$30FF			MOVLW	255
$05E8	$1903			BTFSC	STATUS, Z
$05E9	$3000			MOVLW	0
$05EA	$00F0			MOVWF	STACK_0
$05EB	$0873			MOVF	STACK_3, 0
$05EC	$05F0			ANDWF	STACK_0, 1
$05ED	$1903			BTFSC	STATUS, Z
$05EE	$2E05			GOTO	StringsLib_L_78
;StringsLib.ppas,179 :: 		
$05EF	$0A45			INCF	_strcmp_local_i, 0
$05F0	$00F0			MOVWF	STACK_0
$05F1	$0870			MOVF	STACK_0, 0
$05F2	$00C5			MOVWF	_strcmp_local_i
;StringsLib.ppas,180 :: 		
$05F3	$0870			MOVF	STACK_0, 0
$05F4	$0741			ADDWF	FARG_strcmp, 0
$05F5	$0084			MOVWF	FSR
$05F6	$0800			MOVF	INDF, 0
$05F7	$00C3			MOVWF	_strcmp_local_result
$05F8	$01C4			CLRF	_strcmp_local_result+1
;StringsLib.ppas,181 :: 		
$05F9	$0870			MOVF	STACK_0, 0
$05FA	$0742			ADDWF	FARG_strcmp+1, 0
$05FB	$0084			MOVWF	FSR
$05FC	$0800			MOVF	INDF, 0
$05FD	$00F0			MOVWF	STACK_0
;StringsLib.ppas,182 :: 		
$05FE	$3000			MOVLW	0
$05FF	$00C4			MOVWF	_strcmp_local_result+1
$0600	$0870			MOVF	STACK_0, 0
$0601	$02C3			SUBWF	_strcmp_local_result, 1
$0602	$1C03			BTFSS	STATUS, C
$0603	$03C4			DECF	_strcmp_local_result+1, 1
;StringsLib.ppas,183 :: 		
$0604	$2DD6			GOTO	StringsLib_L_77
$0605	$	StringsLib_L_78:
$0605	$	StringsLib_L_75:
;StringsLib.ppas,184 :: 		
$0605	$0843			MOVF	_strcmp_local_result, 0
$0606	$00F0			MOVWF	STACK_0
$0607	$0844			MOVF	_strcmp_local_result+1, 0
$0608	$00F1			MOVWF	STACK_0+1
$0609	$0008			RETURN
$0004	$	_giramotor:
;DriverDeControle.pbas,16 :: 		sub procedure giraMotor()
;DriverDeControle.pbas,18 :: 		for x = 1 to ciclo
$0004	$3001			MOVLW	1
$0005	$1303			BCF	STATUS, RP1
$0006	$1283			BCF	STATUS, RP0
$0007	$00A1			MOVWF	_x
$0008	$01A2			CLRF	_x+1
$0009	$	DriverDeControle_L_1:
$0009	$3080			MOVLW	128
$000A	$0624			XORWF	_ciclo+1, 0
$000B	$00F0			MOVWF	STACK_0
$000C	$3080			MOVLW	128
$000D	$0622			XORWF	_x+1, 0
$000E	$0270			SUBWF	STACK_0, 0
$000F	$1D03			BTFSS	STATUS, Z
$0010	$2813			GOTO	L_giraMotor_0
$0011	$0821			MOVF	_x, 0
$0012	$0223			SUBWF	_ciclo, 0
$0013	$	L_giraMotor_0:
$0013	$1C03			BTFSS	STATUS, C
$0014	$2928			GOTO	DriverDeControle_L_4
;DriverDeControle.pbas,20 :: 		if motor = 1 then
$0015	$3000			MOVLW	0
$0016	$0626			XORWF	_motor+1, 0
$0017	$1D03			BTFSS	STATUS, Z
$0018	$281B			GOTO	L_giraMotor_1
$0019	$3001			MOVLW	1
$001A	$0625			XORWF	_motor, 0
$001B	$	L_giraMotor_1:
$001B	$1D03			BTFSS	STATUS, Z
$001C	$285A			GOTO	DriverDeControle_L_6
$001D	$	DriverDeControle_L_5:
;DriverDeControle.pbas,21 :: 		if s1 = true then
$001D	$0827			MOVF	_s1, 0
$001E	$3AFF			XORLW	255
$001F	$1D03			BTFSS	STATUS, Z
$0020	$283E			GOTO	DriverDeControle_L_9
$0021	$	DriverDeControle_L_8:
;DriverDeControle.pbas,22 :: 		PORTC=%00000001 vdelay_ms(tmpOn)
$0021	$3001			MOVLW	1
$0022	$0087			MOVWF	PORTC
$0023	$0828			MOVF	_tmpon, 0
$0024	$00CE			MOVWF	FARG_VDelay_ms
$0025	$0829			MOVF	_tmpon+1, 0
$0026	$00CF			MOVWF	FARG_VDelay_ms+1
$0027	$2456			CALL	_vdelay_ms
;DriverDeControle.pbas,23 :: 		PORTC=%00000010 vdelay_ms(tmpOn)
$0028	$3002			MOVLW	2
$0029	$0087			MOVWF	PORTC
$002A	$0828			MOVF	_tmpon, 0
$002B	$00CE			MOVWF	FARG_VDelay_ms
$002C	$0829			MOVF	_tmpon+1, 0
$002D	$00CF			MOVWF	FARG_VDelay_ms+1
$002E	$2456			CALL	_vdelay_ms
;DriverDeControle.pbas,24 :: 		PORTC=%00000100 vdelay_ms(tmpOn)
$002F	$3004			MOVLW	4
$0030	$0087			MOVWF	PORTC
$0031	$0828			MOVF	_tmpon, 0
$0032	$00CE			MOVWF	FARG_VDelay_ms
$0033	$0829			MOVF	_tmpon+1, 0
$0034	$00CF			MOVWF	FARG_VDelay_ms+1
$0035	$2456			CALL	_vdelay_ms
;DriverDeControle.pbas,25 :: 		PORTC=%00001000 vdelay_ms(tmpOn)
$0036	$3008			MOVLW	8
$0037	$0087			MOVWF	PORTC
$0038	$0828			MOVF	_tmpon, 0
$0039	$00CE			MOVWF	FARG_VDelay_ms
$003A	$0829			MOVF	_tmpon+1, 0
$003B	$00CF			MOVWF	FARG_VDelay_ms+1
$003C	$2456			CALL	_vdelay_ms
$003D	$285A			GOTO	DriverDeControle_L_10
;DriverDeControle.pbas,26 :: 		else
$003E	$	DriverDeControle_L_9:
;DriverDeControle.pbas,27 :: 		PORTC=%00001000 vdelay_ms(tmpOn)
$003E	$3008			MOVLW	8
$003F	$0087			MOVWF	PORTC
$0040	$0828			MOVF	_tmpon, 0
$0041	$00CE			MOVWF	FARG_VDelay_ms
$0042	$0829			MOVF	_tmpon+1, 0
$0043	$00CF			MOVWF	FARG_VDelay_ms+1
$0044	$2456			CALL	_vdelay_ms
;DriverDeControle.pbas,28 :: 		PORTC=%00000100 vdelay_ms(tmpOn)
$0045	$3004			MOVLW	4
$0046	$0087			MOVWF	PORTC
$0047	$0828			MOVF	_tmpon, 0
$0048	$00CE			MOVWF	FARG_VDelay_ms
$0049	$0829			MOVF	_tmpon+1, 0
$004A	$00CF			MOVWF	FARG_VDelay_ms+1
$004B	$2456			CALL	_vdelay_ms
;DriverDeControle.pbas,29 :: 		PORTC=%00000010 vdelay_ms(tmpOn)
$004C	$3002			MOVLW	2
$004D	$0087			MOVWF	PORTC
$004E	$0828			MOVF	_tmpon, 0
$004F	$00CE			MOVWF	FARG_VDelay_ms
$0050	$0829			MOVF	_tmpon+1, 0
$0051	$00CF			MOVWF	FARG_VDelay_ms+1
$0052	$2456			CALL	_vdelay_ms
;DriverDeControle.pbas,30 :: 		PORTC=%00000001 vdelay_ms(tmpOn)
$0053	$3001			MOVLW	1
$0054	$0087			MOVWF	PORTC
$0055	$0828			MOVF	_tmpon, 0
$0056	$00CE			MOVWF	FARG_VDelay_ms
$0057	$0829			MOVF	_tmpon+1, 0
$0058	$00CF			MOVWF	FARG_VDelay_ms+1
$0059	$2456			CALL	_vdelay_ms
;DriverDeControle.pbas,31 :: 		end if
$005A	$	DriverDeControle_L_10:
$005A	$	DriverDeControle_L_6:
;DriverDeControle.pbas,32 :: 		end if
$005A	$	DriverDeControle_L_7:
;DriverDeControle.pbas,34 :: 		if motor = 2 then
$005A	$3000			MOVLW	0
$005B	$0626			XORWF	_motor+1, 0
$005C	$1D03			BTFSS	STATUS, Z
$005D	$2860			GOTO	L_giraMotor_2
$005E	$3002			MOVLW	2
$005F	$0625			XORWF	_motor, 0
$0060	$	L_giraMotor_2:
$0060	$1D03			BTFSS	STATUS, Z
$0061	$289F			GOTO	DriverDeControle_L_12
$0062	$	DriverDeControle_L_11:
;DriverDeControle.pbas,35 :: 		if s2 = true then
$0062	$082A			MOVF	_s2, 0
$0063	$3AFF			XORLW	255
$0064	$1D03			BTFSS	STATUS, Z
$0065	$2883			GOTO	DriverDeControle_L_15
$0066	$	DriverDeControle_L_14:
;DriverDeControle.pbas,36 :: 		PORTC=%00010000 vdelay_ms(tmpOn)
$0066	$3010			MOVLW	16
$0067	$0087			MOVWF	PORTC
$0068	$0828			MOVF	_tmpon, 0
$0069	$00CE			MOVWF	FARG_VDelay_ms
$006A	$0829			MOVF	_tmpon+1, 0
$006B	$00CF			MOVWF	FARG_VDelay_ms+1
$006C	$2456			CALL	_vdelay_ms
;DriverDeControle.pbas,37 :: 		PORTC=%00100000 vdelay_ms(tmpOn)
$006D	$3020			MOVLW	32
$006E	$0087			MOVWF	PORTC
$006F	$0828			MOVF	_tmpon, 0
$0070	$00CE			MOVWF	FARG_VDelay_ms
$0071	$0829			MOVF	_tmpon+1, 0
$0072	$00CF			MOVWF	FARG_VDelay_ms+1
$0073	$2456			CALL	_vdelay_ms
;DriverDeControle.pbas,38 :: 		PORTC=%01000000 vdelay_ms(tmpOn)
$0074	$3040			MOVLW	64
$0075	$0087			MOVWF	PORTC
$0076	$0828			MOVF	_tmpon, 0
$0077	$00CE			MOVWF	FARG_VDelay_ms
$0078	$0829			MOVF	_tmpon+1, 0
$0079	$00CF			MOVWF	FARG_VDelay_ms+1
$007A	$2456			CALL	_vdelay_ms
;DriverDeControle.pbas,39 :: 		PORTC=%10000000 vdelay_ms(tmpOn)
$007B	$3080			MOVLW	128
$007C	$0087			MOVWF	PORTC
$007D	$0828			MOVF	_tmpon, 0
$007E	$00CE			MOVWF	FARG_VDelay_ms
$007F	$0829			MOVF	_tmpon+1, 0
$0080	$00CF			MOVWF	FARG_VDelay_ms+1
$0081	$2456			CALL	_vdelay_ms
$0082	$289F			GOTO	DriverDeControle_L_16
;DriverDeControle.pbas,40 :: 		else
$0083	$	DriverDeControle_L_15:
;DriverDeControle.pbas,41 :: 		PORTC=%10000000 vdelay_ms(tmpOn)
$0083	$3080			MOVLW	128
$0084	$0087			MOVWF	PORTC
$0085	$0828			MOVF	_tmpon, 0
$0086	$00CE			MOVWF	FARG_VDelay_ms
$0087	$0829			MOVF	_tmpon+1, 0
$0088	$00CF			MOVWF	FARG_VDelay_ms+1
$0089	$2456			CALL	_vdelay_ms
;DriverDeControle.pbas,42 :: 		PORTC=%01000000 vdelay_ms(tmpOn)
$008A	$3040			MOVLW	64
$008B	$0087			MOVWF	PORTC
$008C	$0828			MOVF	_tmpon, 0
$008D	$00CE			MOVWF	FARG_VDelay_ms
$008E	$0829			MOVF	_tmpon+1, 0
$008F	$00CF			MOVWF	FARG_VDelay_ms+1
$0090	$2456			CALL	_vdelay_ms
;DriverDeControle.pbas,43 :: 		PORTC=%00100000 vdelay_ms(tmpOn)
$0091	$3020			MOVLW	32
$0092	$0087			MOVWF	PORTC
$0093	$0828			MOVF	_tmpon, 0
$0094	$00CE			MOVWF	FARG_VDelay_ms
$0095	$0829			MOVF	_tmpon+1, 0
$0096	$00CF			MOVWF	FARG_VDelay_ms+1
$0097	$2456			CALL	_vdelay_ms
;DriverDeControle.pbas,44 :: 		PORTC=%00010000 vdelay_ms(tmpOn)
$0098	$3010			MOVLW	16
$0099	$0087			MOVWF	PORTC
$009A	$0828			MOVF	_tmpon, 0
$009B	$00CE			MOVWF	FARG_VDelay_ms
$009C	$0829			MOVF	_tmpon+1, 0
$009D	$00CF			MOVWF	FARG_VDelay_ms+1
$009E	$2456			CALL	_vdelay_ms
;DriverDeControle.pbas,45 :: 		end if
$009F	$	DriverDeControle_L_16:
$009F	$	DriverDeControle_L_12:
;DriverDeControle.pbas,46 :: 		end if
$009F	$	DriverDeControle_L_13:
;DriverDeControle.pbas,48 :: 		if motor = 3 then
$009F	$3000			MOVLW	0
$00A0	$0626			XORWF	_motor+1, 0
$00A1	$1D03			BTFSS	STATUS, Z
$00A2	$28A5			GOTO	L_giraMotor_3
$00A3	$3003			MOVLW	3
$00A4	$0625			XORWF	_motor, 0
$00A5	$	L_giraMotor_3:
$00A5	$1D03			BTFSS	STATUS, Z
$00A6	$291C			GOTO	DriverDeControle_L_18
$00A7	$	DriverDeControle_L_17:
;DriverDeControle.pbas,49 :: 		if s3 = true then
$00A7	$082B			MOVF	_s3, 0
$00A8	$3AFF			XORLW	255
$00A9	$1D03			BTFSS	STATUS, Z
$00AA	$28E4			GOTO	DriverDeControle_L_21
$00AB	$	DriverDeControle_L_20:
;DriverDeControle.pbas,50 :: 		PORTC=%00000001 vdelay_ms(tmpOn)
$00AB	$3001			MOVLW	1
$00AC	$0087			MOVWF	PORTC
$00AD	$0828			MOVF	_tmpon, 0
$00AE	$00CE			MOVWF	FARG_VDelay_ms
$00AF	$0829			MOVF	_tmpon+1, 0
$00B0	$00CF			MOVWF	FARG_VDelay_ms+1
$00B1	$2456			CALL	_vdelay_ms
;DriverDeControle.pbas,51 :: 		PORTC=%00010000 vdelay_ms(tmpOn)
$00B2	$3010			MOVLW	16
$00B3	$0087			MOVWF	PORTC
$00B4	$0828			MOVF	_tmpon, 0
$00B5	$00CE			MOVWF	FARG_VDelay_ms
$00B6	$0829			MOVF	_tmpon+1, 0
$00B7	$00CF			MOVWF	FARG_VDelay_ms+1
$00B8	$2456			CALL	_vdelay_ms
;DriverDeControle.pbas,52 :: 		PORTC=%00000010 vdelay_ms(tmpOn)
$00B9	$3002			MOVLW	2
$00BA	$0087			MOVWF	PORTC
$00BB	$0828			MOVF	_tmpon, 0
$00BC	$00CE			MOVWF	FARG_VDelay_ms
$00BD	$0829			MOVF	_tmpon+1, 0
$00BE	$00CF			MOVWF	FARG_VDelay_ms+1
$00BF	$2456			CALL	_vdelay_ms
;DriverDeControle.pbas,53 :: 		PORTC=%00100000 vdelay_ms(tmpOn)
$00C0	$3020			MOVLW	32
$00C1	$0087			MOVWF	PORTC
$00C2	$0828			MOVF	_tmpon, 0
$00C3	$00CE			MOVWF	FARG_VDelay_ms
$00C4	$0829			MOVF	_tmpon+1, 0
$00C5	$00CF			MOVWF	FARG_VDelay_ms+1
$00C6	$2456			CALL	_vdelay_ms
;DriverDeControle.pbas,54 :: 		PORTC=%00000100 vdelay_ms(tmpOn)
$00C7	$3004			MOVLW	4
$00C8	$0087			MOVWF	PORTC
$00C9	$0828			MOVF	_tmpon, 0
$00CA	$00CE			MOVWF	FARG_VDelay_ms
$00CB	$0829			MOVF	_tmpon+1, 0
$00CC	$00CF			MOVWF	FARG_VDelay_ms+1
$00CD	$2456			CALL	_vdelay_ms
;DriverDeControle.pbas,55 :: 		PORTC=%01000000 vdelay_ms(tmpOn)
$00CE	$3040			MOVLW	64
$00CF	$0087			MOVWF	PORTC
$00D0	$0828			MOVF	_tmpon, 0
$00D1	$00CE			MOVWF	FARG_VDelay_ms
$00D2	$0829			MOVF	_tmpon+1, 0
$00D3	$00CF			MOVWF	FARG_VDelay_ms+1
$00D4	$2456			CALL	_vdelay_ms
;DriverDeControle.pbas,56 :: 		PORTC=%00001000 vdelay_ms(tmpOn)
$00D5	$3008			MOVLW	8
$00D6	$0087			MOVWF	PORTC
$00D7	$0828			MOVF	_tmpon, 0
$00D8	$00CE			MOVWF	FARG_VDelay_ms
$00D9	$0829			MOVF	_tmpon+1, 0
$00DA	$00CF			MOVWF	FARG_VDelay_ms+1
$00DB	$2456			CALL	_vdelay_ms
;DriverDeControle.pbas,57 :: 		PORTC=%10000000 vdelay_ms(tmpOn)
$00DC	$3080			MOVLW	128
$00DD	$0087			MOVWF	PORTC
$00DE	$0828			MOVF	_tmpon, 0
$00DF	$00CE			MOVWF	FARG_VDelay_ms
$00E0	$0829			MOVF	_tmpon+1, 0
$00E1	$00CF			MOVWF	FARG_VDelay_ms+1
$00E2	$2456			CALL	_vdelay_ms
$00E3	$291C			GOTO	DriverDeControle_L_22
;DriverDeControle.pbas,58 :: 		else
$00E4	$	DriverDeControle_L_21:
;DriverDeControle.pbas,59 :: 		PORTC=%10000000 vdelay_ms(tmpOn)
$00E4	$3080			MOVLW	128
$00E5	$0087			MOVWF	PORTC
$00E6	$0828			MOVF	_tmpon, 0
$00E7	$00CE			MOVWF	FARG_VDelay_ms
$00E8	$0829			MOVF	_tmpon+1, 0
$00E9	$00CF			MOVWF	FARG_VDelay_ms+1
$00EA	$2456			CALL	_vdelay_ms
;DriverDeControle.pbas,60 :: 		PORTC=%00001000 vdelay_ms(tmpOn)
$00EB	$3008			MOVLW	8
$00EC	$0087			MOVWF	PORTC
$00ED	$0828			MOVF	_tmpon, 0
$00EE	$00CE			MOVWF	FARG_VDelay_ms
$00EF	$0829			MOVF	_tmpon+1, 0
$00F0	$00CF			MOVWF	FARG_VDelay_ms+1
$00F1	$2456			CALL	_vdelay_ms
;DriverDeControle.pbas,61 :: 		PORTC=%01000000 vdelay_ms(tmpOn)
$00F2	$3040			MOVLW	64
$00F3	$0087			MOVWF	PORTC
$00F4	$0828			MOVF	_tmpon, 0
$00F5	$00CE			MOVWF	FARG_VDelay_ms
$00F6	$0829			MOVF	_tmpon+1, 0
$00F7	$00CF			MOVWF	FARG_VDelay_ms+1
$00F8	$2456			CALL	_vdelay_ms
;DriverDeControle.pbas,62 :: 		PORTC=%00000100 vdelay_ms(tmpOn)
$00F9	$3004			MOVLW	4
$00FA	$0087			MOVWF	PORTC
$00FB	$0828			MOVF	_tmpon, 0
$00FC	$00CE			MOVWF	FARG_VDelay_ms
$00FD	$0829			MOVF	_tmpon+1, 0
$00FE	$00CF			MOVWF	FARG_VDelay_ms+1
$00FF	$2456			CALL	_vdelay_ms
;DriverDeControle.pbas,63 :: 		PORTC=%00100000 vdelay_ms(tmpOn)
$0100	$3020			MOVLW	32
$0101	$0087			MOVWF	PORTC
$0102	$0828			MOVF	_tmpon, 0
$0103	$00CE			MOVWF	FARG_VDelay_ms
$0104	$0829			MOVF	_tmpon+1, 0
$0105	$00CF			MOVWF	FARG_VDelay_ms+1
$0106	$2456			CALL	_vdelay_ms
;DriverDeControle.pbas,64 :: 		PORTC=%00000010 vdelay_ms(tmpOn)
$0107	$3002			MOVLW	2
$0108	$0087			MOVWF	PORTC
$0109	$0828			MOVF	_tmpon, 0
$010A	$00CE			MOVWF	FARG_VDelay_ms
$010B	$0829			MOVF	_tmpon+1, 0
$010C	$00CF			MOVWF	FARG_VDelay_ms+1
$010D	$2456			CALL	_vdelay_ms
;DriverDeControle.pbas,65 :: 		PORTC=%00010000 vdelay_ms(tmpOn)
$010E	$3010			MOVLW	16
$010F	$0087			MOVWF	PORTC
$0110	$0828			MOVF	_tmpon, 0
$0111	$00CE			MOVWF	FARG_VDelay_ms
$0112	$0829			MOVF	_tmpon+1, 0
$0113	$00CF			MOVWF	FARG_VDelay_ms+1
$0114	$2456			CALL	_vdelay_ms
;DriverDeControle.pbas,66 :: 		PORTC=%00000001 vdelay_ms(tmpOn)
$0115	$3001			MOVLW	1
$0116	$0087			MOVWF	PORTC
$0117	$0828			MOVF	_tmpon, 0
$0118	$00CE			MOVWF	FARG_VDelay_ms
$0119	$0829			MOVF	_tmpon+1, 0
$011A	$00CF			MOVWF	FARG_VDelay_ms+1
$011B	$2456			CALL	_vdelay_ms
;DriverDeControle.pbas,67 :: 		end if
$011C	$	DriverDeControle_L_22:
$011C	$	DriverDeControle_L_18:
;DriverDeControle.pbas,68 :: 		end if
$011C	$	DriverDeControle_L_19:
;DriverDeControle.pbas,70 :: 		next x
$011C	$0822			MOVF	_x+1, 0
$011D	$0624			XORWF	_ciclo+1, 0
$011E	$1D03			BTFSS	STATUS, Z
$011F	$2922			GOTO	L_giraMotor_4
$0120	$0823			MOVF	_ciclo, 0
$0121	$0621			XORWF	_x, 0
$0122	$	L_giraMotor_4:
$0122	$1903			BTFSC	STATUS, Z
$0123	$2928			GOTO	DriverDeControle_L_4
$0124	$	DriverDeControle_L_2:
$0124	$0AA1			INCF	_x, 1
$0125	$1903			BTFSC	STATUS, Z
$0126	$0AA2			INCF	_x+1, 1
$0127	$2809			GOTO	DriverDeControle_L_1
$0128	$	DriverDeControle_L_4:
;DriverDeControle.pbas,72 :: 		PORTC=0
$0128	$0187			CLRF	PORTC, 1
$0129	$	DriverDeControle_L_0:
$0129	$0008			RETURN
$06C6	$	_usart_init:
;USART_b75.ppas,22 :: 		
;USART_b75.ppas,24 :: 		
$06C6	$	USART_b75_L_1:
$06C6	$1303			BCF	STATUS, RP1
$06C7	$1683			BSF	STATUS, RP0
$06C8	$1698			BSF	TXSTA, 5
$06C9	$	USART_b75_L_2:
;USART_b75.ppas,25 :: 		
$06C9	$3090			MOVLW	144
$06CA	$1283			BCF	STATUS, RP0
$06CB	$0098			MOVWF	RCSTA
;USART_b75.ppas,31 :: 		
$06CC	$	USART_b75_L_3:
$06CC	$1683			BSF	STATUS, RP0
$06CD	$1686			BSF	TRISB, 5
$06CE	$	USART_b75_L_4:
;USART_b75.ppas,32 :: 		
$06CE	$	USART_b75_L_5:
$06CE	$1786			BSF	TRISB, 7
$06CF	$	USART_b75_L_6:
;USART_b75.ppas,35 :: 		
$06CF	$	USART_b75_L_8:
$06CF	$1283			BCF	STATUS, RP0
$06D0	$080C			MOVF	PIR1, 0
$06D1	$00F1			MOVWF	STACK_1
$06D2	$3000			MOVLW	0
$06D3	$1AF1			BTFSC	STACK_1, 5
$06D4	$3001			MOVLW	1
$06D5	$00F1			MOVWF	STACK_1
$06D6	$0871			MOVF	STACK_1, 0
$06D7	$3A01			XORLW	1
$06D8	$1903			BTFSC	STATUS, Z
$06D9	$2ECF			GOTO	USART_b75_L_8
;USART_b75.ppas,36 :: 		
$06DA	$	USART_b75_L_9:
$06DA	$	USART_b75_L_0:
;USART_b75.ppas,37 :: 		
$06DA	$0008			RETURN
$04DE	$	_div_16x16_s:
$04DE	$1303			BCF	STATUS, RP1
$04DF	$1283			BCF	STATUS, RP0
;math.ppas,346 :: 		
;math.ppas,348 :: 		
$04E0	$01FD			CLRF	STACK_13
;math.ppas,349 :: 		
$04E1	$01F9			CLRF	STACK_9
;math.ppas,350 :: 		
$04E2	$01F8			CLRF	STACK_8
;math.ppas,351 :: 		
$04E3	$0871			MOVF	STACK_1, W
;math.ppas,352 :: 		
$04E4	$0470			IORWF	STACK_0, W
;math.ppas,353 :: 		
$04E5	$1903			BTFSC	STATUS, Z
;math.ppas,355 :: 		
$04E6	$3400			RETLW	0
;math.ppas,356 :: 		
$04E7	$0871			MOVF	STACK_1, W
;math.ppas,357 :: 		
$04E8	$0675			XORWF	STACK_5, W
;math.ppas,358 :: 		
$04E9	$00FA			MOVWF	STACK_10
;math.ppas,359 :: 		
$04EA	$1BFA			BTFSC	STACK_10, 7
;math.ppas,361 :: 		
$04EB	$09FD			COMF	STACK_13, F
;math.ppas,363 :: 		
$04EC	$01FB			CLRF	STACK_11
;math.ppas,364 :: 		
$04ED	$1FF5			BTFSS	STACK_5, 7
;math.ppas,366 :: 		
$04EE	$2CF4			GOTO	$+6
;math.ppas,367 :: 		
$04EF	$09F4			COMF	STACK_4, F
;math.ppas,368 :: 		
$04F0	$09F5			COMF	STACK_5, F
;math.ppas,369 :: 		
$04F1	$0AF4			INCF	STACK_4, F
;math.ppas,370 :: 		
$04F2	$1903			BTFSC	STATUS, Z
;math.ppas,372 :: 		
$04F3	$0AF5			INCF	STACK_5, F
;math.ppas,373 :: 		
$04F4	$1FF1			BTFSS	STACK_1, 7
;math.ppas,375 :: 		
$04F5	$2CFB			GOTO	$+6
;math.ppas,376 :: 		
$04F6	$09F0			COMF	STACK_0, F
;math.ppas,377 :: 		
$04F7	$09F1			COMF	STACK_1, F
;math.ppas,378 :: 		
$04F8	$0AF0			INCF	STACK_0, F
;math.ppas,379 :: 		
$04F9	$1903			BTFSC	STATUS, Z
;math.ppas,381 :: 		
$04FA	$0AF1			INCF	STACK_1, F
;math.ppas,382 :: 		
$04FB	$0871			MOVF	STACK_1, W
;math.ppas,383 :: 		
$04FC	$0475			IORWF	STACK_5, W
;math.ppas,384 :: 		
$04FD	$00FA			MOVWF	STACK_10
;math.ppas,385 :: 		
$04FE	$1BFA			BTFSC	STACK_10, 7
;math.ppas,386 :: 		
$04FF	$2D10			GOTO	$+17
;math.ppas,388 :: 		
$0500	$267C			CALL	_div_16x16_s_l
;math.ppas,390 :: 		
$0501	$187B			BTFSC	STACK_11, 0
;math.ppas,392 :: 		
$0502	$2D23			GOTO	$+33
;math.ppas,393 :: 		
$0503	$1FFD			BTFSS	STACK_13, 7
;math.ppas,395 :: 		
$0504	$3400			RETLW	0
;math.ppas,396 :: 		
$0505	$09F0			COMF	STACK_0, F
;math.ppas,397 :: 		
$0506	$09F1			COMF	STACK_1, F
;math.ppas,398 :: 		
$0507	$0AF0			INCF	STACK_0, F
;math.ppas,399 :: 		
$0508	$1903			BTFSC	STATUS, Z
;math.ppas,401 :: 		
$0509	$0AF1			INCF	STACK_1, F
;math.ppas,402 :: 		
$050A	$09F8			COMF	STACK_8, F
;math.ppas,403 :: 		
$050B	$09F9			COMF	STACK_9, F
;math.ppas,404 :: 		
$050C	$0AF8			INCF	STACK_8, F
;math.ppas,405 :: 		
$050D	$1903			BTFSC	STATUS, Z
;math.ppas,407 :: 		
$050E	$0AF9			INCF	STACK_9, F
;math.ppas,409 :: 		
$050F	$3400			RETLW	0
;math.ppas,410 :: 		
$0510	$1FF5			BTFSS	STACK_5, 7
;math.ppas,411 :: 		
$0511	$2D1F			GOTO	$+14
;math.ppas,412 :: 		
$0512	$1BF1			BTFSC	STACK_1, 7
;math.ppas,413 :: 		
$0513	$2D1B			GOTO	$+8
;math.ppas,414 :: 		
$0514	$0871			MOVF	STACK_1, W
;math.ppas,415 :: 		
$0515	$00F9			MOVWF	STACK_9
;math.ppas,416 :: 		
$0516	$0870			MOVF	STACK_0, W
;math.ppas,417 :: 		
$0517	$00F8			MOVWF	STACK_8
;math.ppas,418 :: 		
$0518	$01F1			CLRF	STACK_1
;math.ppas,419 :: 		
$0519	$01F0			CLRF	STACK_0
;math.ppas,420 :: 		
$051A	$2D03			GOTO	$-23
;math.ppas,421 :: 		
$051B	$01F1			CLRF	STACK_1
;math.ppas,422 :: 		
$051C	$01F0			CLRF	STACK_0
;math.ppas,423 :: 		
$051D	$0AF0			INCF	STACK_0, F
;math.ppas,425 :: 		
$051E	$3400			RETLW	0
;math.ppas,426 :: 		
$051F	$09F1			COMF	STACK_1, F
;math.ppas,427 :: 		
$0520	$09F0			COMF	STACK_0, F
;math.ppas,428 :: 		
$0521	$0AFB			INCF	STACK_11, F
;math.ppas,430 :: 		
$0522	$2D00			GOTO	$-34
;math.ppas,431 :: 		
$0523	$0AF8			INCF	STACK_8, F
;math.ppas,432 :: 		
$0524	$1903			BTFSC	STATUS, Z
;math.ppas,433 :: 		
$0525	$0AF9			INCF	STACK_9, F
;math.ppas,434 :: 		
$0526	$0874			MOVF	STACK_4, W
;math.ppas,435 :: 		
$0527	$0278			SUBWF	STACK_8, W
;math.ppas,436 :: 		
$0528	$1D03			BTFSS	STATUS, Z
;math.ppas,437 :: 		
$0529	$2D03			GOTO	$-38
;math.ppas,438 :: 		
$052A	$0875			MOVF	STACK_5, W
;math.ppas,439 :: 		
$052B	$0279			SUBWF	STACK_9, W
;math.ppas,440 :: 		
$052C	$1D03			BTFSS	STATUS, Z
;math.ppas,441 :: 		
$052D	$2D03			GOTO	$-42
;math.ppas,442 :: 		
$052E	$01F9			CLRF	STACK_9
;math.ppas,443 :: 		
$052F	$01F8			CLRF	STACK_8
;math.ppas,444 :: 		
$0530	$0AF0			INCF	STACK_0, F
;math.ppas,445 :: 		
$0531	$1903			BTFSC	STATUS, Z
;math.ppas,446 :: 		
$0532	$0AF1			INCF	STACK_1, F
;math.ppas,447 :: 		
$0533	$1FF1			BTFSS	STACK_1, 7
;math.ppas,448 :: 		
$0534	$2D03			GOTO	$-49
;math.ppas,449 :: 		
$0535	$0000			NOP
;math.ppas,450 :: 		
$0536	$34FF			RETLW	255
;math.ppas,451 :: 		
$0537	$	math_L_7:
;math.ppas,452 :: 		
$0537	$0008			RETURN
$057B	$	_mul_16x16_s:
$057B	$1303			BCF	STATUS, RP1
$057C	$1283			BCF	STATUS, RP0
;math.ppas,203 :: 		
;math.ppas,205 :: 		
$057D	$01FB			CLRF	STACK_11
;math.ppas,206 :: 		
$057E	$01FA			CLRF	STACK_10
;math.ppas,207 :: 		
$057F	$01F9			CLRF	STACK_9
;math.ppas,208 :: 		
$0580	$3080			MOVLW	128
;math.ppas,210 :: 		
$0581	$00F8			MOVWF	STACK_8
;math.ppas,212 :: 		
$0582	$01FD			CLRF	STACK_13
;math.ppas,213 :: 		
$0583	$1FF1			BTFSS	STACK_1, 7
;math.ppas,214 :: 		
$0584	$2D8B			GOTO	$+7
;math.ppas,215 :: 		
$0585	$09F1			COMF	STACK_1, F
;math.ppas,216 :: 		
$0586	$09F0			COMF	STACK_0, F
;math.ppas,217 :: 		
$0587	$0AF0			INCF	STACK_0, F
;math.ppas,218 :: 		
$0588	$1903			BTFSC	STATUS, Z
;math.ppas,219 :: 		
$0589	$0AF1			INCF	STACK_1, F
;math.ppas,221 :: 		
$058A	$0AFD			INCF	STACK_13, F
;math.ppas,222 :: 		
$058B	$1FF5			BTFSS	STACK_5, 7
;math.ppas,223 :: 		
$058C	$2D93			GOTO	$+7
;math.ppas,224 :: 		
$058D	$09F5			COMF	STACK_5, F
;math.ppas,225 :: 		
$058E	$09F4			COMF	STACK_4, F
;math.ppas,226 :: 		
$058F	$0AF4			INCF	STACK_4, F
;math.ppas,227 :: 		
$0590	$1903			BTFSC	STATUS, Z
;math.ppas,228 :: 		
$0591	$0AF5			INCF	STACK_5, F
;math.ppas,230 :: 		
$0592	$0AFD			INCF	STACK_13, F
;math.ppas,231 :: 		
$0593	$0CF1			RRF	STACK_1, F
;math.ppas,233 :: 		
$0594	$0CF0			RRF	STACK_0, F
;math.ppas,234 :: 		
$0595	$1C03			BTFSS	STATUS, C
;math.ppas,235 :: 		
$0596	$2DA0			GOTO	$+10
;math.ppas,236 :: 		
$0597	$0874			MOVF	STACK_4, W
;math.ppas,238 :: 		
$0598	$07F9			ADDWF	STACK_9, F
;math.ppas,239 :: 		
$0599	$0875			MOVF	STACK_5, W
;math.ppas,240 :: 		
$059A	$1803			BTFSC	STATUS, C
;math.ppas,241 :: 		
$059B	$0F75			INCFSZ	STACK_5, W
;math.ppas,242 :: 		
$059C	$07FA			ADDWF	STACK_10, F
;math.ppas,243 :: 		
$059D	$1803			BTFSC	STATUS, C
;math.ppas,244 :: 		
$059E	$0AFB			INCF	STACK_11, F
;math.ppas,246 :: 		
$059F	$1003			BCF	STATUS, C
;math.ppas,247 :: 		
$05A0	$1FF0			BTFSS	STACK_0, 7
;math.ppas,248 :: 		
$05A1	$2DA8			GOTO	$+7
;math.ppas,249 :: 		
$05A2	$0874			MOVF	STACK_4, W
;math.ppas,250 :: 		
$05A3	$07FA			ADDWF	STACK_10, F
;math.ppas,251 :: 		
$05A4	$1803			BTFSC	STATUS, C
;math.ppas,252 :: 		
$05A5	$0AFB			INCF	STACK_11, F
;math.ppas,253 :: 		
$05A6	$0875			MOVF	STACK_5, W
;math.ppas,255 :: 		
$05A7	$07FB			ADDWF	STACK_11, F
;math.ppas,256 :: 		
$05A8	$0CFB			RRF	STACK_11, F
;math.ppas,257 :: 		
$05A9	$0CFA			RRF	STACK_10, F
;math.ppas,258 :: 		
$05AA	$0CF9			RRF	STACK_9, F
;math.ppas,260 :: 		
$05AB	$0CF8			RRF	STACK_8, F
;math.ppas,261 :: 		
$05AC	$1C03			BTFSS	STATUS, C
;math.ppas,262 :: 		
$05AD	$2D93			GOTO	$-26
;math.ppas,263 :: 		
$05AE	$1C7D			BTFSS	STACK_13, 0
;math.ppas,265 :: 		
$05AF	$2DBB			GOTO	$+12
;math.ppas,266 :: 		
$05B0	$09FB			COMF	STACK_11, F
;math.ppas,267 :: 		
$05B1	$09FA			COMF	STACK_10, F
;math.ppas,268 :: 		
$05B2	$09F9			COMF	STACK_9, F
;math.ppas,270 :: 		
$05B3	$09F8			COMF	STACK_8, F
;math.ppas,271 :: 		
$05B4	$0AF8			INCF	STACK_8, F
;math.ppas,272 :: 		
$05B5	$1903			BTFSC	STATUS, Z
;math.ppas,273 :: 		
$05B6	$0AF9			INCF	STACK_9, F
;math.ppas,274 :: 		
$05B7	$1903			BTFSC	STATUS, Z
;math.ppas,275 :: 		
$05B8	$0AFA			INCF	STACK_10, F
;math.ppas,276 :: 		
$05B9	$1903			BTFSC	STATUS, Z
;math.ppas,278 :: 		
$05BA	$0AFB			INCF	STACK_11, F
;math.ppas,279 :: 		
$05BB	$087B			MOVF	STACK_11, W
;math.ppas,280 :: 		
$05BC	$00F3			MOVWF	STACK_3
;math.ppas,281 :: 		
$05BD	$087A			MOVF	STACK_10, W
;math.ppas,282 :: 		
$05BE	$00F2			MOVWF	STACK_2
;math.ppas,283 :: 		
$05BF	$0879			MOVF	STACK_9, W
;math.ppas,284 :: 		
$05C0	$00F1			MOVWF	STACK_1
;math.ppas,285 :: 		
$05C1	$0878			MOVF	STACK_8, W
;math.ppas,286 :: 		
$05C2	$00F0			MOVWF	STACK_0
;math.ppas,287 :: 		
$05C3	$	math_L_5:
;math.ppas,288 :: 		
$05C3	$0008			RETURN
$031A	$	_main:
;DriverDeControle.pbas,76 :: 		main:
$031A	$	_main_main:
;DriverDeControle.pbas,77 :: 		TRISA=%11111000
$031A	$30F8			MOVLW	248
$031B	$1303			BCF	STATUS, RP1
$031C	$1683			BSF	STATUS, RP0
$031D	$0085			MOVWF	TRISA
;DriverDeControle.pbas,78 :: 		TRISB=%01111111
$031E	$307F			MOVLW	127
$031F	$0086			MOVWF	TRISB
;DriverDeControle.pbas,79 :: 		TRISC=%00000000
$0320	$0187			CLRF	TRISC, 1
;DriverDeControle.pbas,80 :: 		INTCON=%00000000
$0321	$018B			CLRF	INTCON, 1
;DriverDeControle.pbas,81 :: 		ANSEL=%00000000
$0322	$1703			BSF	STATUS, RP1
$0323	$1283			BCF	STATUS, RP0
$0324	$019E			CLRF	ANSEL, 1
;DriverDeControle.pbas,82 :: 		ANSELH=%00000000
$0325	$019F			CLRF	ANSELH, 1
;DriverDeControle.pbas,83 :: 		PORTC=0
$0326	$1303			BCF	STATUS, RP1
$0327	$0187			CLRF	PORTC, 1
;DriverDeControle.pbas,85 :: 		Usart_Init(9600)
$0328	$3019			MOVLW	25
$0329	$1683			BSF	STATUS, RP0
$032A	$0099			MOVWF	SPBRG
$032B	$1518			BSF	TXSTA, BRGH
$032C	$26C6			CALL	_usart_init
;DriverDeControle.pbas,87 :: 		tmpOn=50
$032D	$3032			MOVLW	50
$032E	$00A8			MOVWF	_tmpon
$032F	$01A9			CLRF	_tmpon+1
;DriverDeControle.pbas,88 :: 		tmpOff=0
$0330	$01AC			CLRF	_tmpoff
$0331	$01AD			CLRF	_tmpoff+1
;DriverDeControle.pbas,89 :: 		s1=false
$0332	$01A7			CLRF	_s1, 1
;DriverDeControle.pbas,90 :: 		s2=false
$0333	$01AA			CLRF	_s2, 1
;DriverDeControle.pbas,91 :: 		s3=false
$0334	$01AB			CLRF	_s3, 1
;DriverDeControle.pbas,93 :: 		executa:
$0335	$	_main_executa:
;DriverDeControle.pbas,94 :: 		if Usart_Data_Ready() > 0 then
$0335	$26FC			CALL	_usart_data_ready
$0336	$0870			MOVF	STACK_0, 0
$0337	$3C00			SUBLW	0
$0338	$1803			BTFSC	STATUS, C
$0339	$2BBA			GOTO	DriverDeControle_L_25
$033A	$	DriverDeControle_L_24:
;DriverDeControle.pbas,96 :: 		Usart_Read_Text(valorStr,"-")
$033A	$302E			MOVLW	_valorstr
$033B	$00C1			MOVWF	FARG_Usart_Read_Text
$033C	$302D			MOVLW	45
$033D	$00BE			MOVWF	?main_Local_Text+0
$033E	$01BF			CLRF	?main_Local_Text+1
$033F	$303E			MOVLW	?main_Local_Text
$0340	$00C2			MOVWF	FARG_Usart_Read_Text+1
$0341	$2538			CALL	_usart_read_text
;DriverDeControle.pbas,97 :: 		Usart_Read_Text(invert,"/")
$0342	$3035			MOVLW	_invert
$0343	$00C1			MOVWF	FARG_Usart_Read_Text
$0344	$302F			MOVLW	47
$0345	$00BE			MOVWF	?main_Local_Text+0
$0346	$01BF			CLRF	?main_Local_Text+1
$0347	$303E			MOVLW	?main_Local_Text
$0348	$00C2			MOVWF	FARG_Usart_Read_Text+1
$0349	$2538			CALL	_usart_read_text
;DriverDeControle.pbas,98 :: 		valor = StrToInt(valorStr)
$034A	$302E			MOVLW	_valorstr
$034B	$00C1			MOVWF	FARG_StrToInt
$034C	$2258			CALL	_strtoint
$034D	$0870			MOVF	STACK_0, 0
$034E	$00BC			MOVWF	_valor
$034F	$0871			MOVF	STACK_0+1, 0
$0350	$00BD			MOVWF	_valor+1
;DriverDeControle.pbas,100 :: 		if strcmp(invert, "PN") = 0 then
$0351	$3035			MOVLW	_invert
$0352	$00C1			MOVWF	FARG_strcmp
$0353	$3050			MOVLW	80
$0354	$00BE			MOVWF	?main_Local_Text+0
$0355	$304E			MOVLW	78
$0356	$00BF			MOVWF	?main_Local_Text+1
$0357	$01C0			CLRF	?main_Local_Text+2
$0358	$303E			MOVLW	?main_Local_Text
$0359	$00C2			MOVWF	FARG_strcmp+1
$035A	$25C4			CALL	_strcmp
$035B	$3000			MOVLW	0
$035C	$0671			XORWF	STACK_0+1, 0
$035D	$1D03			BTFSS	STATUS, Z
$035E	$2B61			GOTO	L_main_5
$035F	$3000			MOVLW	0
$0360	$0670			XORWF	STACK_0, 0
$0361	$	L_main_5:
$0361	$1D03			BTFSS	STATUS, Z
$0362	$2B67			GOTO	DriverDeControle_L_28
$0363	$	DriverDeControle_L_27:
;DriverDeControle.pbas,101 :: 		s1 = true
$0363	$30FF			MOVLW	255
$0364	$00A7			MOVWF	_s1
;DriverDeControle.pbas,102 :: 		porta.0 = 1
$0365	$	DriverDeControle_L_30:
$0365	$1405			BSF	PORTA, 0
$0366	$	DriverDeControle_L_31:
$0366	$2B69			GOTO	DriverDeControle_L_29
;DriverDeControle.pbas,103 :: 		else
$0367	$	DriverDeControle_L_28:
;DriverDeControle.pbas,104 :: 		s1 = false
$0367	$01A7			CLRF	_s1, 1
;DriverDeControle.pbas,105 :: 		porta.0 = 0
$0368	$1005			BCF	PORTA, 0
$0369	$	DriverDeControle_L_33:
;DriverDeControle.pbas,106 :: 		end if
$0369	$	DriverDeControle_L_29:
;DriverDeControle.pbas,108 :: 		if strcmp(invert, "SN") = 0 then
$0369	$3035			MOVLW	_invert
$036A	$00C1			MOVWF	FARG_strcmp
$036B	$3053			MOVLW	83
$036C	$00BE			MOVWF	?main_Local_Text+0
$036D	$304E			MOVLW	78
$036E	$00BF			MOVWF	?main_Local_Text+1
$036F	$01C0			CLRF	?main_Local_Text+2
$0370	$303E			MOVLW	?main_Local_Text
$0371	$00C2			MOVWF	FARG_strcmp+1
$0372	$25C4			CALL	_strcmp
$0373	$3000			MOVLW	0
$0374	$0671			XORWF	STACK_0+1, 0
$0375	$1D03			BTFSS	STATUS, Z
$0376	$2B79			GOTO	L_main_6
$0377	$3000			MOVLW	0
$0378	$0670			XORWF	STACK_0, 0
$0379	$	L_main_6:
$0379	$1D03			BTFSS	STATUS, Z
$037A	$2B7F			GOTO	DriverDeControle_L_35
$037B	$	DriverDeControle_L_34:
;DriverDeControle.pbas,109 :: 		s2 = true
$037B	$30FF			MOVLW	255
$037C	$00AA			MOVWF	_s2
;DriverDeControle.pbas,110 :: 		porta.1 = 1
$037D	$	DriverDeControle_L_37:
$037D	$1485			BSF	PORTA, 1
$037E	$	DriverDeControle_L_38:
$037E	$2B81			GOTO	DriverDeControle_L_36
;DriverDeControle.pbas,111 :: 		else
$037F	$	DriverDeControle_L_35:
;DriverDeControle.pbas,112 :: 		s2 = false
$037F	$01AA			CLRF	_s2, 1
;DriverDeControle.pbas,113 :: 		porta.1 = 0
$0380	$1085			BCF	PORTA, 1
$0381	$	DriverDeControle_L_40:
;DriverDeControle.pbas,114 :: 		end if
$0381	$	DriverDeControle_L_36:
;DriverDeControle.pbas,116 :: 		if strcmp(invert, "AN") = 0 then
$0381	$3035			MOVLW	_invert
$0382	$00C1			MOVWF	FARG_strcmp
$0383	$3041			MOVLW	65
$0384	$00BE			MOVWF	?main_Local_Text+0
$0385	$304E			MOVLW	78
$0386	$00BF			MOVWF	?main_Local_Text+1
$0387	$01C0			CLRF	?main_Local_Text+2
$0388	$303E			MOVLW	?main_Local_Text
$0389	$00C2			MOVWF	FARG_strcmp+1
$038A	$25C4			CALL	_strcmp
$038B	$3000			MOVLW	0
$038C	$0671			XORWF	STACK_0+1, 0
$038D	$1D03			BTFSS	STATUS, Z
$038E	$2B91			GOTO	L_main_7
$038F	$3000			MOVLW	0
$0390	$0670			XORWF	STACK_0, 0
$0391	$	L_main_7:
$0391	$1D03			BTFSS	STATUS, Z
$0392	$2B99			GOTO	DriverDeControle_L_42
$0393	$	DriverDeControle_L_41:
;DriverDeControle.pbas,117 :: 		s3 = true
$0393	$30FF			MOVLW	255
$0394	$00AB			MOVWF	_s3
;DriverDeControle.pbas,118 :: 		porta.0 = 1
$0395	$	DriverDeControle_L_44:
$0395	$1405			BSF	PORTA, 0
$0396	$	DriverDeControle_L_45:
;DriverDeControle.pbas,119 :: 		porta.1 = 1
$0396	$	DriverDeControle_L_46:
$0396	$1485			BSF	PORTA, 1
$0397	$	DriverDeControle_L_47:
;DriverDeControle.pbas,120 :: 		porta.2 = 1
$0397	$	DriverDeControle_L_48:
$0397	$1505			BSF	PORTA, 2
$0398	$	DriverDeControle_L_49:
$0398	$2B9D			GOTO	DriverDeControle_L_43
;DriverDeControle.pbas,121 :: 		else
$0399	$	DriverDeControle_L_42:
;DriverDeControle.pbas,122 :: 		s3 = false
$0399	$01AB			CLRF	_s3, 1
;DriverDeControle.pbas,123 :: 		porta.1 = 0
$039A	$1085			BCF	PORTA, 1
$039B	$	DriverDeControle_L_51:
;DriverDeControle.pbas,124 :: 		porta.2 = 0
$039B	$1105			BCF	PORTA, 2
$039C	$	DriverDeControle_L_53:
;DriverDeControle.pbas,125 :: 		porta.2 = 0
$039C	$1105			BCF	PORTA, 2
$039D	$	DriverDeControle_L_55:
;DriverDeControle.pbas,126 :: 		end if
$039D	$	DriverDeControle_L_43:
;DriverDeControle.pbas,128 :: 		motor = valor div 1000
$039D	$30E8			MOVLW	232
$039E	$00F4			MOVWF	STACK_4
$039F	$3003			MOVLW	3
$03A0	$00F5			MOVWF	STACK_4+1
$03A1	$083C			MOVF	_valor, 0
$03A2	$00F0			MOVWF	STACK_0
$03A3	$083D			MOVF	_valor+1, 0
$03A4	$00F1			MOVWF	STACK_0+1
$03A5	$24DE			CALL	_div_16x16_s
$03A6	$0870			MOVF	STACK_0, 0
$03A7	$00A5			MOVWF	_motor
$03A8	$0871			MOVF	STACK_0+1, 0
$03A9	$00A6			MOVWF	_motor+1
;DriverDeControle.pbas,129 :: 		ciclo = valor - (motor * 1000)
$03AA	$30E8			MOVLW	232
$03AB	$00F4			MOVWF	STACK_4
$03AC	$3003			MOVLW	3
$03AD	$00F5			MOVWF	STACK_4+1
$03AE	$257B			CALL	_mul_16x16_s
$03AF	$0870			MOVF	STACK_0, 0
$03B0	$023C			SUBWF	_valor, 0
$03B1	$00A3			MOVWF	_ciclo
$03B2	$0871			MOVF	STACK_0+1, 0
$03B3	$1C03			BTFSS	STATUS, C
$03B4	$3F01			ADDLW	1
$03B5	$023D			SUBWF	_valor+1, 0
$03B6	$00A4			MOVWF	_ciclo+1
;DriverDeControle.pbas,130 :: 		giraMotor()
$03B7	$2004			CALL	_giramotor
;DriverDeControle.pbas,132 :: 		valorStr=""
$03B8	$01AE			CLRF	_valorstr+0
;DriverDeControle.pbas,133 :: 		invert=""
$03B9	$01B5			CLRF	_invert+0
$03BA	$	DriverDeControle_L_25:
;DriverDeControle.pbas,135 :: 		end if
$03BA	$	DriverDeControle_L_26:
;DriverDeControle.pbas,137 :: 		goto executa
$03BA	$2B35			GOTO	_main_executa
$03BB	$2BBB			GOTO	$


//** Procedures locations **
//ADDRESS		PROCEDURE
//----------------------------------------------
$0004		giraMotor
$012A		SDIV3232L
$0258		StrToInt
$031A		main
$03BC		Div_32x32_S
$0456		VDelay_ms
$04DE		Div_16x16_S
$0538		Usart_Read_Text
$057B		Mul_16x16_S
$05C4		strcmp
$060A		Mul_32x32_S
$0645		Mul_32x32_U
$067C		Div_16x16_S_L
$06A9		Div_16x16_U
$06C6		USART_Init
$06DB		USART_Read
$06EE		COMFREM
$06FC		USART_Data_Ready


//** Labels locations **
//ADDRESS		LABEL
//----------------------------------------------
$0004		_giramotor:
$0009		DriverDeControle_L_1:
$0013		L_giraMotor_0:
$001B		L_giraMotor_1:
$001D		DriverDeControle_L_5:
$0021		DriverDeControle_L_8:
$003E		DriverDeControle_L_9:
$005A		DriverDeControle_L_10:
$005A		DriverDeControle_L_6:
$005A		DriverDeControle_L_7:
$0060		L_giraMotor_2:
$0062		DriverDeControle_L_11:
$0066		DriverDeControle_L_14:
$0083		DriverDeControle_L_15:
$009F		DriverDeControle_L_12:
$009F		DriverDeControle_L_13:
$009F		DriverDeControle_L_16:
$00A5		L_giraMotor_3:
$00A7		DriverDeControle_L_17:
$00AB		DriverDeControle_L_20:
$00E4		DriverDeControle_L_21:
$011C		DriverDeControle_L_18:
$011C		DriverDeControle_L_19:
$011C		DriverDeControle_L_22:
$0122		L_giraMotor_4:
$0124		DriverDeControle_L_2:
$0128		DriverDeControle_L_4:
$0129		DriverDeControle_L_0:
$012A		_sdiv3232l:
$013D		LOOPS3232A:
$0153		SADD22LA:
$0160		SOK22LA:
$0179		SADD22L8:
$0186		SOK22L8:
$0189		LOOPS3232B:
$019F		SADD22LB:
$01AC		SOK22LB:
$01C5		SADD22L16:
$01D2		SOK22L16:
$01D5		LOOPS3232C:
$01EB		SADD22LC:
$01F8		SOK22LC:
$0211		SADD22L24:
$021E		SOK22L24:
$0221		LOOPS3232D:
$0237		SADD22LD:
$0244		SOK22LD:
$0257		math_L_9:
$0257		SOK22L:
$0258		_strtoint:
$0268		conv_L_172:
$027A		conv_L_176:
$0281		conv_L_177:
$0281		conv_L_178:
$028A		conv_L_179:
$02C4		conv_L_180:
$02C4		conv_L_181:
$02D4		conv_L_173:
$02D8		conv_L_182:
$02DC		conv_L_183:
$02DF		conv_L_184:
$02DF		conv_L_186:
$02E5		L_StrToInt_20:
$0301		conv_L_187:
$030B		L_StrToInt_21:
$030D		conv_L_190:
$0315		conv_L_170:
$0315		conv_L_191:
$0315		conv_L_192:
$031A		_main:
$031A		_main_main:
$0335		_main_executa:
$033A		DriverDeControle_L_24:
$0361		L_main_5:
$0363		DriverDeControle_L_27:
$0365		DriverDeControle_L_30:
$0366		DriverDeControle_L_31:
$0367		DriverDeControle_L_28:
$0369		DriverDeControle_L_29:
$0369		DriverDeControle_L_33:
$0379		L_main_6:
$037B		DriverDeControle_L_34:
$037D		DriverDeControle_L_37:
$037E		DriverDeControle_L_38:
$037F		DriverDeControle_L_35:
$0381		DriverDeControle_L_36:
$0381		DriverDeControle_L_40:
$0391		L_main_7:
$0393		DriverDeControle_L_41:
$0395		DriverDeControle_L_44:
$0396		DriverDeControle_L_45:
$0396		DriverDeControle_L_46:
$0397		DriverDeControle_L_47:
$0397		DriverDeControle_L_48:
$0398		DriverDeControle_L_49:
$0399		DriverDeControle_L_42:
$039B		DriverDeControle_L_51:
$039C		DriverDeControle_L_53:
$039D		DriverDeControle_L_43:
$039D		DriverDeControle_L_55:
$03BA		DriverDeControle_L_25:
$03BA		DriverDeControle_L_26:
$03BC		_div_32x32_s:
$03BE		FXD3232S:
$03DE		CA3232S:
$03EB		C3232SX:
$03F0		C3232S:
$03F1		C3232S2:
$03F3		C3232SOK:
$040C		C3232SX1:
$041D		C3232SX2:
$0423		C3232SX3:
$0429		C3232SX4:
$0450		END_ALL:
$0454		AVOID_COMFREM:
$0455		math_L_11:
$0456		_vdelay_ms:
$0483		L_VDelay_ms_0:
$0485		delays_L_18:
$0486		delays_L_19:
$0486		delays_L_20:
$04B5		L_VDelay_ms_1:
$04BE		delays_L_22:
$04BE		L_VDelay_ms_2:
$04DD		delays_L_17:
$04DD		delays_L_23:
$04DE		_div_16x16_s:
$0537		math_L_7:
$0538		_usart_read_text:
$0541		USART_b75_L_29:
$0546		USART_b75_L_33:
$0556		USART_b75_L_36:
$055B		USART_b75_L_37:
$055D		USART_b75_L_38:
$0568		USART_b75_L_39:
$0569		USART_b75_L_40:
$0569		USART_b75_L_41:
$056E		USART_b75_L_42:
$0571		USART_b75_L_34:
$0571		USART_b75_L_35:
$0571		USART_b75_L_43:
$0571		USART_b75_L_44:
$0572		USART_b75_L_30:
$057A		USART_b75_L_27:
$057B		_mul_16x16_s:
$05C3		math_L_5:
$05C4		_strcmp:
$05D6		StringsLib_L_77:
$05DC		L_strcmp_8:
$0605		StringsLib_L_75:
$0605		StringsLib_L_78:
$060A		_mul_32x32_s:
$060D		_IF_FIRST:
$060F		_INVERCE_FIRST:
$061C		_IF_SECOND:
$061E		_INBERSE_SECOND:
$062A		_MULT:
$0644		_EXIT:
$0644		math_L_14:
$0645		_mul_32x32_u:
$064D		_NEXT:
$0651		_LOOP:
$066D		_EXIT1:
$067B		_EXIT2:
$067B		math_L_13:
$067C		_div_16x16_s_l:
$06A8		math_L_6:
$06A9		_div_16x16_u:
$06C5		math_L_3:
$06C6		_usart_init:
$06C6		USART_b75_L_1:
$06C9		USART_b75_L_2:
$06CC		USART_b75_L_3:
$06CE		USART_b75_L_4:
$06CE		USART_b75_L_5:
$06CF		USART_b75_L_6:
$06CF		USART_b75_L_8:
$06DA		USART_b75_L_0:
$06DA		USART_b75_L_9:
$06DB		_usart_read:
$06E9		USART_b75_L_20:
$06EA		USART_b75_L_24:
$06EA		USART_b75_L_25:
$06EB		USART_b75_L_19:
$06EB		USART_b75_L_21:
$06EB		USART_b75_L_22:
$06EB		USART_b75_L_26:
$06EE		_comfrem:
$06FB		math_L_10:
$06FC		_usart_data_ready:
$0706		USART_b75_L_18:


//** Variables locations **
//ADDRESS		VARIABLE
//----------------------------------------------
$0000		INDF
$0002		PCL
$0003		STATUS
$0004		FSR
$0005		PORTA
$0007		PORTC
$000A		PCLATH
$000B		INTCON
$000C		PIR1
$0018		RCSTA
$001A		RCREG
$0020		math___math_tempb
$0021		_x
$0023		_ciclo
$0025		_motor
$0027		_s1
$0028		_tmpon
$002A		_s2
$002B		_s3
$002C		_tmpoff
$002E		_valorstr
$0035		_invert
$003C		_valor
$003E		?main_Local_Text
$0041		FARG_strcmp
$0041		FARG_StrToInt
$0041		FARG_USART_Init
$0041		FARG_Usart_Read_Text
$0042		_strtoint_local_result
$0042		FARG_strcmp+1
$0042		FARG_Usart_Read_Text+1
$0043		_strcmp_local_result
$0043		_usart_read_text_local_i
$0044		_strtoint_local_i
$0044		_usart_read_text_local_j
$0045		_strcmp_local_i
$0045		_usart_read_text_local_data
$0046		_strtoint_local_ep
$0046		_usart_read_text_local_data2
$0047		_usart_read_text_local_lasti
$0048		_strtoint_local_negative
$004A		_strtoint_local_tmp
$004E		_usart_data_ready_local_result
$004E		_usart_read_local_result
$004E		FARG_VDelay_ms
$0050		_vdelay_ms_local_numberofcyc
$0070		STACK_0
$0071		STACK_1
$0072		STACK_2
$0073		STACK_3
$0074		STACK_4
$0075		STACK_5
$0076		STACK_6
$0077		STACK_7
$0078		STACK_8
$0079		STACK_9
$007A		STACK_10
$007B		STACK_11
$007C		STACK_12
$007D		STACK_13
$007E		STACK_14
$007F		STACK_15
$0085		TRISA
$0086		TRISB
$0087		TRISC
$0098		TXSTA
$0099		SPBRG
$011E		ANSEL
$011F		ANSELH


